2020.05.08 14:31:47 INFO  started: Metals version 0.9.0 in workspace '/Users/x1Dman/Desktop/Study/6_sem/functionalProgramming/lab_4/src/main/scala'
2020.05.08 14:31:47 INFO  time: initialize in 0.58s
2020.05.08 14:31:49 WARN  no build tool detected in workspace '/Users/x1Dman/Desktop/Study/6_sem/functionalProgramming/lab_4/src/main/scala'. The most common cause for this problem is that the editor was opened in the wrong working directory, for example if you use sbt then the workspace directory should contain build.sbt. 
2020.05.08 14:31:49 INFO  no build target: using presentation compiler with only scala-library
2020.05.08 14:31:53 WARN  no build target for: /Users/x1Dman/Desktop/Study/6_sem/functionalProgramming/lab_4/src/main/scala/Khusnutdinov_lab_4.scala
May 08, 2020 2:33:10 PM org.eclipse.lsp4j.jsonrpc.RemoteEndpoint handleCancellation
WARNING: Unmatched cancel notification for request id 20
2020.05.08 14:36:44 WARN  no build target for: /Users/x1Dman/Desktop/Study/6_sem/functionalProgramming/tema_lab_2/src/main/scala/Main.scala
2020.05.08 14:37:07 WARN  no build target for: /Users/x1Dman/Desktop/Study/6_sem/functionalProgramming/lab_4/src/main/scala/Khusnutdinov_lab_4.scala
2020.05.08 14:37:55 WARN  no build target for: /Users/x1Dman/Desktop/Study/6_sem/functionalProgramming/lab_4/src/main/scala/Khusnutdinov_lab_4.scala
2020.05.08 14:37:59 WARN  no build target for: /Users/x1Dman/Desktop/Study/6_sem/functionalProgramming/lab_4/src/main/scala/Khusnutdinov_lab_4.scala
2020.05.08 14:38:13 WARN  no build target for: /Users/x1Dman/Desktop/Study/6_sem/functionalProgramming/lab_4/src/main/scala/Khusnutdinov_lab_4.scala
2020.05.09 01:08:15 WARN  no build target for: /Users/x1Dman/Desktop/Study/6_sem/functionalProgramming/lab_4/src/main/scala/Khusnutdinov_lab_4.scala
2020.05.12 09:12:51 WARN  no build target for: /Users/x1Dman/Desktop/Study/6_sem/functionalProgramming/lab_4/src/main/scala/Khusnutdinov_lab_4.scala
2020.05.12 11:39:22 WARN  no build target for: /Users/x1Dman/Desktop/Study/6_sem/functionalProgramming/lab_4_tema/src/main/scala/Khusnutdinov_lab_4.scala
2020.05.12 11:39:31 WARN  no build target for: /Users/x1Dman/Desktop/Study/6_sem/functionalProgramming/lab_4_tema/src/main/scala/Khusnutdinov_lab_4.scala
2020.05.12 11:40:34 WARN  no build target for: /Users/x1Dman/Desktop/Study/6_sem/functionalProgramming/lab_4_tema/src/main/scala/Khusnutdinov_lab_4.scala
2020.05.12 11:40:34 WARN  no build target for: /Users/x1Dman/Desktop/Study/6_sem/functionalProgramming/lab_4_tema/src/main/scala/Khusnutdinov_lab_4.scala
2020.05.12 11:40:34 WARN  no build target for: /Users/x1Dman/Desktop/Study/6_sem/functionalProgramming/lab_4_tema/src/main/scala/Khusnutdinov_lab_4.scala
2020.05.12 11:40:43 WARN  no build target for: /Users/x1Dman/Desktop/Study/6_sem/functionalProgramming/lab_4_tema/src/main/scala/Khusnutdinov_lab_4.scala
2020.05.12 11:40:44 WARN  no build target for: /Users/x1Dman/Desktop/Study/6_sem/functionalProgramming/lab_4_tema/src/main/scala/Khusnutdinov_lab_4.scala
2020.05.12 11:40:47 WARN  no build target for: /Users/x1Dman/Desktop/Study/6_sem/functionalProgramming/lab_4_tema/src/main/scala/Khusnutdinov_lab_4.scala
2020.05.12 11:40:54 WARN  no build target for: /Users/x1Dman/Desktop/Study/6_sem/functionalProgramming/lab_4_tema/src/main/scala/Khusnutdinov_lab_4.scala
2020.05.12 11:40:55 WARN  no build target for: /Users/x1Dman/Desktop/Study/6_sem/functionalProgramming/lab_4_tema/src/main/scala/Khusnutdinov_lab_4.scala
2020.05.12 11:40:59 WARN  no build target for: /Users/x1Dman/Desktop/Study/6_sem/functionalProgramming/lab_4_tema/src/main/scala/Khusnutdinov_lab_4.scala
2020.05.12 11:41:21 WARN  no build target for: /Users/x1Dman/Desktop/Study/6_sem/functionalProgramming/lab_4_tema/src/main/scala/Khusnutdinov_lab_4.scala
2020.05.12 11:41:24 WARN  no build tool detected in workspace '/Users/x1Dman/Desktop/Study/6_sem/functionalProgramming/lab_4/src/main/scala'. The most common cause for this problem is that the editor was opened in the wrong working directory, for example if you use sbt then the workspace directory should contain build.sbt. 
2020.05.12 11:41:24 WARN  no build target for: /Users/x1Dman/Desktop/Study/6_sem/functionalProgramming/lab_4_tema/src/main/scala/Khusnutdinov_lab_4.scala
2020.05.12 11:41:38 WARN  no build target for: /Users/x1Dman/Desktop/Study/6_sem/functionalProgramming/lab_4_tema/src/main/scala/Khusnutdinov_lab_4.scala
2020.05.12 11:43:00 WARN  no build target for: /Users/x1Dman/Desktop/Study/6_sem/functionalProgramming/lab_4_tema/src/main/scala/Khusnutdinov_lab_4.scala
2020.05.12 11:43:29 WARN  no build target for: /Users/x1Dman/Desktop/Study/6_sem/functionalProgramming/tema_lab_2/src/main/scala/Main.scala
2020.05.12 11:44:03 WARN  no build target for: /Users/x1Dman/Desktop/Study/6_sem/functionalProgramming/nika_lab_2/src/main/scala/Main.scala
2020.05.12 11:45:08 WARN  no build target for: /Users/x1Dman/Desktop/Study/6_sem/functionalProgramming/lab_4_tema/src/main/scala/Khusnutdinov_lab_4.scala
2020.05.12 11:45:43 WARN  no build target for: /Users/x1Dman/Desktop/Study/6_sem/functionalProgramming/lab_4_tema/src/main/scala/Khusnutdinov_lab_4.scala
2020.05.12 11:45:46 WARN  no build target for: /Users/x1Dman/Desktop/Study/6_sem/functionalProgramming/lab_4_tema/src/main/scala/Khusnutdinov_lab_4.scala
2020.05.12 11:45:50 WARN  no build target for: /Users/x1Dman/Desktop/Study/6_sem/functionalProgramming/lab_4_tema/src/main/scala/Khusnutdinov_lab_4.scala
2020.05.12 11:45:55 WARN  no build target for: /Users/x1Dman/Desktop/Study/6_sem/functionalProgramming/lab_4_tema/src/main/scala/Khusnutdinov_lab_4.scala
2020.05.12 11:46:11 WARN  no build target for: /Users/x1Dman/Desktop/Study/6_sem/functionalProgramming/lab_4_tema/src/main/scala/Khusnutdinov_lab_4.scala
May 12, 2020 11:46:48 AM org.eclipse.lsp4j.jsonrpc.RemoteEndpoint handleCancellation
WARNING: Unmatched cancel notification for request id 816
May 12, 2020 11:46:52 AM org.eclipse.lsp4j.jsonrpc.RemoteEndpoint handleCancellation
WARNING: Unmatched cancel notification for request id 828
2020.05.12 11:47:04 WARN  no build target for: /Users/x1Dman/Desktop/Study/6_sem/functionalProgramming/lab_4_tema/src/main/scala/Khusnutdinov_lab_4.scala
2020.05.12 11:47:08 WARN  no build target for: /Users/x1Dman/Desktop/Study/6_sem/functionalProgramming/lab_4_tema/src/main/scala/Khusnutdinov_lab_4.scala
May 12, 2020 11:47:22 AM org.eclipse.lsp4j.jsonrpc.RemoteEndpoint handleCancellation
WARNING: Unmatched cancel notification for request id 909
May 12, 2020 11:47:42 AM org.eclipse.lsp4j.jsonrpc.RemoteEndpoint handleCancellation
WARNING: Unmatched cancel notification for request id 976
2020.05.12 11:47:56 WARN  no build target for: /Users/x1Dman/Desktop/Study/6_sem/functionalProgramming/lab_4_tema/src/main/scala/Khusnutdinov_lab_4.scala
2020.05.12 11:48:09 WARN  no build target for: /Users/x1Dman/Desktop/Study/6_sem/functionalProgramming/lab_4_tema/src/main/scala/Khusnutdinov_lab_4.scala
2020.05.12 11:48:23 WARN  no build target for: /Users/x1Dman/Desktop/Study/6_sem/functionalProgramming/lab_4_tema/src/main/scala/Khusnutdinov_lab_4.scala
2020.05.12 11:48:28 WARN  no build target for: /Users/x1Dman/Desktop/Study/6_sem/functionalProgramming/lab_4_tema/src/main/scala/Khusnutdinov_lab_4.scala
2020.05.12 11:48:48 WARN  no build target for: /Users/x1Dman/Desktop/Study/6_sem/functionalProgramming/lab_4_tema/src/main/scala/Khusnutdinov_lab_4.scala
2020.05.12 11:48:50 WARN  no build target for: /Users/x1Dman/Desktop/Study/6_sem/functionalProgramming/lab_4_tema/src/main/scala/Khusnutdinov_lab_4.scala
2020.05.12 11:50:05 WARN  no build target for: /Users/x1Dman/Desktop/Study/6_sem/functionalProgramming/lab_4_tema/src/main/scala/Khusnutdinov_lab_4.scala
2020.05.12 11:50:12 WARN  no build target for: /Users/x1Dman/Desktop/Study/6_sem/functionalProgramming/lab_4_tema/src/main/scala/Khusnutdinov_lab_4.scala
2020.05.12 11:50:14 WARN  no build target for: /Users/x1Dman/Desktop/Study/6_sem/functionalProgramming/lab_4_tema/src/main/scala/Khusnutdinov_lab_4.scala
2020.05.12 11:50:32 WARN  no build tool detected in workspace '/Users/x1Dman/Desktop/Study/6_sem/functionalProgramming/lab_4/src/main/scala'. The most common cause for this problem is that the editor was opened in the wrong working directory, for example if you use sbt then the workspace directory should contain build.sbt. 
2020.05.12 11:50:32 WARN  no build target for: /Users/x1Dman/Desktop/Study/6_sem/functionalProgramming/lab_4_tema/src/main/scala/Khusnutdinov_lab_4.scala
May 12, 2020 11:50:43 AM org.eclipse.lsp4j.jsonrpc.RemoteEndpoint handleCancellation
WARNING: Unmatched cancel notification for request id 1249
2020.05.12 11:51:46 WARN  no build tool detected in workspace '/Users/x1Dman/Desktop/Study/6_sem/functionalProgramming/lab_4/src/main/scala'. The most common cause for this problem is that the editor was opened in the wrong working directory, for example if you use sbt then the workspace directory should contain build.sbt. 
2020.05.12 11:51:46 WARN  no build target for: /Users/x1Dman/Desktop/Study/6_sem/functionalProgramming/lab_4_tema/src/main/scala/Khusnutdinov_lab_4.scala
2020.05.12 11:51:48 WARN  no build target for: /Users/x1Dman/Desktop/Study/6_sem/functionalProgramming/lab_4_tema/src/main/scala/Khusnutdinov_lab_4.scala
May 12, 2020 11:52:19 AM org.eclipse.lsp4j.jsonrpc.RemoteEndpoint handleCancellation
WARNING: Unmatched cancel notification for request id 1599
2020.05.12 11:52:26 WARN  no build target for: /Users/x1Dman/Desktop/Study/6_sem/functionalProgramming/lab_4_tema/src/main/scala/Khusnutdinov_lab_4.scala
2020.05.12 11:53:25 WARN  no build target for: /Users/x1Dman/Desktop/Study/6_sem/functionalProgramming/lab_4_tema/src/main/scala/Khusnutdinov_lab_4.scala
2020.05.12 11:53:26 WARN  no build target for: /Users/x1Dman/Desktop/Study/6_sem/functionalProgramming/lab_4_tema/src/main/scala/Khusnutdinov_lab_4.scala
2020.05.12 12:04:09 WARN  no build target for: /Users/x1Dman/Desktop/Study/6_sem/functionalProgramming/lab_4_tema/src/main/scala/Khusnutdinov_lab_4.scala
2020.05.12 12:04:09 WARN  no build tool detected in workspace '/Users/x1Dman/Desktop/Study/6_sem/functionalProgramming/lab_4/src/main/scala'. The most common cause for this problem is that the editor was opened in the wrong working directory, for example if you use sbt then the workspace directory should contain build.sbt. 
2020.05.12 12:05:36 WARN  no build target for: /Users/x1Dman/Desktop/Study/6_sem/functionalProgramming/lab_4_tema/src/main/scala/Khusnutdinov_lab_4.scala
2020.05.12 12:06:20 WARN  no build target for: /Users/x1Dman/Desktop/Study/6_sem/functionalProgramming/lab_4_tema/src/main/scala/Khusnutdinov_lab_4.scala
2020.05.12 12:06:21 WARN  no build target for: /Users/x1Dman/Desktop/Study/6_sem/functionalProgramming/lab_4_tema/src/main/scala/Khusnutdinov_lab_4.scala
2020.05.12 12:06:24 WARN  no build target for: /Users/x1Dman/Desktop/Study/6_sem/functionalProgramming/lab_4_tema/src/main/scala/Khusnutdinov_lab_4.scala
2020.05.12 12:06:39 WARN  no build target for: /Users/x1Dman/Desktop/Study/6_sem/functionalProgramming/lab_4_tema/src/main/scala/Khusnutdinov_lab_4.scala
2020.05.12 12:06:39 WARN  no build target for: /Users/x1Dman/Desktop/Study/6_sem/functionalProgramming/lab_4_tema/src/main/scala/Khusnutdinov_lab_4.scala
2020.05.12 12:06:41 WARN  no build target for: /Users/x1Dman/Desktop/Study/6_sem/functionalProgramming/lab_4_tema/src/main/scala/Khusnutdinov_lab_4.scala
2020.05.12 12:06:43 WARN  no build target for: /Users/x1Dman/Desktop/Study/6_sem/functionalProgramming/lab_4_tema/src/main/scala/Khusnutdinov_lab_4.scala
2020.05.12 12:06:43 WARN  no build target for: /Users/x1Dman/Desktop/Study/6_sem/functionalProgramming/lab_4_tema/src/main/scala/Khusnutdinov_lab_4.scala
2020.05.12 12:06:44 WARN  no build target for: /Users/x1Dman/Desktop/Study/6_sem/functionalProgramming/lab_4_tema/src/main/scala/Khusnutdinov_lab_4.scala
2020.05.12 12:06:59 WARN  no build target for: /Users/x1Dman/Desktop/Study/6_sem/functionalProgramming/lab_4_tema/src/main/scala/Khusnutdinov_lab_4.scala
2020.05.12 12:07:38 WARN  no build target for: /Users/x1Dman/Desktop/Study/6_sem/functionalProgramming/lab_4_tema/src/main/scala/Khusnutdinov_lab_4.scala
2020.05.12 12:08:29 WARN  no build target for: /Users/x1Dman/Desktop/Study/6_sem/functionalProgramming/lab_4_tema/src/main/scala/Khusnutdinov_lab_4.scala
2020.05.12 12:08:33 WARN  no build target for: /Users/x1Dman/Desktop/Study/6_sem/functionalProgramming/lab_4_tema/src/main/scala/Khusnutdinov_lab_4.scala
2020.05.12 12:08:49 WARN  no build target for: /Users/x1Dman/Desktop/Study/6_sem/functionalProgramming/lab_4_tema/src/main/scala/Khusnutdinov_lab_4.scala
2020.05.12 12:11:11 WARN  no build target for: /Users/x1Dman/Desktop/Study/6_sem/functionalProgramming/lab_4_tema/src/main/scala/Khusnutdinov_lab_4.scala
2020.05.12 12:11:16 WARN  no build target for: /Users/x1Dman/Desktop/Study/6_sem/functionalProgramming/lab_4_tema/src/main/scala/Khusnutdinov_lab_4.scala
2020.05.12 12:11:52 WARN  no build target for: /Users/x1Dman/Desktop/Study/6_sem/functionalProgramming/lab_4_tema/src/main/scala/Khusnutdinov_lab_4.scala
2020.05.12 12:12:05 WARN  no build target for: /Users/x1Dman/Desktop/Study/6_sem/functionalProgramming/lab_4_tema/src/main/scala/Khusnutdinov_lab_4.scala
2020.05.12 12:12:05 WARN  no build tool detected in workspace '/Users/x1Dman/Desktop/Study/6_sem/functionalProgramming/lab_4/src/main/scala'. The most common cause for this problem is that the editor was opened in the wrong working directory, for example if you use sbt then the workspace directory should contain build.sbt. 
2020.05.12 12:12:28 WARN  no build target for: /Users/x1Dman/Desktop/Study/6_sem/functionalProgramming/lab_4_tema/src/main/scala/Khusnutdinov_lab_4.scala
2020.05.12 12:17:50 WARN  no build target for: /Users/x1Dman/Desktop/Study/6_sem/functionalProgramming/lab_4_tema/src/main/scala/Khusnutdinov_lab_4.scala
2020.05.12 12:17:50 WARN  no build tool detected in workspace '/Users/x1Dman/Desktop/Study/6_sem/functionalProgramming/lab_4/src/main/scala'. The most common cause for this problem is that the editor was opened in the wrong working directory, for example if you use sbt then the workspace directory should contain build.sbt. 
2020.05.12 12:17:50 WARN  no build target for: /Users/x1Dman/Desktop/Study/6_sem/functionalProgramming/lab_4_tema/src/main/scala/Khusnutdinov_lab_4.scala
2020.05.12 12:17:50 WARN  no build tool detected in workspace '/Users/x1Dman/Desktop/Study/6_sem/functionalProgramming/lab_4/src/main/scala'. The most common cause for this problem is that the editor was opened in the wrong working directory, for example if you use sbt then the workspace directory should contain build.sbt. 
2020.05.12 12:17:50 WARN  no build tool detected in workspace '/Users/x1Dman/Desktop/Study/6_sem/functionalProgramming/lab_4/src/main/scala'. The most common cause for this problem is that the editor was opened in the wrong working directory, for example if you use sbt then the workspace directory should contain build.sbt. 
2020.05.12 12:18:08 WARN  no build target for: /Users/x1Dman/Desktop/Study/6_sem/functionalProgramming/lab_4_tema/src/main/scala/Khusnutdinov_lab_4.scala
2020.05.12 12:18:17 WARN  no build target for: /Users/x1Dman/Desktop/Study/6_sem/functionalProgramming/lab_4_tema/src/main/scala/Khusnutdinov_lab_4.scala
2020.05.12 12:18:29 WARN  no build target for: /Users/x1Dman/Desktop/Study/6_sem/functionalProgramming/lab_4_tema/src/main/scala/Khusnutdinov_lab_4.scala
2020.05.12 12:18:47 WARN  no build target for: /Users/x1Dman/Desktop/Study/6_sem/functionalProgramming/lab_4_tema/src/main/scala/Khusnutdinov_lab_4.scala
May 12, 2020 12:19:07 PM org.eclipse.lsp4j.jsonrpc.RemoteEndpoint handleCancellation
WARNING: Unmatched cancel notification for request id 3365
2020.05.12 12:19:10 WARN  no build target for: /Users/x1Dman/Desktop/Study/6_sem/functionalProgramming/lab_4_tema/src/main/scala/Khusnutdinov_lab_4.scala
May 12, 2020 12:19:20 PM scala.meta.internal.pc.completions.Completions completionPosition
SEVERE: null
java.lang.NullPointerException
	at scala.meta.internal.pc.completions.OverrideCompletions$OverrideCompletion.<init>(OverrideCompletions.scala:44)
	at scala.meta.internal.pc.completions.Completions.completionPositionUnsafe(Completions.scala:490)
	at scala.meta.internal.pc.completions.Completions.completionPositionUnsafe$(Completions.scala:402)
	at scala.meta.internal.pc.MetalsGlobal.completionPositionUnsafe(MetalsGlobal.scala:25)
	at scala.meta.internal.pc.completions.Completions.completionPosition(Completions.scala:394)
	at scala.meta.internal.pc.completions.Completions.completionPosition$(Completions.scala:379)
	at scala.meta.internal.pc.MetalsGlobal.completionPosition(MetalsGlobal.scala:25)
	at scala.meta.internal.pc.CompletionProvider.safeCompletionsAt(CompletionProvider.scala:416)
	at scala.meta.internal.pc.CompletionProvider.completions(CompletionProvider.scala:53)
	at scala.meta.internal.pc.ScalaPresentationCompiler.$anonfun$complete$1(ScalaPresentationCompiler.scala:170)
	at scala.meta.internal.pc.CompilerAccess.withSharedCompiler(CompilerAccess.scala:127)
	at scala.meta.internal.pc.CompilerAccess.$anonfun$withInterruptableCompiler$1(CompilerAccess.scala:81)
	at scala.meta.internal.pc.CompilerAccess.$anonfun$onCompilerJobQueue$1(CompilerAccess.scala:185)
	at scala.meta.internal.pc.CompilerJobQueue$Job.run(CompilerJobQueue.scala:101)
	at java.util.concurrent.ThreadPoolExecutor.runWorker(ThreadPoolExecutor.java:1149)
	at java.util.concurrent.ThreadPoolExecutor$Worker.run(ThreadPoolExecutor.java:624)
	at java.lang.Thread.run(Thread.java:748)

May 12, 2020 12:19:20 PM scala.meta.internal.pc.completions.Completions completionPosition
SEVERE: null
java.lang.NullPointerException
	at scala.meta.internal.pc.completions.OverrideCompletions$OverrideCompletion.<init>(OverrideCompletions.scala:44)
	at scala.meta.internal.pc.completions.Completions.completionPositionUnsafe(Completions.scala:490)
	at scala.meta.internal.pc.completions.Completions.completionPositionUnsafe$(Completions.scala:402)
	at scala.meta.internal.pc.MetalsGlobal.completionPositionUnsafe(MetalsGlobal.scala:25)
	at scala.meta.internal.pc.completions.Completions.completionPosition(Completions.scala:394)
	at scala.meta.internal.pc.completions.Completions.completionPosition$(Completions.scala:379)
	at scala.meta.internal.pc.MetalsGlobal.completionPosition(MetalsGlobal.scala:25)
	at scala.meta.internal.pc.CompletionProvider.safeCompletionsAt(CompletionProvider.scala:416)
	at scala.meta.internal.pc.CompletionProvider.completions(CompletionProvider.scala:53)
	at scala.meta.internal.pc.ScalaPresentationCompiler.$anonfun$complete$1(ScalaPresentationCompiler.scala:170)
	at scala.meta.internal.pc.CompilerAccess.withSharedCompiler(CompilerAccess.scala:127)
	at scala.meta.internal.pc.CompilerAccess.$anonfun$withInterruptableCompiler$1(CompilerAccess.scala:81)
	at scala.meta.internal.pc.CompilerAccess.$anonfun$onCompilerJobQueue$1(CompilerAccess.scala:185)
	at scala.meta.internal.pc.CompilerJobQueue$Job.run(CompilerJobQueue.scala:101)
	at java.util.concurrent.ThreadPoolExecutor.runWorker(ThreadPoolExecutor.java:1149)
	at java.util.concurrent.ThreadPoolExecutor$Worker.run(ThreadPoolExecutor.java:624)
	at java.lang.Thread.run(Thread.java:748)

May 12, 2020 12:19:21 PM scala.meta.internal.pc.completions.Completions completionPosition
SEVERE: null
java.lang.NullPointerException
	at scala.meta.internal.pc.completions.OverrideCompletions$OverrideCompletion.<init>(OverrideCompletions.scala:44)
	at scala.meta.internal.pc.completions.Completions.completionPositionUnsafe(Completions.scala:490)
	at scala.meta.internal.pc.completions.Completions.completionPositionUnsafe$(Completions.scala:402)
	at scala.meta.internal.pc.MetalsGlobal.completionPositionUnsafe(MetalsGlobal.scala:25)
	at scala.meta.internal.pc.completions.Completions.completionPosition(Completions.scala:394)
	at scala.meta.internal.pc.completions.Completions.completionPosition$(Completions.scala:379)
	at scala.meta.internal.pc.MetalsGlobal.completionPosition(MetalsGlobal.scala:25)
	at scala.meta.internal.pc.CompletionProvider.safeCompletionsAt(CompletionProvider.scala:416)
	at scala.meta.internal.pc.CompletionProvider.completions(CompletionProvider.scala:53)
	at scala.meta.internal.pc.ScalaPresentationCompiler.$anonfun$complete$1(ScalaPresentationCompiler.scala:170)
	at scala.meta.internal.pc.CompilerAccess.withSharedCompiler(CompilerAccess.scala:127)
	at scala.meta.internal.pc.CompilerAccess.$anonfun$withInterruptableCompiler$1(CompilerAccess.scala:81)
	at scala.meta.internal.pc.CompilerAccess.$anonfun$onCompilerJobQueue$1(CompilerAccess.scala:185)
	at scala.meta.internal.pc.CompilerJobQueue$Job.run(CompilerJobQueue.scala:101)
	at java.util.concurrent.ThreadPoolExecutor.runWorker(ThreadPoolExecutor.java:1149)
	at java.util.concurrent.ThreadPoolExecutor$Worker.run(ThreadPoolExecutor.java:624)
	at java.lang.Thread.run(Thread.java:748)

May 12, 2020 12:19:21 PM scala.meta.internal.pc.completions.Completions completionPosition
SEVERE: null
java.lang.NullPointerException
	at scala.meta.internal.pc.completions.OverrideCompletions$OverrideCompletion.<init>(OverrideCompletions.scala:44)
	at scala.meta.internal.pc.completions.Completions.completionPositionUnsafe(Completions.scala:490)
	at scala.meta.internal.pc.completions.Completions.completionPositionUnsafe$(Completions.scala:402)
	at scala.meta.internal.pc.MetalsGlobal.completionPositionUnsafe(MetalsGlobal.scala:25)
	at scala.meta.internal.pc.completions.Completions.completionPosition(Completions.scala:394)
	at scala.meta.internal.pc.completions.Completions.completionPosition$(Completions.scala:379)
	at scala.meta.internal.pc.MetalsGlobal.completionPosition(MetalsGlobal.scala:25)
	at scala.meta.internal.pc.CompletionProvider.safeCompletionsAt(CompletionProvider.scala:416)
	at scala.meta.internal.pc.CompletionProvider.completions(CompletionProvider.scala:53)
	at scala.meta.internal.pc.ScalaPresentationCompiler.$anonfun$complete$1(ScalaPresentationCompiler.scala:170)
	at scala.meta.internal.pc.CompilerAccess.withSharedCompiler(CompilerAccess.scala:127)
	at scala.meta.internal.pc.CompilerAccess.$anonfun$withInterruptableCompiler$1(CompilerAccess.scala:81)
	at scala.meta.internal.pc.CompilerAccess.$anonfun$onCompilerJobQueue$1(CompilerAccess.scala:185)
	at scala.meta.internal.pc.CompilerJobQueue$Job.run(CompilerJobQueue.scala:101)
	at java.util.concurrent.ThreadPoolExecutor.runWorker(ThreadPoolExecutor.java:1149)
	at java.util.concurrent.ThreadPoolExecutor$Worker.run(ThreadPoolExecutor.java:624)
	at java.lang.Thread.run(Thread.java:748)

May 12, 2020 12:19:21 PM scala.meta.internal.pc.completions.Completions completionPosition
SEVERE: null
java.lang.NullPointerException
	at scala.meta.internal.pc.completions.OverrideCompletions$OverrideCompletion.<init>(OverrideCompletions.scala:44)
	at scala.meta.internal.pc.completions.Completions.completionPositionUnsafe(Completions.scala:490)
	at scala.meta.internal.pc.completions.Completions.completionPositionUnsafe$(Completions.scala:402)
	at scala.meta.internal.pc.MetalsGlobal.completionPositionUnsafe(MetalsGlobal.scala:25)
	at scala.meta.internal.pc.completions.Completions.completionPosition(Completions.scala:394)
	at scala.meta.internal.pc.completions.Completions.completionPosition$(Completions.scala:379)
	at scala.meta.internal.pc.MetalsGlobal.completionPosition(MetalsGlobal.scala:25)
	at scala.meta.internal.pc.CompletionProvider.safeCompletionsAt(CompletionProvider.scala:416)
	at scala.meta.internal.pc.CompletionProvider.completions(CompletionProvider.scala:53)
	at scala.meta.internal.pc.ScalaPresentationCompiler.$anonfun$complete$1(ScalaPresentationCompiler.scala:170)
	at scala.meta.internal.pc.CompilerAccess.withSharedCompiler(CompilerAccess.scala:127)
	at scala.meta.internal.pc.CompilerAccess.$anonfun$withInterruptableCompiler$1(CompilerAccess.scala:81)
	at scala.meta.internal.pc.CompilerAccess.$anonfun$onCompilerJobQueue$1(CompilerAccess.scala:185)
	at scala.meta.internal.pc.CompilerJobQueue$Job.run(CompilerJobQueue.scala:101)
	at java.util.concurrent.ThreadPoolExecutor.runWorker(ThreadPoolExecutor.java:1149)
	at java.util.concurrent.ThreadPoolExecutor$Worker.run(ThreadPoolExecutor.java:624)
	at java.lang.Thread.run(Thread.java:748)

2020.05.12 12:19:26 WARN  no build target for: /Users/x1Dman/Desktop/Study/6_sem/functionalProgramming/lab_4_tema/src/main/scala/Khusnutdinov_lab_4.scala
2020.05.12 12:19:53 WARN  no build target for: /Users/x1Dman/Desktop/Study/6_sem/functionalProgramming/lab_4_tema/src/main/scala/Khusnutdinov_lab_4.scala
2020.05.12 12:20:08 WARN  no build target for: /Users/x1Dman/Desktop/Study/6_sem/functionalProgramming/lab_4_tema/src/main/scala/Khusnutdinov_lab_4.scala
May 12, 2020 12:22:17 PM org.eclipse.lsp4j.jsonrpc.RemoteEndpoint handleCancellation
WARNING: Unmatched cancel notification for request id 3553
something's wrong: no file:///Users/x1Dman/Desktop/Study/6_sem/functionalProgramming/lab_4_tema/src/main/scala/Khusnutdinov_lab_4.scala in scala.reflect.ClassTag[<error>]RangePosition(file:///Users/x1Dman/Desktop/Study/6_sem/functionalProgramming/lab_4_tema/src/main/scala/Khusnutdinov_lab_4.scala, 250, 250, 268)
2020.05.12 12:23:22 WARN  no build target for: /Users/x1Dman/Desktop/Study/6_sem/functionalProgramming/lab_4_tema/src/main/scala/Khusnutdinov_lab_4.scala
2020.05.12 12:23:23 WARN  no build target for: /Users/x1Dman/Desktop/Study/6_sem/functionalProgramming/lab_4_tema/src/main/scala/Khusnutdinov_lab_4.scala
2020.05.12 12:23:23 WARN  no build target for: /Users/x1Dman/Desktop/Study/6_sem/functionalProgramming/lab_4_tema/src/main/scala/Khusnutdinov_lab_4.scala
2020.05.12 12:23:25 WARN  no build target for: /Users/x1Dman/Desktop/Study/6_sem/functionalProgramming/lab_4_tema/src/main/scala/Khusnutdinov_lab_4.scala
2020.05.12 12:23:27 WARN  no build target for: /Users/x1Dman/Desktop/Study/6_sem/functionalProgramming/lab_4_tema/src/main/scala/Khusnutdinov_lab_4.scala
2020.05.12 12:23:27 WARN  no build target for: /Users/x1Dman/Desktop/Study/6_sem/functionalProgramming/lab_4_tema/src/main/scala/Khusnutdinov_lab_4.scala
2020.05.12 12:23:30 WARN  no build tool detected in workspace '/Users/x1Dman/Desktop/Study/6_sem/functionalProgramming/lab_4/src/main/scala'. The most common cause for this problem is that the editor was opened in the wrong working directory, for example if you use sbt then the workspace directory should contain build.sbt. 
2020.05.12 12:23:30 WARN  no build target for: /Users/x1Dman/Desktop/Study/6_sem/functionalProgramming/lab_4_tema/src/main/scala/Khusnutdinov_lab_4.scala
2020.05.12 12:24:03 WARN  no build target for: /Users/x1Dman/Desktop/Study/6_sem/functionalProgramming/lab_4_tema/src/main/scala/Khusnutdinov_lab_4.scala
2020.05.12 12:24:04 WARN  no build target for: /Users/x1Dman/Desktop/Study/6_sem/functionalProgramming/lab_4_tema/src/main/scala/Khusnutdinov_lab_4.scala
2020.05.12 12:24:09 WARN  no build tool detected in workspace '/Users/x1Dman/Desktop/Study/6_sem/functionalProgramming/lab_4/src/main/scala'. The most common cause for this problem is that the editor was opened in the wrong working directory, for example if you use sbt then the workspace directory should contain build.sbt. 
2020.05.12 12:24:09 WARN  no build target for: /Users/x1Dman/Desktop/Study/6_sem/functionalProgramming/lab_4_tema/src/main/scala/Khusnutdinov_lab_4.scala
something's wrong: no file:///Users/x1Dman/Desktop/Study/6_sem/functionalProgramming/lab_4_tema/src/main/scala/Khusnutdinov_lab_4.scala in scala.reflect.ClassTag[String]RangePosition(file:///Users/x1Dman/Desktop/Study/6_sem/functionalProgramming/lab_4_tema/src/main/scala/Khusnutdinov_lab_4.scala, 286, 294, 302)
2020.05.12 12:24:19 WARN  no build target for: /Users/x1Dman/Desktop/Study/6_sem/functionalProgramming/lab_4_tema/src/main/scala/Khusnutdinov_lab_4.scala
2020.05.12 12:24:53 WARN  no build target for: /Users/x1Dman/Desktop/Study/6_sem/functionalProgramming/lab_4_tema/src/main/scala/Khusnutdinov_lab_4.scala
2020.05.12 12:24:54 WARN  no build target for: /Users/x1Dman/Desktop/Study/6_sem/functionalProgramming/lab_4_tema/src/main/scala/Khusnutdinov_lab_4.scala
2020.05.12 12:25:06 WARN  no build target for: /Users/x1Dman/Desktop/Study/6_sem/functionalProgramming/lab_4_tema/src/main/scala/Khusnutdinov_lab_4.scala
2020.05.12 12:25:06 WARN  no build tool detected in workspace '/Users/x1Dman/Desktop/Study/6_sem/functionalProgramming/lab_4/src/main/scala'. The most common cause for this problem is that the editor was opened in the wrong working directory, for example if you use sbt then the workspace directory should contain build.sbt. 
2020.05.12 12:25:16 WARN  no build target for: /Users/x1Dman/Desktop/Study/6_sem/functionalProgramming/lab_4_tema/src/main/scala/Khusnutdinov_lab_4.scala
2020.05.12 12:25:37 WARN  no build target for: /Users/x1Dman/Desktop/Study/6_sem/functionalProgramming/lab_4_tema/src/main/scala/Khusnutdinov_lab_4.scala
2020.05.12 12:26:26 WARN  no build target for: /Users/x1Dman/Desktop/Study/6_sem/functionalProgramming/lab_4_tema/src/main/scala/Khusnutdinov_lab_4.scala
2020.05.12 12:26:59 WARN  no build target for: /Users/x1Dman/Desktop/Study/6_sem/functionalProgramming/lab_4_tema/src/main/scala/Khusnutdinov_lab_4.scala
May 12, 2020 12:28:39 PM org.eclipse.lsp4j.jsonrpc.RemoteEndpoint handleCancellation
WARNING: Unmatched cancel notification for request id 4043
2020.05.12 12:29:08 WARN  no build target for: /Users/x1Dman/Desktop/Study/6_sem/functionalProgramming/lab_4_tema/src/main/scala/Khusnutdinov_lab_4.scala
2020.05.12 12:29:09 WARN  no build target for: /Users/x1Dman/Desktop/Study/6_sem/functionalProgramming/lab_4_tema/src/main/scala/Khusnutdinov_lab_4.scala
2020.05.12 12:29:16 WARN  no build target for: /Users/x1Dman/Desktop/Study/6_sem/functionalProgramming/lab_4_tema/src/main/scala/Khusnutdinov_lab_4.scala
2020.05.12 12:29:37 WARN  no build target for: /Users/x1Dman/Desktop/Study/6_sem/functionalProgramming/lab_4_tema/src/main/scala/Khusnutdinov_lab_4.scala
2020.05.12 12:29:44 WARN  no build target for: /Users/x1Dman/Desktop/Study/6_sem/functionalProgramming/lab_4_tema/src/main/scala/Khusnutdinov_lab_4.scala
2020.05.12 12:30:19 WARN  no build tool detected in workspace '/Users/x1Dman/Desktop/Study/6_sem/functionalProgramming/lab_4/src/main/scala'. The most common cause for this problem is that the editor was opened in the wrong working directory, for example if you use sbt then the workspace directory should contain build.sbt. 
2020.05.12 12:30:37 WARN  no build target for: /Users/x1Dman/Desktop/Study/6_sem/functionalProgramming/lab_4_tema/src/main/scala/Khusnutdinov_lab_4.scala
2020.05.12 12:30:45 WARN  no build target for: /Users/x1Dman/Desktop/Study/6_sem/functionalProgramming/lab_4_tema/src/main/scala/Khusnutdinov_lab_4.scala
2020.05.12 12:30:45 WARN  no build tool detected in workspace '/Users/x1Dman/Desktop/Study/6_sem/functionalProgramming/lab_4/src/main/scala'. The most common cause for this problem is that the editor was opened in the wrong working directory, for example if you use sbt then the workspace directory should contain build.sbt. 
2020.05.12 12:30:48 WARN  no build target for: /Users/x1Dman/Desktop/Study/6_sem/functionalProgramming/lab_4_tema/src/main/scala/Khusnutdinov_lab_4.scala
2020.05.12 12:31:06 WARN  no build target for: /Users/x1Dman/Desktop/Study/6_sem/functionalProgramming/lab_4_tema/src/main/scala/Khusnutdinov_lab_4.scala
2020.05.12 12:31:26 WARN  no build target for: /Users/x1Dman/Desktop/Study/6_sem/functionalProgramming/lab_4_tema/src/main/scala/Khusnutdinov_lab_4.scala
2020.05.12 12:31:31 WARN  no build target for: /Users/x1Dman/Desktop/Study/6_sem/functionalProgramming/lab_4_tema/src/main/scala/Khusnutdinov_lab_4.scala
2020.05.12 12:32:55 WARN  no build target for: /Users/x1Dman/Desktop/Study/6_sem/functionalProgramming/lab_4_tema/src/main/scala/Khusnutdinov_lab_4.scala
2020.05.12 12:33:01 WARN  no build target for: /Users/x1Dman/Desktop/Study/6_sem/functionalProgramming/lab_4_tema/src/main/scala/Khusnutdinov_lab_4.scala
2020.05.12 12:33:04 WARN  no build target for: /Users/x1Dman/Desktop/Study/6_sem/functionalProgramming/lab_4_tema/src/main/scala/Khusnutdinov_lab_4.scala
2020.05.12 12:33:38 WARN  no build target for: /Users/x1Dman/Desktop/Study/6_sem/functionalProgramming/lab_4_tema/src/main/scala/Khusnutdinov_lab_4.scala
2020.05.12 12:33:49 WARN  no build target for: /Users/x1Dman/Desktop/Study/6_sem/functionalProgramming/lab_4_tema/src/main/scala/Khusnutdinov_lab_4.scala
2020.05.12 12:33:54 WARN  no build target for: /Users/x1Dman/Desktop/Study/6_sem/functionalProgramming/lab_4_tema/src/main/scala/Khusnutdinov_lab_4.scala
2020.05.12 12:34:04 WARN  no build target for: /Users/x1Dman/Desktop/Study/6_sem/functionalProgramming/lab_4_tema/src/main/scala/Khusnutdinov_lab_4.scala
2020.05.12 12:35:21 WARN  no build target for: /Users/x1Dman/Desktop/Study/6_sem/functionalProgramming/lab_4_tema/src/main/scala/Khusnutdinov_lab_4.scala
2020.05.12 12:35:21 WARN  no build tool detected in workspace '/Users/x1Dman/Desktop/Study/6_sem/functionalProgramming/lab_4/src/main/scala'. The most common cause for this problem is that the editor was opened in the wrong working directory, for example if you use sbt then the workspace directory should contain build.sbt. 
2020.05.12 12:35:21 WARN  no build target for: /Users/x1Dman/Desktop/Study/6_sem/functionalProgramming/lab_4_tema/src/main/scala/Khusnutdinov_lab_4.scala
2020.05.12 12:35:21 WARN  no build tool detected in workspace '/Users/x1Dman/Desktop/Study/6_sem/functionalProgramming/lab_4/src/main/scala'. The most common cause for this problem is that the editor was opened in the wrong working directory, for example if you use sbt then the workspace directory should contain build.sbt. 
May 12, 2020 12:35:28 PM scala.meta.internal.pc.completions.Completions completionPosition
SEVERE: null
java.lang.NullPointerException
	at scala.meta.internal.pc.completions.OverrideCompletions$OverrideCompletion.<init>(OverrideCompletions.scala:44)
	at scala.meta.internal.pc.completions.Completions.completionPositionUnsafe(Completions.scala:490)
	at scala.meta.internal.pc.completions.Completions.completionPositionUnsafe$(Completions.scala:402)
	at scala.meta.internal.pc.MetalsGlobal.completionPositionUnsafe(MetalsGlobal.scala:25)
	at scala.meta.internal.pc.completions.Completions.completionPosition(Completions.scala:394)
	at scala.meta.internal.pc.completions.Completions.completionPosition$(Completions.scala:379)
	at scala.meta.internal.pc.MetalsGlobal.completionPosition(MetalsGlobal.scala:25)
	at scala.meta.internal.pc.CompletionProvider.safeCompletionsAt(CompletionProvider.scala:416)
	at scala.meta.internal.pc.CompletionProvider.completions(CompletionProvider.scala:53)
	at scala.meta.internal.pc.ScalaPresentationCompiler.$anonfun$complete$1(ScalaPresentationCompiler.scala:170)
	at scala.meta.internal.pc.CompilerAccess.withSharedCompiler(CompilerAccess.scala:127)
	at scala.meta.internal.pc.CompilerAccess.$anonfun$withInterruptableCompiler$1(CompilerAccess.scala:81)
	at scala.meta.internal.pc.CompilerAccess.$anonfun$onCompilerJobQueue$1(CompilerAccess.scala:185)
	at scala.meta.internal.pc.CompilerJobQueue$Job.run(CompilerJobQueue.scala:101)
	at java.util.concurrent.ThreadPoolExecutor.runWorker(ThreadPoolExecutor.java:1149)
	at java.util.concurrent.ThreadPoolExecutor$Worker.run(ThreadPoolExecutor.java:624)
	at java.lang.Thread.run(Thread.java:748)

May 12, 2020 12:37:30 PM org.eclipse.lsp4j.jsonrpc.RemoteEndpoint handleCancellation
WARNING: Unmatched cancel notification for request id 4786
May 12, 2020 12:38:08 PM org.eclipse.lsp4j.jsonrpc.RemoteEndpoint handleCancellation
WARNING: Unmatched cancel notification for request id 4903
2020.05.12 12:38:19 WARN  no build target for: /Users/x1Dman/Desktop/Study/6_sem/functionalProgramming/lab_4_tema/src/main/scala/Khusnutdinov_lab_4.scala
2020.05.12 12:38:19 WARN  no build tool detected in workspace '/Users/x1Dman/Desktop/Study/6_sem/functionalProgramming/lab_4/src/main/scala'. The most common cause for this problem is that the editor was opened in the wrong working directory, for example if you use sbt then the workspace directory should contain build.sbt. 
2020.05.12 12:38:19 WARN  no build target for: /Users/x1Dman/Desktop/Study/6_sem/functionalProgramming/lab_4_tema/src/main/scala/Khusnutdinov_lab_4.scala
2020.05.12 12:38:42 WARN  no build target for: /Users/x1Dman/Desktop/Study/6_sem/functionalProgramming/lab_4_tema/src/main/scala/Khusnutdinov_lab_4.scala
2020.05.12 12:38:42 WARN  no build target for: /Users/x1Dman/Desktop/Study/6_sem/functionalProgramming/lab_4_tema/src/main/scala/Khusnutdinov_lab_4.scala
2020.05.12 12:38:59 WARN  no build target for: /Users/x1Dman/Desktop/Study/6_sem/functionalProgramming/lab_4_tema/src/main/scala/Khusnutdinov_lab_4.scala
2020.05.12 12:39:48 WARN  no build target for: /Users/x1Dman/Desktop/Study/6_sem/functionalProgramming/lab_4_tema/src/main/scala/Khusnutdinov_lab_4.scala
2020.05.12 12:39:48 WARN  no build tool detected in workspace '/Users/x1Dman/Desktop/Study/6_sem/functionalProgramming/lab_4/src/main/scala'. The most common cause for this problem is that the editor was opened in the wrong working directory, for example if you use sbt then the workspace directory should contain build.sbt. 
2020.05.12 12:40:11 WARN  no build tool detected in workspace '/Users/x1Dman/Desktop/Study/6_sem/functionalProgramming/lab_4/src/main/scala'. The most common cause for this problem is that the editor was opened in the wrong working directory, for example if you use sbt then the workspace directory should contain build.sbt. 
2020.05.12 12:40:11 WARN  no build target for: /Users/x1Dman/Desktop/Study/6_sem/functionalProgramming/lab_4_tema/src/main/scala/Khusnutdinov_lab_4.scala
2020.05.12 12:40:19 WARN  no build target for: /Users/x1Dman/Desktop/Study/6_sem/functionalProgramming/lab_4_tema/src/main/scala/Khusnutdinov_lab_4.scala
2020.05.12 12:40:46 WARN  no build target for: /Users/x1Dman/Desktop/Study/6_sem/functionalProgramming/lab_4_tema/src/main/scala/Khusnutdinov_lab_4.scala
2020.05.12 12:41:00 WARN  no build target for: /Users/x1Dman/Desktop/Study/6_sem/functionalProgramming/lab_4_tema/src/main/scala/Khusnutdinov_lab_4.scala
2020.05.12 12:42:52 WARN  no build target for: /Users/x1Dman/Desktop/Study/6_sem/functionalProgramming/lab_4_tema/src/main/scala/Khusnutdinov_lab_4.scala
2020.05.12 12:43:35 WARN  no build target for: /Users/x1Dman/Desktop/Study/6_sem/functionalProgramming/lab_4_tema/src/main/scala/Khusnutdinov_lab_4.scala
2020.05.12 12:44:04 WARN  no build tool detected in workspace '/Users/x1Dman/Desktop/Study/6_sem/functionalProgramming/lab_4/src/main/scala'. The most common cause for this problem is that the editor was opened in the wrong working directory, for example if you use sbt then the workspace directory should contain build.sbt. 
2020.05.12 12:44:04 WARN  no build tool detected in workspace '/Users/x1Dman/Desktop/Study/6_sem/functionalProgramming/lab_4/src/main/scala'. The most common cause for this problem is that the editor was opened in the wrong working directory, for example if you use sbt then the workspace directory should contain build.sbt. 
2020.05.12 12:44:04 WARN  no build target for: /Users/x1Dman/Desktop/Study/6_sem/functionalProgramming/lab_4_tema/src/main/scala/Khusnutdinov_lab_4.scala
May 12, 2020 12:44:07 PM org.eclipse.lsp4j.jsonrpc.RemoteEndpoint handleCancellation
WARNING: Unmatched cancel notification for request id 5497
May 12, 2020 12:44:21 PM org.eclipse.lsp4j.jsonrpc.RemoteEndpoint handleCancellation
WARNING: Unmatched cancel notification for request id 5574
May 12, 2020 12:44:22 PM org.eclipse.lsp4j.jsonrpc.RemoteEndpoint handleCancellation
WARNING: Unmatched cancel notification for request id 5588
2020.05.12 12:44:31 WARN  no build target for: /Users/x1Dman/Desktop/Study/6_sem/functionalProgramming/lab_4_tema/src/main/scala/Khusnutdinov_lab_4.scala
2020.05.12 12:44:37 WARN  no build target for: /Users/x1Dman/Desktop/Study/6_sem/functionalProgramming/lab_4_tema/src/main/scala/Khusnutdinov_lab_4.scala
2020.05.12 12:44:38 WARN  no build target for: /Users/x1Dman/Desktop/Study/6_sem/functionalProgramming/lab_4_tema/src/main/scala/Khusnutdinov_lab_4.scala
2020.05.12 12:44:57 WARN  no build target for: /Users/x1Dman/Desktop/Study/6_sem/functionalProgramming/lab_4_tema/src/main/scala/Khusnutdinov_lab_4.scala
2020.05.12 12:45:48 WARN  no build target for: /Users/x1Dman/Desktop/Study/6_sem/functionalProgramming/lab_4_tema/src/main/scala/Khusnutdinov_lab_4.scala
2020.05.12 12:45:55 WARN  no build target for: /Users/x1Dman/Desktop/Study/6_sem/functionalProgramming/lab_4_tema/src/main/scala/Khusnutdinov_lab_4.scala
2020.05.12 12:46:48 WARN  no build target for: /Users/x1Dman/Desktop/Study/6_sem/functionalProgramming/lab_4_tema/src/main/scala/Khusnutdinov_lab_4.scala
2020.05.12 12:47:24 WARN  no build target for: /Users/x1Dman/Desktop/Study/6_sem/functionalProgramming/lab_4_tema/src/main/scala/Khusnutdinov_lab_4.scala
2020.05.12 12:47:24 WARN  no build target for: /Users/x1Dman/Desktop/Study/6_sem/functionalProgramming/lab_4_tema/src/main/scala/Khusnutdinov_lab_4.scala
2020.05.12 12:47:28 WARN  no build target for: /Users/x1Dman/Desktop/Study/6_sem/functionalProgramming/lab_4_tema/src/main/scala/Khusnutdinov_lab_4.scala
2020.05.12 12:47:42 WARN  no build target for: /Users/x1Dman/Desktop/Study/6_sem/functionalProgramming/lab_4_tema/src/main/scala/Khusnutdinov_lab_4.scala
something's wrong: no file:///Users/x1Dman/Desktop/Study/6_sem/functionalProgramming/lab_4_tema/src/main/scala/Khusnutdinov_lab_4.scala in Summable[<error>]RangePosition(file:///Users/x1Dman/Desktop/Study/6_sem/functionalProgramming/lab_4_tema/src/main/scala/Khusnutdinov_lab_4.scala, 114, 114, 132)
something's wrong: no file:///Users/x1Dman/Desktop/Study/6_sem/functionalProgramming/lab_4_tema/src/main/scala/Khusnutdinov_lab_4.scala in Summable[<error>]RangePosition(file:///Users/x1Dman/Desktop/Study/6_sem/functionalProgramming/lab_4_tema/src/main/scala/Khusnutdinov_lab_4.scala, 114, 114, 125)
something's wrong: no file:///Users/x1Dman/Desktop/Study/6_sem/functionalProgramming/lab_4_tema/src/main/scala/Khusnutdinov_lab_4.scala in Summable[<error>]RangePosition(file:///Users/x1Dman/Desktop/Study/6_sem/functionalProgramming/lab_4_tema/src/main/scala/Khusnutdinov_lab_4.scala, 114, 114, 125)
something's wrong: no file:///Users/x1Dman/Desktop/Study/6_sem/functionalProgramming/lab_4_tema/src/main/scala/Khusnutdinov_lab_4.scala in Summable[<error>]RangePosition(file:///Users/x1Dman/Desktop/Study/6_sem/functionalProgramming/lab_4_tema/src/main/scala/Khusnutdinov_lab_4.scala, 114, 114, 125)
something's wrong: no file:///Users/x1Dman/Desktop/Study/6_sem/functionalProgramming/lab_4_tema/src/main/scala/Khusnutdinov_lab_4.scala in Summable[<error>]RangePosition(file:///Users/x1Dman/Desktop/Study/6_sem/functionalProgramming/lab_4_tema/src/main/scala/Khusnutdinov_lab_4.scala, 191, 191, 209)
something's wrong: no file:///Users/x1Dman/Desktop/Study/6_sem/functionalProgramming/lab_4_tema/src/main/scala/Khusnutdinov_lab_4.scala in Summable[<error>]RangePosition(file:///Users/x1Dman/Desktop/Study/6_sem/functionalProgramming/lab_4_tema/src/main/scala/Khusnutdinov_lab_4.scala, 191, 191, 202)
something's wrong: no file:///Users/x1Dman/Desktop/Study/6_sem/functionalProgramming/lab_4_tema/src/main/scala/Khusnutdinov_lab_4.scala in Summable[<error>]RangePosition(file:///Users/x1Dman/Desktop/Study/6_sem/functionalProgramming/lab_4_tema/src/main/scala/Khusnutdinov_lab_4.scala, 191, 191, 202)
something's wrong: no file:///Users/x1Dman/Desktop/Study/6_sem/functionalProgramming/lab_4_tema/src/main/scala/Khusnutdinov_lab_4.scala in Summable[<error>]RangePosition(file:///Users/x1Dman/Desktop/Study/6_sem/functionalProgramming/lab_4_tema/src/main/scala/Khusnutdinov_lab_4.scala, 191, 191, 202)
2020.05.12 12:47:59 WARN  no build target for: /Users/x1Dman/Desktop/Study/6_sem/functionalProgramming/lab_4_tema/src/main/scala/Khusnutdinov_lab_4.scala
2020.05.12 12:48:05 WARN  no build target for: /Users/x1Dman/Desktop/Study/6_sem/functionalProgramming/lab_4_tema/src/main/scala/Khusnutdinov_lab_4.scala
2020.05.12 12:48:16 WARN  no build target for: /Users/x1Dman/Desktop/Study/6_sem/functionalProgramming/lab_4_tema/src/main/scala/Khusnutdinov_lab_4.scala
2020.05.12 12:48:30 WARN  no build target for: /Users/x1Dman/Desktop/Study/6_sem/functionalProgramming/lab_4_tema/src/main/scala/Khusnutdinov_lab_4.scala
2020.05.12 12:48:37 WARN  no build target for: /Users/x1Dman/Desktop/Study/6_sem/functionalProgramming/lab_4_tema/src/main/scala/Khusnutdinov_lab_4.scala
2020.05.12 12:49:27 WARN  no build target for: /Users/x1Dman/Desktop/Study/6_sem/functionalProgramming/lab_4_tema/src/main/scala/Khusnutdinov_lab_4.scala
2020.05.12 12:49:27 WARN  no build tool detected in workspace '/Users/x1Dman/Desktop/Study/6_sem/functionalProgramming/lab_4/src/main/scala'. The most common cause for this problem is that the editor was opened in the wrong working directory, for example if you use sbt then the workspace directory should contain build.sbt. 
2020.05.12 12:49:27 WARN  no build target for: /Users/x1Dman/Desktop/Study/6_sem/functionalProgramming/lab_4_tema/src/main/scala/Khusnutdinov_lab_4.scala
2020.05.12 12:49:29 WARN  no build tool detected in workspace '/Users/x1Dman/Desktop/Study/6_sem/functionalProgramming/lab_4/src/main/scala'. The most common cause for this problem is that the editor was opened in the wrong working directory, for example if you use sbt then the workspace directory should contain build.sbt. 
2020.05.12 12:49:29 WARN  no build tool detected in workspace '/Users/x1Dman/Desktop/Study/6_sem/functionalProgramming/lab_4/src/main/scala'. The most common cause for this problem is that the editor was opened in the wrong working directory, for example if you use sbt then the workspace directory should contain build.sbt. 
something's wrong: no file:///Users/x1Dman/Desktop/Study/6_sem/functionalProgramming/lab_4_tema/src/main/scala/Khusnutdinov_lab_4.scala in Summable[<error>]RangePosition(file:///Users/x1Dman/Desktop/Study/6_sem/functionalProgramming/lab_4_tema/src/main/scala/Khusnutdinov_lab_4.scala, 114, 114, 125)
2020.05.12 12:49:29 WARN  no build target for: /Users/x1Dman/Desktop/Study/6_sem/functionalProgramming/lab_4_tema/src/main/scala/Khusnutdinov_lab_4.scala
2020.05.12 12:49:29 WARN  no build tool detected in workspace '/Users/x1Dman/Desktop/Study/6_sem/functionalProgramming/lab_4/src/main/scala'. The most common cause for this problem is that the editor was opened in the wrong working directory, for example if you use sbt then the workspace directory should contain build.sbt. 
something's wrong: no file:///Users/x1Dman/Desktop/Study/6_sem/functionalProgramming/lab_4_tema/src/main/scala/Khusnutdinov_lab_4.scala in Summable[<error>]RangePosition(file:///Users/x1Dman/Desktop/Study/6_sem/functionalProgramming/lab_4_tema/src/main/scala/Khusnutdinov_lab_4.scala, 201, 201, 212)
2020.05.12 12:49:52 WARN  no build target for: /Users/x1Dman/Desktop/Study/6_sem/functionalProgramming/lab_4_tema/src/main/scala/Khusnutdinov_lab_4.scala
2020.05.12 12:50:59 WARN  no build tool detected in workspace '/Users/x1Dman/Desktop/Study/6_sem/functionalProgramming/lab_4/src/main/scala'. The most common cause for this problem is that the editor was opened in the wrong working directory, for example if you use sbt then the workspace directory should contain build.sbt. 
2020.05.12 12:50:59 WARN  no build tool detected in workspace '/Users/x1Dman/Desktop/Study/6_sem/functionalProgramming/lab_4/src/main/scala'. The most common cause for this problem is that the editor was opened in the wrong working directory, for example if you use sbt then the workspace directory should contain build.sbt. 
May 12, 2020 12:51:21 PM org.eclipse.lsp4j.jsonrpc.RemoteEndpoint handleCancellation
WARNING: Unmatched cancel notification for request id 6156
something's wrong: no file:///Users/x1Dman/Desktop/Study/6_sem/functionalProgramming/lab_4_tema/src/main/scala/Khusnutdinov_lab_4.scala in Summator[<error>]RangePosition(file:///Users/x1Dman/Desktop/Study/6_sem/functionalProgramming/lab_4_tema/src/main/scala/Khusnutdinov_lab_4.scala, 136, 136, 154)
something's wrong: no file:///Users/x1Dman/Desktop/Study/6_sem/functionalProgramming/lab_4_tema/src/main/scala/Khusnutdinov_lab_4.scala in Summator[<error>]RangePosition(file:///Users/x1Dman/Desktop/Study/6_sem/functionalProgramming/lab_4_tema/src/main/scala/Khusnutdinov_lab_4.scala, 136, 136, 147)
something's wrong: no file:///Users/x1Dman/Desktop/Study/6_sem/functionalProgramming/lab_4_tema/src/main/scala/Khusnutdinov_lab_4.scala in Summator[Int]RangePosition(file:///Users/x1Dman/Desktop/Study/6_sem/functionalProgramming/lab_4_tema/src/main/scala/Khusnutdinov_lab_4.scala, 136, 136, 149)
something's wrong: no file:///Users/x1Dman/Desktop/Study/6_sem/functionalProgramming/lab_4_tema/src/main/scala/Khusnutdinov_lab_4.scala in Summator[Int]RangePosition(file:///Users/x1Dman/Desktop/Study/6_sem/functionalProgramming/lab_4_tema/src/main/scala/Khusnutdinov_lab_4.scala, 136, 136, 149)
something's wrong: no file:///Users/x1Dman/Desktop/Study/6_sem/functionalProgramming/lab_4_tema/src/main/scala/Khusnutdinov_lab_4.scala in Summator[Int]RangePosition(file:///Users/x1Dman/Desktop/Study/6_sem/functionalProgramming/lab_4_tema/src/main/scala/Khusnutdinov_lab_4.scala, 136, 136, 149)
something's wrong: no file:///Users/x1Dman/Desktop/Study/6_sem/functionalProgramming/lab_4_tema/src/main/scala/Khusnutdinov_lab_4.scala in Summator[Int]RangePosition(file:///Users/x1Dman/Desktop/Study/6_sem/functionalProgramming/lab_4_tema/src/main/scala/Khusnutdinov_lab_4.scala, 243, 243, 256)
2020.05.12 12:52:14 WARN  no build target for: /Users/x1Dman/Desktop/Study/6_sem/functionalProgramming/lab_4_tema/src/main/scala/Khusnutdinov_lab_4.scala
2020.05.12 12:52:15 WARN  no build target for: /Users/x1Dman/Desktop/Study/6_sem/functionalProgramming/lab_4_tema/src/main/scala/Khusnutdinov_lab_4.scala
May 12, 2020 12:52:42 PM org.eclipse.lsp4j.jsonrpc.RemoteEndpoint handleCancellation
WARNING: Unmatched cancel notification for request id 6517
something's wrong: no file:///Users/x1Dman/Desktop/Study/6_sem/functionalProgramming/lab_4_tema/src/main/scala/Khusnutdinov_lab_4.scala in Summator[<error>]RangePosition(file:///Users/x1Dman/Desktop/Study/6_sem/functionalProgramming/lab_4_tema/src/main/scala/Khusnutdinov_lab_4.scala, 437, 437, 455)
something's wrong: no file:///Users/x1Dman/Desktop/Study/6_sem/functionalProgramming/lab_4_tema/src/main/scala/Khusnutdinov_lab_4.scala in Summator[T]RangePosition(file:///Users/x1Dman/Desktop/Study/6_sem/functionalProgramming/lab_4_tema/src/main/scala/Khusnutdinov_lab_4.scala, 437, 437, 448)
something's wrong: no file:///Users/x1Dman/Desktop/Study/6_sem/functionalProgramming/lab_4_tema/src/main/scala/Khusnutdinov_lab_4.scala in Summator[T]RangePosition(file:///Users/x1Dman/Desktop/Study/6_sem/functionalProgramming/lab_4_tema/src/main/scala/Khusnutdinov_lab_4.scala, 437, 437, 448)
something's wrong: no file:///Users/x1Dman/Desktop/Study/6_sem/functionalProgramming/lab_4_tema/src/main/scala/Khusnutdinov_lab_4.scala in Summator[T]RangePosition(file:///Users/x1Dman/Desktop/Study/6_sem/functionalProgramming/lab_4_tema/src/main/scala/Khusnutdinov_lab_4.scala, 437, 437, 448)
2020.05.12 12:52:49 WARN  no build target for: /Users/x1Dman/Desktop/Study/6_sem/functionalProgramming/lab_4_tema/src/main/scala/Khusnutdinov_lab_4.scala
2020.05.12 12:52:49 WARN  no build target for: /Users/x1Dman/Desktop/Study/6_sem/functionalProgramming/lab_4_tema/src/main/scala/Khusnutdinov_lab_4.scala
2020.05.12 12:52:49 WARN  no build target for: /Users/x1Dman/Desktop/Study/6_sem/functionalProgramming/lab_4_tema/src/main/scala/Khusnutdinov_lab_4.scala
2020.05.12 12:52:49 WARN  no build target for: /Users/x1Dman/Desktop/Study/6_sem/functionalProgramming/lab_4_tema/src/main/scala/Khusnutdinov_lab_4.scala
2020.05.12 12:52:49 WARN  no build target for: /Users/x1Dman/Desktop/Study/6_sem/functionalProgramming/lab_4_tema/src/main/scala/Khusnutdinov_lab_4.scala
2020.05.12 12:52:55 WARN  no build target for: /Users/x1Dman/Desktop/Study/6_sem/functionalProgramming/lab_4_tema/src/main/scala/Khusnutdinov_lab_4.scala
2020.05.12 12:52:55 WARN  no build target for: /Users/x1Dman/Desktop/Study/6_sem/functionalProgramming/lab_4_tema/src/main/scala/Khusnutdinov_lab_4.scala
2020.05.12 12:52:56 WARN  no build tool detected in workspace '/Users/x1Dman/Desktop/Study/6_sem/functionalProgramming/lab_4/src/main/scala'. The most common cause for this problem is that the editor was opened in the wrong working directory, for example if you use sbt then the workspace directory should contain build.sbt. 
May 12, 2020 12:53:15 PM org.eclipse.lsp4j.jsonrpc.RemoteEndpoint handleCancellation
WARNING: Unmatched cancel notification for request id 6601
2020.05.12 12:53:27 WARN  no build target for: /Users/x1Dman/Desktop/Study/6_sem/functionalProgramming/lab_4_tema/src/main/scala/Khusnutdinov_lab_4.scala
2020.05.12 12:53:27 WARN  no build tool detected in workspace '/Users/x1Dman/Desktop/Study/6_sem/functionalProgramming/lab_4/src/main/scala'. The most common cause for this problem is that the editor was opened in the wrong working directory, for example if you use sbt then the workspace directory should contain build.sbt. 
2020.05.12 12:53:27 WARN  no build tool detected in workspace '/Users/x1Dman/Desktop/Study/6_sem/functionalProgramming/lab_4/src/main/scala'. The most common cause for this problem is that the editor was opened in the wrong working directory, for example if you use sbt then the workspace directory should contain build.sbt. 
2020.05.12 12:53:27 WARN  no build target for: /Users/x1Dman/Desktop/Study/6_sem/functionalProgramming/lab_4_tema/src/main/scala/Khusnutdinov_lab_4.scala
2020.05.12 12:53:36 WARN  no build target for: /Users/x1Dman/Desktop/Study/6_sem/functionalProgramming/lab_4_tema/src/main/scala/Khusnutdinov_lab_4.scala
2020.05.12 12:53:45 WARN  no build target for: /Users/x1Dman/Desktop/Study/6_sem/functionalProgramming/lab_4_tema/src/main/scala/Khusnutdinov_lab_4.scala
2020.05.12 12:53:45 WARN  no build tool detected in workspace '/Users/x1Dman/Desktop/Study/6_sem/functionalProgramming/lab_4/src/main/scala'. The most common cause for this problem is that the editor was opened in the wrong working directory, for example if you use sbt then the workspace directory should contain build.sbt. 
2020.05.12 12:54:14 WARN  no build target for: /Users/x1Dman/Desktop/Study/6_sem/functionalProgramming/lab_4_tema/src/main/scala/Khusnutdinov_lab_4.scala
2020.05.12 12:54:35 WARN  no build target for: /Users/x1Dman/Desktop/Study/6_sem/functionalProgramming/lab_4_tema/src/main/scala/Khusnutdinov_lab_4.scala
2020.05.12 12:54:45 WARN  no build target for: /Users/x1Dman/Desktop/Study/6_sem/functionalProgramming/lab_4_tema/src/main/scala/Khusnutdinov_lab_4.scala
2020.05.12 12:54:45 WARN  no build tool detected in workspace '/Users/x1Dman/Desktop/Study/6_sem/functionalProgramming/lab_4/src/main/scala'. The most common cause for this problem is that the editor was opened in the wrong working directory, for example if you use sbt then the workspace directory should contain build.sbt. 
2020.05.12 12:54:54 WARN  no build target for: /Users/x1Dman/Desktop/Study/6_sem/functionalProgramming/lab_4_tema/src/main/scala/Khusnutdinov_lab_4.scala
2020.05.12 12:55:21 WARN  no build target for: /Users/x1Dman/Desktop/Study/6_sem/functionalProgramming/lab_4_tema/src/main/scala/Khusnutdinov_lab_4.scala
2020.05.12 12:55:21 WARN  no build tool detected in workspace '/Users/x1Dman/Desktop/Study/6_sem/functionalProgramming/lab_4/src/main/scala'. The most common cause for this problem is that the editor was opened in the wrong working directory, for example if you use sbt then the workspace directory should contain build.sbt. 
2020.05.12 12:55:32 WARN  no build target for: /Users/x1Dman/Desktop/Study/6_sem/functionalProgramming/lab_4_tema/src/main/scala/Khusnutdinov_lab_4.scala
2020.05.12 12:56:24 WARN  no build target for: /Users/x1Dman/Desktop/Study/6_sem/functionalProgramming/lab_4_tema/src/main/scala/Khusnutdinov_lab_4.scala
2020.05.12 12:56:24 WARN  no build target for: /Users/x1Dman/Desktop/Study/6_sem/functionalProgramming/lab_4_tema/src/main/scala/Khusnutdinov_lab_4.scala
2020.05.12 12:56:33 WARN  no build target for: /Users/x1Dman/Desktop/Study/6_sem/functionalProgramming/lab_4_tema/src/main/scala/Khusnutdinov_lab_4.scala
2020.05.12 12:57:05 WARN  no build target for: /Users/x1Dman/Desktop/Study/6_sem/functionalProgramming/lab_4_tema/src/main/scala/Khusnutdinov_lab_4.scala
2020.05.12 12:57:34 WARN  no build tool detected in workspace '/Users/x1Dman/Desktop/Study/6_sem/functionalProgramming/lab_4/src/main/scala'. The most common cause for this problem is that the editor was opened in the wrong working directory, for example if you use sbt then the workspace directory should contain build.sbt. 
2020.05.12 12:57:40 WARN  no build tool detected in workspace '/Users/x1Dman/Desktop/Study/6_sem/functionalProgramming/lab_4/src/main/scala'. The most common cause for this problem is that the editor was opened in the wrong working directory, for example if you use sbt then the workspace directory should contain build.sbt. 
2020.05.12 12:57:40 WARN  no build target for: /Users/x1Dman/Desktop/Study/6_sem/functionalProgramming/lab_4_tema/src/main/scala/Khusnutdinov_lab_4.scala
2020.05.12 12:57:40 WARN  no build tool detected in workspace '/Users/x1Dman/Desktop/Study/6_sem/functionalProgramming/lab_4/src/main/scala'. The most common cause for this problem is that the editor was opened in the wrong working directory, for example if you use sbt then the workspace directory should contain build.sbt. 
2020.05.12 12:58:31 WARN  no build target for: /Users/x1Dman/Desktop/Study/6_sem/functionalProgramming/lab_4_tema/src/main/scala/Khusnutdinov_lab_4.scala
2020.05.12 13:00:07 WARN  no build target for: /Users/x1Dman/Desktop/Study/6_sem/functionalProgramming/lab_4_tema/src/main/scala/Khusnutdinov_lab_4.scala
2020.05.12 13:00:07 WARN  no build target for: /Users/x1Dman/Desktop/Study/6_sem/functionalProgramming/lab_4_tema/src/main/scala/Khusnutdinov_lab_4.scala
2020.05.12 13:02:16 WARN  no build target for: /Users/x1Dman/Desktop/Study/6_sem/functionalProgramming/lab_4_tema/src/main/scala/Khusnutdinov_lab_4.scala
2020.05.12 13:02:17 WARN  no build target for: /Users/x1Dman/Desktop/Study/6_sem/functionalProgramming/lab_4_tema/src/main/scala/Khusnutdinov_lab_4.scala
2020.05.12 13:02:57 WARN  no build target for: /Users/x1Dman/Desktop/Study/6_sem/functionalProgramming/lab_4_tema/src/main/scala/Khusnutdinov_lab_4.scala
2020.05.12 13:03:08 WARN  no build tool detected in workspace '/Users/x1Dman/Desktop/Study/6_sem/functionalProgramming/lab_4/src/main/scala'. The most common cause for this problem is that the editor was opened in the wrong working directory, for example if you use sbt then the workspace directory should contain build.sbt. 
2020.05.12 13:03:11 WARN  no build target for: /Users/x1Dman/Desktop/Study/6_sem/functionalProgramming/lab_4_tema/src/main/scala/Khusnutdinov_lab_4.scala
2020.05.12 13:03:12 WARN  no build tool detected in workspace '/Users/x1Dman/Desktop/Study/6_sem/functionalProgramming/lab_4/src/main/scala'. The most common cause for this problem is that the editor was opened in the wrong working directory, for example if you use sbt then the workspace directory should contain build.sbt. 
2020.05.12 13:03:12 WARN  no build target for: /Users/x1Dman/Desktop/Study/6_sem/functionalProgramming/lab_4_tema/src/main/scala/Khusnutdinov_lab_4.scala
2020.05.12 13:03:21 WARN  no build target for: /Users/x1Dman/Desktop/Study/6_sem/functionalProgramming/lab_4_tema/src/main/scala/Khusnutdinov_lab_4.scala
2020.05.12 13:03:49 WARN  no build target for: /Users/x1Dman/Desktop/Study/6_sem/functionalProgramming/lab_4_tema/src/main/scala/Khusnutdinov_lab_4.scala
2020.05.12 13:04:42 WARN  no build target for: /Users/x1Dman/Desktop/Study/6_sem/functionalProgramming/lab_4_tema/src/main/scala/Khusnutdinov_lab_4.scala
May 12, 2020 1:08:35 PM org.eclipse.lsp4j.jsonrpc.RemoteEndpoint handleCancellation
WARNING: Unmatched cancel notification for request id 7534
May 12, 2020 1:08:45 PM org.eclipse.lsp4j.jsonrpc.RemoteEndpoint handleCancellation
WARNING: Unmatched cancel notification for request id 7602
something's wrong: no file:///Users/x1Dman/Desktop/Study/6_sem/functionalProgramming/lab_4_tema/src/main/scala/Khusnutdinov_lab_4.scala in Summator[<error>]RangePosition(file:///Users/x1Dman/Desktop/Study/6_sem/functionalProgramming/lab_4_tema/src/main/scala/Khusnutdinov_lab_4.scala, 174, 174, 192)
something's wrong: no file:///Users/x1Dman/Desktop/Study/6_sem/functionalProgramming/lab_4_tema/src/main/scala/Khusnutdinov_lab_4.scala in Summator[<error>]RangePosition(file:///Users/x1Dman/Desktop/Study/6_sem/functionalProgramming/lab_4_tema/src/main/scala/Khusnutdinov_lab_4.scala, 174, 174, 185)
something's wrong: no file:///Users/x1Dman/Desktop/Study/6_sem/functionalProgramming/lab_4_tema/src/main/scala/Khusnutdinov_lab_4.scala in Summator[<error>]RangePosition(file:///Users/x1Dman/Desktop/Study/6_sem/functionalProgramming/lab_4_tema/src/main/scala/Khusnutdinov_lab_4.scala, 174, 174, 192)
something's wrong: no file:///Users/x1Dman/Desktop/Study/6_sem/functionalProgramming/lab_4_tema/src/main/scala/Khusnutdinov_lab_4.scala in Summator[T]RangePosition(file:///Users/x1Dman/Desktop/Study/6_sem/functionalProgramming/lab_4_tema/src/main/scala/Khusnutdinov_lab_4.scala, 174, 174, 185)
something's wrong: no file:///Users/x1Dman/Desktop/Study/6_sem/functionalProgramming/lab_4_tema/src/main/scala/Khusnutdinov_lab_4.scala in Summator[T]RangePosition(file:///Users/x1Dman/Desktop/Study/6_sem/functionalProgramming/lab_4_tema/src/main/scala/Khusnutdinov_lab_4.scala, 174, 174, 185)
something's wrong: no file:///Users/x1Dman/Desktop/Study/6_sem/functionalProgramming/lab_4_tema/src/main/scala/Khusnutdinov_lab_4.scala in Summator[T]RangePosition(file:///Users/x1Dman/Desktop/Study/6_sem/functionalProgramming/lab_4_tema/src/main/scala/Khusnutdinov_lab_4.scala, 174, 174, 185)
May 12, 2020 1:09:00 PM scala.meta.internal.pc.CompilerAccess retryWithCleanCompiler
INFO: compiler crashed due to an error in the Scala compiler, retrying with new compiler instance.
May 12, 2020 1:09:00 PM scala.meta.internal.pc.CompilerAccess handleError
SEVERE: implicit class <error> extends  (of class scala.reflect.internal.Trees$ClassDef)
scala.MatchError: implicit class <error> extends  (of class scala.reflect.internal.Trees$ClassDef)
	at scala.tools.nsc.typechecker.Unapplies.constrParamss(Unapplies.scala:64)
	at scala.tools.nsc.typechecker.Unapplies.factoryMeth(Unapplies.scala:141)
	at scala.tools.nsc.typechecker.Unapplies.factoryMeth$(Unapplies.scala:138)
	at scala.meta.internal.pc.MetalsGlobal$MetalsInteractiveAnalyzer.factoryMeth(MetalsGlobal.scala:52)
	at scala.tools.nsc.typechecker.MethodSynthesis$MethodSynth.enterImplicitWrapper(MethodSynthesis.scala:229)
	at scala.tools.nsc.typechecker.MethodSynthesis$MethodSynth.enterImplicitWrapper$(MethodSynthesis.scala:228)
	at scala.tools.nsc.typechecker.Namers$Namer.enterImplicitWrapper(Namers.scala:58)
	at scala.tools.nsc.interactive.InteractiveAnalyzer$InteractiveNamer.enterExistingSym(Global.scala:94)
	at scala.tools.nsc.interactive.InteractiveAnalyzer$InteractiveNamer.enterExistingSym$(Global.scala:80)
	at scala.tools.nsc.interactive.InteractiveAnalyzer$$anon$2.enterExistingSym(Global.scala:51)
	at scala.tools.nsc.typechecker.Namers$Namer.standardEnterSym(Namers.scala:298)
	at scala.tools.nsc.typechecker.AnalyzerPlugins.pluginsEnterSym(AnalyzerPlugins.scala:479)
	at scala.tools.nsc.typechecker.AnalyzerPlugins.pluginsEnterSym$(AnalyzerPlugins.scala:478)
	at scala.meta.internal.pc.MetalsGlobal$MetalsInteractiveAnalyzer.pluginsEnterSym(MetalsGlobal.scala:52)
	at scala.tools.nsc.typechecker.Namers$Namer.enterSym(Namers.scala:272)
	at scala.tools.nsc.typechecker.Typers$Typer.enterSym(Typers.scala:1933)
	at scala.tools.nsc.typechecker.Typers$Typer.$anonfun$enterSyms$1(Typers.scala:1928)
	at scala.tools.nsc.typechecker.Typers$Typer.enterSyms(Typers.scala:1928)
	at scala.tools.nsc.typechecker.Typers$Typer.typedTemplate(Typers.scala:1990)
	at scala.tools.nsc.typechecker.Typers$Typer.typedModuleDef(Typers.scala:1883)
	at scala.tools.nsc.typechecker.Typers$Typer.typed1(Typers.scala:5654)
	at scala.tools.nsc.typechecker.Typers$Typer.typed(Typers.scala:5733)
	at scala.tools.nsc.typechecker.Typers$Typer.typedStat$1(Typers.scala:5797)
	at scala.tools.nsc.typechecker.Typers$Typer.$anonfun$typedStats$10(Typers.scala:3357)
	at scala.tools.nsc.typechecker.Typers$Typer.typedStats(Typers.scala:3357)
	at scala.tools.nsc.typechecker.Typers$Typer.typedPackageDef$1(Typers.scala:5363)
	at scala.tools.nsc.typechecker.Typers$Typer.typed1(Typers.scala:5656)
	at scala.tools.nsc.typechecker.Typers$Typer.typed(Typers.scala:5733)
	at scala.tools.nsc.typechecker.Analyzer$typerFactory$TyperPhase.apply(Analyzer.scala:115)
	at scala.tools.nsc.Global$GlobalPhase.applyPhase(Global.scala:451)
	at scala.tools.nsc.interactive.Global$TyperRun.$anonfun$applyPhase$1(Global.scala:1340)
	at scala.tools.nsc.interactive.Global$TyperRun.applyPhase(Global.scala:1340)
	at scala.tools.nsc.interactive.Global$TyperRun.typeCheck(Global.scala:1333)
	at scala.tools.nsc.interactive.Global.typeCheck(Global.scala:665)
	at scala.tools.nsc.interactive.Global.typedTreeAt(Global.scala:814)
	at scala.tools.nsc.interactive.Global.completionsAt(Global.scala:1225)
	at scala.meta.internal.pc.CompletionProvider.safeCompletionsAt(CompletionProvider.scala:370)
	at scala.meta.internal.pc.CompletionProvider.completions(CompletionProvider.scala:53)

something's wrong: no file:///Users/x1Dman/Desktop/Study/6_sem/functionalProgramming/lab_4_tema/src/main/scala/Khusnutdinov_lab_4.scala in Summator[<error>]RangePosition(file:///Users/x1Dman/Desktop/Study/6_sem/functionalProgramming/lab_4_tema/src/main/scala/Khusnutdinov_lab_4.scala, 232, 232, 252)
something's wrong: no file:///Users/x1Dman/Desktop/Study/6_sem/functionalProgramming/lab_4_tema/src/main/scala/Khusnutdinov_lab_4.scala in Summator[<error>]RangePosition(file:///Users/x1Dman/Desktop/Study/6_sem/functionalProgramming/lab_4_tema/src/main/scala/Khusnutdinov_lab_4.scala, 232, 232, 250)
something's wrong: no file:///Users/x1Dman/Desktop/Study/6_sem/functionalProgramming/lab_4_tema/src/main/scala/Khusnutdinov_lab_4.scala in Summator[<error>]RangePosition(file:///Users/x1Dman/Desktop/Study/6_sem/functionalProgramming/lab_4_tema/src/main/scala/Khusnutdinov_lab_4.scala, 232, 232, 243)
something's wrong: no file:///Users/x1Dman/Desktop/Study/6_sem/functionalProgramming/lab_4_tema/src/main/scala/Khusnutdinov_lab_4.scala in Summator[<error>]RangePosition(file:///Users/x1Dman/Desktop/Study/6_sem/functionalProgramming/lab_4_tema/src/main/scala/Khusnutdinov_lab_4.scala, 232, 232, 250)
something's wrong: no file:///Users/x1Dman/Desktop/Study/6_sem/functionalProgramming/lab_4_tema/src/main/scala/Khusnutdinov_lab_4.scala in Summator[<error>]RangePosition(file:///Users/x1Dman/Desktop/Study/6_sem/functionalProgramming/lab_4_tema/src/main/scala/Khusnutdinov_lab_4.scala, 232, 232, 243)
something's wrong: no file:///Users/x1Dman/Desktop/Study/6_sem/functionalProgramming/lab_4_tema/src/main/scala/Khusnutdinov_lab_4.scala in Summator[Int]RangePosition(file:///Users/x1Dman/Desktop/Study/6_sem/functionalProgramming/lab_4_tema/src/main/scala/Khusnutdinov_lab_4.scala, 232, 232, 245)
something's wrong: no file:///Users/x1Dman/Desktop/Study/6_sem/functionalProgramming/lab_4_tema/src/main/scala/Khusnutdinov_lab_4.scala in Summator[Int]RangePosition(file:///Users/x1Dman/Desktop/Study/6_sem/functionalProgramming/lab_4_tema/src/main/scala/Khusnutdinov_lab_4.scala, 232, 232, 245)
something's wrong: no file:///Users/x1Dman/Desktop/Study/6_sem/functionalProgramming/lab_4_tema/src/main/scala/Khusnutdinov_lab_4.scala in Summator[Int]RangePosition(file:///Users/x1Dman/Desktop/Study/6_sem/functionalProgramming/lab_4_tema/src/main/scala/Khusnutdinov_lab_4.scala, 232, 232, 245)
something's wrong: no file:///Users/x1Dman/Desktop/Study/6_sem/functionalProgramming/lab_4_tema/src/main/scala/Khusnutdinov_lab_4.scala in Summator[<error>]RangePosition(file:///Users/x1Dman/Desktop/Study/6_sem/functionalProgramming/lab_4_tema/src/main/scala/Khusnutdinov_lab_4.scala, 252, 252, 270)
something's wrong: no file:///Users/x1Dman/Desktop/Study/6_sem/functionalProgramming/lab_4_tema/src/main/scala/Khusnutdinov_lab_4.scala in Summator[<error>]RangePosition(file:///Users/x1Dman/Desktop/Study/6_sem/functionalProgramming/lab_4_tema/src/main/scala/Khusnutdinov_lab_4.scala, 252, 252, 263)
something's wrong: no file:///Users/x1Dman/Desktop/Study/6_sem/functionalProgramming/lab_4_tema/src/main/scala/Khusnutdinov_lab_4.scala in Summator[Int]RangePosition(file:///Users/x1Dman/Desktop/Study/6_sem/functionalProgramming/lab_4_tema/src/main/scala/Khusnutdinov_lab_4.scala, 252, 252, 265)
something's wrong: no file:///Users/x1Dman/Desktop/Study/6_sem/functionalProgramming/lab_4_tema/src/main/scala/Khusnutdinov_lab_4.scala in Summator[Int]RangePosition(file:///Users/x1Dman/Desktop/Study/6_sem/functionalProgramming/lab_4_tema/src/main/scala/Khusnutdinov_lab_4.scala, 252, 252, 265)
something's wrong: no file:///Users/x1Dman/Desktop/Study/6_sem/functionalProgramming/lab_4_tema/src/main/scala/Khusnutdinov_lab_4.scala in Summator[Int]RangePosition(file:///Users/x1Dman/Desktop/Study/6_sem/functionalProgramming/lab_4_tema/src/main/scala/Khusnutdinov_lab_4.scala, 252, 252, 265)
2020.05.12 13:09:35 WARN  no build tool detected in workspace '/Users/x1Dman/Desktop/Study/6_sem/functionalProgramming/lab_4/src/main/scala'. The most common cause for this problem is that the editor was opened in the wrong working directory, for example if you use sbt then the workspace directory should contain build.sbt. 
2020.05.12 13:09:35 WARN  no build tool detected in workspace '/Users/x1Dman/Desktop/Study/6_sem/functionalProgramming/lab_4/src/main/scala'. The most common cause for this problem is that the editor was opened in the wrong working directory, for example if you use sbt then the workspace directory should contain build.sbt. 
May 12, 2020 1:09:57 PM org.eclipse.lsp4j.jsonrpc.RemoteEndpoint handleCancellation
WARNING: Unmatched cancel notification for request id 8054
2020.05.12 13:10:06 WARN  no build target for: /Users/x1Dman/Desktop/Study/6_sem/functionalProgramming/lab_4_tema/src/main/scala/Khusnutdinov_lab_4.scala
2020.05.12 13:10:08 WARN  no build target for: /Users/x1Dman/Desktop/Study/6_sem/functionalProgramming/lab_4_tema/src/main/scala/Khusnutdinov_lab_4.scala
2020.05.12 13:10:27 WARN  no build target for: /Users/x1Dman/Desktop/Study/6_sem/functionalProgramming/lab_4_tema/src/main/scala/Khusnutdinov_lab_4.scala
2020.05.12 13:10:27 WARN  no build tool detected in workspace '/Users/x1Dman/Desktop/Study/6_sem/functionalProgramming/lab_4/src/main/scala'. The most common cause for this problem is that the editor was opened in the wrong working directory, for example if you use sbt then the workspace directory should contain build.sbt. 
2020.05.12 13:10:32 WARN  no build target for: /Users/x1Dman/Desktop/Study/6_sem/functionalProgramming/lab_4_tema/src/main/scala/Khusnutdinov_lab_4.scala
something's wrong: no file:///Users/x1Dman/Desktop/Study/6_sem/functionalProgramming/lab_4_tema/src/main/scala/Khusnutdinov_lab_4.scala in Summator[<error>]RangePosition(file:///Users/x1Dman/Desktop/Study/6_sem/functionalProgramming/lab_4_tema/src/main/scala/Khusnutdinov_lab_4.scala, 387, 387, 400)
2020.05.12 13:10:47 WARN  no build target for: /Users/x1Dman/Desktop/Study/6_sem/functionalProgramming/lab_4_tema/src/main/scala/Khusnutdinov_lab_4.scala
2020.05.12 13:11:11 WARN  no build target for: /Users/x1Dman/Desktop/Study/6_sem/functionalProgramming/lab_4_tema/src/main/scala/Khusnutdinov_lab_4.scala
2020.05.12 13:11:11 WARN  no build tool detected in workspace '/Users/x1Dman/Desktop/Study/6_sem/functionalProgramming/lab_4/src/main/scala'. The most common cause for this problem is that the editor was opened in the wrong working directory, for example if you use sbt then the workspace directory should contain build.sbt. 
2020.05.12 13:11:11 WARN  no build target for: /Users/x1Dman/Desktop/Study/6_sem/functionalProgramming/lab_4_tema/src/main/scala/Khusnutdinov_lab_4.scala
2020.05.12 13:11:32 WARN  no build target for: /Users/x1Dman/Desktop/Study/6_sem/functionalProgramming/lab_4_tema/src/main/scala/Khusnutdinov_lab_4.scala
something's wrong: no file:///Users/x1Dman/Desktop/Study/6_sem/functionalProgramming/lab_4_tema/src/main/scala/Khusnutdinov_lab_4.scala in Summator[T]RangePosition(file:///Users/x1Dman/Desktop/Study/6_sem/functionalProgramming/lab_4_tema/src/main/scala/Khusnutdinov_lab_4.scala, 585, 585, 596)
2020.05.12 13:12:09 WARN  no build target for: /Users/x1Dman/Desktop/Study/6_sem/functionalProgramming/lab_4_tema/src/main/scala/Khusnutdinov_lab_4.scala
2020.05.12 13:12:20 WARN  no build target for: /Users/x1Dman/Desktop/Study/6_sem/functionalProgramming/lab_4_tema/src/main/scala/Khusnutdinov_lab_4.scala
2020.05.12 13:12:30 WARN  no build target for: /Users/x1Dman/Desktop/Study/6_sem/functionalProgramming/lab_4_tema/src/main/scala/Khusnutdinov_lab_4.scala
2020.05.12 13:12:42 WARN  no build target for: /Users/x1Dman/Desktop/Study/6_sem/functionalProgramming/lab_4_tema/src/main/scala/Khusnutdinov_lab_4.scala
2020.05.12 13:12:58 WARN  no build target for: /Users/x1Dman/Desktop/Study/6_sem/functionalProgramming/lab_4_tema/src/main/scala/Khusnutdinov_lab_4.scala
2020.05.12 13:13:16 WARN  no build target for: /Users/x1Dman/Desktop/Study/6_sem/functionalProgramming/lab_4_tema/src/main/scala/Khusnutdinov_lab_4.scala
2020.05.12 13:13:26 WARN  no build target for: /Users/x1Dman/Desktop/Study/6_sem/functionalProgramming/lab_4_tema/src/main/scala/Khusnutdinov_lab_4.scala
2020.05.12 13:13:33 WARN  no build target for: /Users/x1Dman/Desktop/Study/6_sem/functionalProgramming/lab_4_tema/src/main/scala/Khusnutdinov_lab_4.scala
2020.05.12 13:13:52 WARN  no build target for: /Users/x1Dman/Desktop/Study/6_sem/functionalProgramming/lab_4_tema/src/main/scala/Khusnutdinov_lab_4.scala
2020.05.12 13:13:57 WARN  no build target for: /Users/x1Dman/Desktop/Study/6_sem/functionalProgramming/lab_4_tema/src/main/scala/Khusnutdinov_lab_4.scala
2020.05.12 13:14:06 WARN  no build target for: /Users/x1Dman/Desktop/Study/6_sem/functionalProgramming/lab_4_tema/src/main/scala/Khusnutdinov_lab_4.scala
2020.05.12 13:14:25 WARN  no build target for: /Users/x1Dman/Desktop/Study/6_sem/functionalProgramming/lab_4_tema/src/main/scala/Khusnutdinov_lab_4.scala
2020.05.12 13:14:47 WARN  no build target for: /Users/x1Dman/Desktop/Study/6_sem/functionalProgramming/lab_4_tema/src/main/scala/Khusnutdinov_lab_4.scala
2020.05.12 13:14:56 WARN  no build target for: /Users/x1Dman/Desktop/Study/6_sem/functionalProgramming/lab_4_tema/src/main/scala/Khusnutdinov_lab_4.scala
2020.05.12 13:15:05 WARN  no build target for: /Users/x1Dman/Desktop/Study/6_sem/functionalProgramming/lab_4_tema/src/main/scala/Khusnutdinov_lab_4.scala
2020.05.12 13:15:31 WARN  no build target for: /Users/x1Dman/Desktop/Study/6_sem/functionalProgramming/lab_4_tema/src/main/scala/Khusnutdinov_lab_4.scala
2020.05.12 13:15:31 WARN  no build tool detected in workspace '/Users/x1Dman/Desktop/Study/6_sem/functionalProgramming/lab_4/src/main/scala'. The most common cause for this problem is that the editor was opened in the wrong working directory, for example if you use sbt then the workspace directory should contain build.sbt. 
2020.05.12 13:15:31 WARN  no build tool detected in workspace '/Users/x1Dman/Desktop/Study/6_sem/functionalProgramming/lab_4/src/main/scala'. The most common cause for this problem is that the editor was opened in the wrong working directory, for example if you use sbt then the workspace directory should contain build.sbt. 
2020.05.12 13:15:31 WARN  no build target for: /Users/x1Dman/Desktop/Study/6_sem/functionalProgramming/lab_4_tema/src/main/scala/Khusnutdinov_lab_4.scala
something's wrong: no file:///Users/x1Dman/Desktop/Study/6_sem/functionalProgramming/lab_4_tema/src/main/scala/Khusnutdinov_lab_4.scala in Summator[T]RangePosition(file:///Users/x1Dman/Desktop/Study/6_sem/functionalProgramming/lab_4_tema/src/main/scala/Khusnutdinov_lab_4.scala, 585, 585, 596)
2020.05.12 13:15:42 WARN  no build target for: /Users/x1Dman/Desktop/Study/6_sem/functionalProgramming/lab_4_tema/src/main/scala/Khusnutdinov_lab_4.scala
2020.05.12 13:15:42 WARN  no build target for: /Users/x1Dman/Desktop/Study/6_sem/functionalProgramming/lab_4_tema/src/main/scala/Khusnutdinov_lab_4.scala
2020.05.12 13:16:00 WARN  no build target for: /Users/x1Dman/Desktop/Study/6_sem/functionalProgramming/lab_4_tema/src/main/scala/Khusnutdinov_lab_4.scala
2020.05.12 13:16:50 WARN  no build target for: /Users/x1Dman/Desktop/Study/6_sem/functionalProgramming/lab_4_tema/src/main/scala/Khusnutdinov_lab_4.scala
2020.05.12 13:16:52 WARN  no build target for: /Users/x1Dman/Desktop/Study/6_sem/functionalProgramming/lab_4_tema/src/main/scala/Khusnutdinov_lab_4.scala
2020.05.12 13:16:54 WARN  no build target for: /Users/x1Dman/Desktop/Study/6_sem/functionalProgramming/lab_4_tema/src/main/scala/Khusnutdinov_lab_4.scala
2020.05.12 13:17:07 WARN  no build target for: /Users/x1Dman/Desktop/Study/6_sem/functionalProgramming/lab_4_tema/src/main/scala/Khusnutdinov_lab_4.scala
2020.05.12 13:24:37 WARN  no build target for: /Users/x1Dman/Desktop/Study/6_sem/functionalProgramming/lab_4/src/main/scala/Khusnutdinov_lab_4.scala
May 12, 2020 1:24:37 PM org.eclipse.lsp4j.jsonrpc.RemoteEndpoint handleCancellation
WARNING: Unmatched cancel notification for request id 8859
something's wrong: no file:///Users/x1Dman/Desktop/Study/6_sem/functionalProgramming/lab_4/src/main/scala/Khusnutdinov_lab_4.scala in Array[<error>]RangePosition(file:///Users/x1Dman/Desktop/Study/6_sem/functionalProgramming/lab_4/src/main/scala/Khusnutdinov_lab_4.scala, 22, 22, 37)
May 12, 2020 1:36:22 PM org.eclipse.lsp4j.jsonrpc.RemoteEndpoint handleCancellation
WARNING: Unmatched cancel notification for request id 9285
2020.05.12 13:37:42 WARN  no build target for: /Users/x1Dman/Desktop/Study/6_sem/functionalProgramming/lab_4/src/main/scala/Khusnutdinov_lab_4.scala
2020.05.12 13:41:06 WARN  no build target for: /Users/x1Dman/Desktop/Study/6_sem/functionalProgramming/lab_4/src/main/scala/Khusnutdinov_lab_4.scala
2020.05.12 13:41:07 WARN  no build target for: /Users/x1Dman/Desktop/Study/6_sem/functionalProgramming/lab_4/src/main/scala/Khusnutdinov_lab_4.scala
May 12, 2020 1:41:52 PM org.eclipse.lsp4j.jsonrpc.RemoteEndpoint handleCancellation
WARNING: Unmatched cancel notification for request id 10294
2020.05.12 13:42:38 WARN  no build target for: /Users/x1Dman/Desktop/Study/6_sem/functionalProgramming/lab_4/src/main/scala/Khusnutdinov_lab_4.scala
2020.05.12 13:42:39 WARN  no build target for: /Users/x1Dman/Desktop/Study/6_sem/functionalProgramming/lab_4/src/main/scala/Khusnutdinov_lab_4.scala
2020.05.12 13:44:00 WARN  no build tool detected in workspace '/Users/x1Dman/Desktop/Study/6_sem/functionalProgramming/lab_4/src/main/scala'. The most common cause for this problem is that the editor was opened in the wrong working directory, for example if you use sbt then the workspace directory should contain build.sbt. 
2020.05.12 13:44:00 WARN  no build tool detected in workspace '/Users/x1Dman/Desktop/Study/6_sem/functionalProgramming/lab_4/src/main/scala'. The most common cause for this problem is that the editor was opened in the wrong working directory, for example if you use sbt then the workspace directory should contain build.sbt. 
2020.05.12 13:44:15 WARN  no build target for: /Users/x1Dman/Desktop/Study/6_sem/functionalProgramming/lab_4/src/main/scala/Khusnutdinov_lab_4.scala
2020.05.12 13:44:23 WARN  no build target for: /Users/x1Dman/Desktop/Study/6_sem/functionalProgramming/lab_4/src/main/scala/Khusnutdinov_lab_4.scala
2020.05.12 13:44:31 WARN  no build target for: /Users/x1Dman/Desktop/Study/6_sem/functionalProgramming/lab_4/src/main/scala/Khusnutdinov_lab_4.scala
2020.05.12 13:44:33 WARN  no build target for: /Users/x1Dman/Desktop/Study/6_sem/functionalProgramming/lab_4/src/main/scala/Khusnutdinov_lab_4.scala
2020.05.12 13:45:21 WARN  no build target for: /Users/x1Dman/Desktop/Study/6_sem/functionalProgramming/lab_4/src/main/scala/Khusnutdinov_lab_4.scala
2020.05.12 13:46:45 WARN  no build target for: /Users/x1Dman/Desktop/Study/6_sem/functionalProgramming/lab_4/src/main/scala/Khusnutdinov_lab_4.scala
2020.05.12 13:46:47 WARN  no build target for: /Users/x1Dman/Desktop/Study/6_sem/functionalProgramming/lab_4/src/main/scala/Khusnutdinov_lab_4.scala
2020.05.12 13:46:49 WARN  no build target for: /Users/x1Dman/Desktop/Study/6_sem/functionalProgramming/lab_4/src/main/scala/Khusnutdinov_lab_4.scala
2020.05.12 13:48:08 WARN  no build target for: /Users/x1Dman/Desktop/Study/6_sem/functionalProgramming/lab_4/src/main/scala/Khusnutdinov_lab_4.scala
2020.05.12 13:48:08 WARN  no build target for: /Users/x1Dman/Desktop/Study/6_sem/functionalProgramming/lab_4/src/main/scala/Khusnutdinov_lab_4.scala
2020.05.12 13:48:08 WARN  no build target for: /Users/x1Dman/Desktop/Study/6_sem/functionalProgramming/lab_4/src/main/scala/Khusnutdinov_lab_4.scala
2020.05.12 13:48:10 WARN  no build target for: /Users/x1Dman/Desktop/Study/6_sem/functionalProgramming/lab_4/src/main/scala/Khusnutdinov_lab_4.scala
2020.05.12 13:50:45 WARN  no build target for: /Users/x1Dman/Desktop/Study/6_sem/functionalProgramming/lab_4/src/main/scala/Khusnutdinov_lab_4.scala
May 12, 2020 1:58:14 PM org.eclipse.lsp4j.jsonrpc.RemoteEndpoint handleCancellation
WARNING: Unmatched cancel notification for request id 11227
2020.05.12 13:59:34 WARN  no build target for: /Users/x1Dman/Desktop/Study/6_sem/functionalProgramming/lab_4/src/main/scala/Khusnutdinov_lab_4.scala
2020.05.12 13:59:39 WARN  no build target for: /Users/x1Dman/Desktop/Study/6_sem/functionalProgramming/lab_4/src/main/scala/Khusnutdinov_lab_4.scala
2020.05.12 13:59:41 WARN  no build target for: /Users/x1Dman/Desktop/Study/6_sem/functionalProgramming/lab_4/src/main/scala/Khusnutdinov_lab_4.scala
2020.05.12 14:00:21 WARN  no build target for: /Users/x1Dman/Desktop/Study/6_sem/functionalProgramming/lab_4/src/main/scala/Khusnutdinov_lab_4.scala
2020.05.12 14:00:27 WARN  no build tool detected in workspace '/Users/x1Dman/Desktop/Study/6_sem/functionalProgramming/lab_4/src/main/scala'. The most common cause for this problem is that the editor was opened in the wrong working directory, for example if you use sbt then the workspace directory should contain build.sbt. 
2020.05.12 14:00:27 WARN  no build tool detected in workspace '/Users/x1Dman/Desktop/Study/6_sem/functionalProgramming/lab_4/src/main/scala'. The most common cause for this problem is that the editor was opened in the wrong working directory, for example if you use sbt then the workspace directory should contain build.sbt. 
something's wrong: no file:///Users/x1Dman/Desktop/Study/6_sem/functionalProgramming/lab_4/src/main/scala/Khusnutdinov_lab_4.scala in Array[T]RangePosition(file:///Users/x1Dman/Desktop/Study/6_sem/functionalProgramming/lab_4/src/main/scala/Khusnutdinov_lab_4.scala, 63, 63, 71)
2020.05.12 14:00:35 WARN  no build tool detected in workspace '/Users/x1Dman/Desktop/Study/6_sem/functionalProgramming/lab_4/src/main/scala'. The most common cause for this problem is that the editor was opened in the wrong working directory, for example if you use sbt then the workspace directory should contain build.sbt. 
2020.05.12 14:00:48 WARN  no build target for: /Users/x1Dman/Desktop/Study/6_sem/functionalProgramming/lab_4/src/main/scala/Khusnutdinov_lab_4.scala
2020.05.12 14:03:23 WARN  no build target for: /Users/x1Dman/Desktop/Study/6_sem/functionalProgramming/lab_4/src/main/scala/Khusnutdinov_lab_4.scala
2020.05.12 14:03:45 WARN  no build target for: /Users/x1Dman/Desktop/Study/6_sem/functionalProgramming/lab_4/src/main/scala/Khusnutdinov_lab_4.scala
2020.05.12 14:03:53 WARN  no build target for: /Users/x1Dman/Desktop/Study/6_sem/functionalProgramming/lab_4/src/main/scala/Khusnutdinov_lab_4.scala
something's wrong: no file:///Users/x1Dman/Desktop/Study/6_sem/functionalProgramming/lab_4/src/main/scala/Khusnutdinov_lab_4.scala in Summator[T]RangePosition(file:///Users/x1Dman/Desktop/Study/6_sem/functionalProgramming/lab_4/src/main/scala/Khusnutdinov_lab_4.scala, 1391, 1391, 1402)
May 12, 2020 2:05:39 PM scala.meta.internal.pc.completions.Completions completionPosition
SEVERE: null
java.lang.NullPointerException
	at scala.meta.internal.pc.completions.OverrideCompletions$OverrideCompletion.<init>(OverrideCompletions.scala:44)
	at scala.meta.internal.pc.completions.Completions.completionPositionUnsafe(Completions.scala:471)
	at scala.meta.internal.pc.completions.Completions.completionPositionUnsafe$(Completions.scala:402)
	at scala.meta.internal.pc.MetalsGlobal.completionPositionUnsafe(MetalsGlobal.scala:25)
	at scala.meta.internal.pc.completions.Completions.completionPosition(Completions.scala:394)
	at scala.meta.internal.pc.completions.Completions.completionPosition$(Completions.scala:379)
	at scala.meta.internal.pc.MetalsGlobal.completionPosition(MetalsGlobal.scala:25)
	at scala.meta.internal.pc.CompletionProvider.safeCompletionsAt(CompletionProvider.scala:416)
	at scala.meta.internal.pc.CompletionProvider.completions(CompletionProvider.scala:53)
	at scala.meta.internal.pc.ScalaPresentationCompiler.$anonfun$complete$1(ScalaPresentationCompiler.scala:170)
	at scala.meta.internal.pc.CompilerAccess.withSharedCompiler(CompilerAccess.scala:127)
	at scala.meta.internal.pc.CompilerAccess.$anonfun$withInterruptableCompiler$1(CompilerAccess.scala:81)
	at scala.meta.internal.pc.CompilerAccess.$anonfun$onCompilerJobQueue$1(CompilerAccess.scala:185)
	at scala.meta.internal.pc.CompilerJobQueue$Job.run(CompilerJobQueue.scala:101)
	at java.util.concurrent.ThreadPoolExecutor.runWorker(ThreadPoolExecutor.java:1149)
	at java.util.concurrent.ThreadPoolExecutor$Worker.run(ThreadPoolExecutor.java:624)
	at java.lang.Thread.run(Thread.java:748)

May 12, 2020 2:05:42 PM scala.meta.internal.pc.completions.Completions completionPosition
SEVERE: null
java.lang.NullPointerException
	at scala.meta.internal.pc.completions.OverrideCompletions$OverrideCompletion.<init>(OverrideCompletions.scala:44)
	at scala.meta.internal.pc.completions.Completions.completionPositionUnsafe(Completions.scala:471)
	at scala.meta.internal.pc.completions.Completions.completionPositionUnsafe$(Completions.scala:402)
	at scala.meta.internal.pc.MetalsGlobal.completionPositionUnsafe(MetalsGlobal.scala:25)
	at scala.meta.internal.pc.completions.Completions.completionPosition(Completions.scala:394)
	at scala.meta.internal.pc.completions.Completions.completionPosition$(Completions.scala:379)
	at scala.meta.internal.pc.MetalsGlobal.completionPosition(MetalsGlobal.scala:25)
	at scala.meta.internal.pc.CompletionProvider.safeCompletionsAt(CompletionProvider.scala:416)
	at scala.meta.internal.pc.CompletionProvider.completions(CompletionProvider.scala:53)
	at scala.meta.internal.pc.ScalaPresentationCompiler.$anonfun$complete$1(ScalaPresentationCompiler.scala:170)
	at scala.meta.internal.pc.CompilerAccess.withSharedCompiler(CompilerAccess.scala:127)
	at scala.meta.internal.pc.CompilerAccess.$anonfun$withInterruptableCompiler$1(CompilerAccess.scala:81)
	at scala.meta.internal.pc.CompilerAccess.$anonfun$onCompilerJobQueue$1(CompilerAccess.scala:185)
	at scala.meta.internal.pc.CompilerJobQueue$Job.run(CompilerJobQueue.scala:101)
	at java.util.concurrent.ThreadPoolExecutor.runWorker(ThreadPoolExecutor.java:1149)
	at java.util.concurrent.ThreadPoolExecutor$Worker.run(ThreadPoolExecutor.java:624)
	at java.lang.Thread.run(Thread.java:748)

2020.05.12 14:06:49 WARN  no build target for: /Users/x1Dman/Desktop/Study/6_sem/functionalProgramming/lab_4/src/main/scala/Khusnutdinov_lab_4.scala
2020.05.12 14:07:26 WARN  no build target for: /Users/x1Dman/Desktop/Study/6_sem/functionalProgramming/lab_4/src/main/scala/Khusnutdinov_lab_4.scala
2020.05.12 14:07:27 WARN  no build target for: /Users/x1Dman/Desktop/Study/6_sem/functionalProgramming/lab_4/src/main/scala/Khusnutdinov_lab_4.scala
2020.05.12 14:07:30 WARN  no build target for: /Users/x1Dman/Desktop/Study/6_sem/functionalProgramming/lab_4/src/main/scala/Khusnutdinov_lab_4.scala
May 12, 2020 2:07:44 PM org.eclipse.lsp4j.jsonrpc.RemoteEndpoint handleCancellation
WARNING: Unmatched cancel notification for request id 12708
May 12, 2020 2:07:52 PM scala.meta.internal.pc.completions.Completions completionPosition
SEVERE: null
java.lang.NullPointerException
	at scala.meta.internal.pc.completions.OverrideCompletions$OverrideCompletion.<init>(OverrideCompletions.scala:44)
	at scala.meta.internal.pc.completions.Completions.completionPositionUnsafe(Completions.scala:471)
	at scala.meta.internal.pc.completions.Completions.completionPositionUnsafe$(Completions.scala:402)
	at scala.meta.internal.pc.MetalsGlobal.completionPositionUnsafe(MetalsGlobal.scala:25)
	at scala.meta.internal.pc.completions.Completions.completionPosition(Completions.scala:394)
	at scala.meta.internal.pc.completions.Completions.completionPosition$(Completions.scala:379)
	at scala.meta.internal.pc.MetalsGlobal.completionPosition(MetalsGlobal.scala:25)
	at scala.meta.internal.pc.CompletionProvider.safeCompletionsAt(CompletionProvider.scala:416)
	at scala.meta.internal.pc.CompletionProvider.completions(CompletionProvider.scala:53)
	at scala.meta.internal.pc.ScalaPresentationCompiler.$anonfun$complete$1(ScalaPresentationCompiler.scala:170)
	at scala.meta.internal.pc.CompilerAccess.withSharedCompiler(CompilerAccess.scala:127)
	at scala.meta.internal.pc.CompilerAccess.$anonfun$withInterruptableCompiler$1(CompilerAccess.scala:81)
	at scala.meta.internal.pc.CompilerAccess.$anonfun$onCompilerJobQueue$1(CompilerAccess.scala:185)
	at scala.meta.internal.pc.CompilerJobQueue$Job.run(CompilerJobQueue.scala:101)
	at java.util.concurrent.ThreadPoolExecutor.runWorker(ThreadPoolExecutor.java:1149)
	at java.util.concurrent.ThreadPoolExecutor$Worker.run(ThreadPoolExecutor.java:624)
	at java.lang.Thread.run(Thread.java:748)

May 12, 2020 2:07:54 PM scala.meta.internal.pc.completions.Completions completionPosition
SEVERE: null
java.lang.NullPointerException
	at scala.meta.internal.pc.completions.OverrideCompletions$OverrideCompletion.<init>(OverrideCompletions.scala:44)
	at scala.meta.internal.pc.completions.Completions.completionPositionUnsafe(Completions.scala:471)
	at scala.meta.internal.pc.completions.Completions.completionPositionUnsafe$(Completions.scala:402)
	at scala.meta.internal.pc.MetalsGlobal.completionPositionUnsafe(MetalsGlobal.scala:25)
	at scala.meta.internal.pc.completions.Completions.completionPosition(Completions.scala:394)
	at scala.meta.internal.pc.completions.Completions.completionPosition$(Completions.scala:379)
	at scala.meta.internal.pc.MetalsGlobal.completionPosition(MetalsGlobal.scala:25)
	at scala.meta.internal.pc.CompletionProvider.safeCompletionsAt(CompletionProvider.scala:416)
	at scala.meta.internal.pc.CompletionProvider.completions(CompletionProvider.scala:53)
	at scala.meta.internal.pc.ScalaPresentationCompiler.$anonfun$complete$1(ScalaPresentationCompiler.scala:170)
	at scala.meta.internal.pc.CompilerAccess.withSharedCompiler(CompilerAccess.scala:127)
	at scala.meta.internal.pc.CompilerAccess.$anonfun$withInterruptableCompiler$1(CompilerAccess.scala:81)
	at scala.meta.internal.pc.CompilerAccess.$anonfun$onCompilerJobQueue$1(CompilerAccess.scala:185)
	at scala.meta.internal.pc.CompilerJobQueue$Job.run(CompilerJobQueue.scala:101)
	at java.util.concurrent.ThreadPoolExecutor.runWorker(ThreadPoolExecutor.java:1149)
	at java.util.concurrent.ThreadPoolExecutor$Worker.run(ThreadPoolExecutor.java:624)
	at java.lang.Thread.run(Thread.java:748)

May 12, 2020 2:07:55 PM scala.meta.internal.pc.completions.Completions completionPosition
SEVERE: null
java.lang.NullPointerException
	at scala.meta.internal.pc.completions.OverrideCompletions$OverrideCompletion.<init>(OverrideCompletions.scala:44)
	at scala.meta.internal.pc.completions.Completions.completionPositionUnsafe(Completions.scala:471)
	at scala.meta.internal.pc.completions.Completions.completionPositionUnsafe$(Completions.scala:402)
	at scala.meta.internal.pc.MetalsGlobal.completionPositionUnsafe(MetalsGlobal.scala:25)
	at scala.meta.internal.pc.completions.Completions.completionPosition(Completions.scala:394)
	at scala.meta.internal.pc.completions.Completions.completionPosition$(Completions.scala:379)
	at scala.meta.internal.pc.MetalsGlobal.completionPosition(MetalsGlobal.scala:25)
	at scala.meta.internal.pc.CompletionProvider.safeCompletionsAt(CompletionProvider.scala:416)
	at scala.meta.internal.pc.CompletionProvider.completions(CompletionProvider.scala:53)
	at scala.meta.internal.pc.ScalaPresentationCompiler.$anonfun$complete$1(ScalaPresentationCompiler.scala:170)
	at scala.meta.internal.pc.CompilerAccess.withSharedCompiler(CompilerAccess.scala:127)
	at scala.meta.internal.pc.CompilerAccess.$anonfun$withInterruptableCompiler$1(CompilerAccess.scala:81)
	at scala.meta.internal.pc.CompilerAccess.$anonfun$onCompilerJobQueue$1(CompilerAccess.scala:185)
	at scala.meta.internal.pc.CompilerJobQueue$Job.run(CompilerJobQueue.scala:101)
	at java.util.concurrent.ThreadPoolExecutor.runWorker(ThreadPoolExecutor.java:1149)
	at java.util.concurrent.ThreadPoolExecutor$Worker.run(ThreadPoolExecutor.java:624)
	at java.lang.Thread.run(Thread.java:748)

May 12, 2020 2:07:56 PM scala.meta.internal.pc.completions.Completions completionPosition
SEVERE: null
java.lang.NullPointerException
	at scala.meta.internal.pc.completions.OverrideCompletions$OverrideCompletion.<init>(OverrideCompletions.scala:44)
	at scala.meta.internal.pc.completions.Completions.completionPositionUnsafe(Completions.scala:471)
	at scala.meta.internal.pc.completions.Completions.completionPositionUnsafe$(Completions.scala:402)
	at scala.meta.internal.pc.MetalsGlobal.completionPositionUnsafe(MetalsGlobal.scala:25)
	at scala.meta.internal.pc.completions.Completions.completionPosition(Completions.scala:394)
	at scala.meta.internal.pc.completions.Completions.completionPosition$(Completions.scala:379)
	at scala.meta.internal.pc.MetalsGlobal.completionPosition(MetalsGlobal.scala:25)
	at scala.meta.internal.pc.CompletionProvider.safeCompletionsAt(CompletionProvider.scala:416)
	at scala.meta.internal.pc.CompletionProvider.completions(CompletionProvider.scala:53)
	at scala.meta.internal.pc.ScalaPresentationCompiler.$anonfun$complete$1(ScalaPresentationCompiler.scala:170)
	at scala.meta.internal.pc.CompilerAccess.withSharedCompiler(CompilerAccess.scala:127)
	at scala.meta.internal.pc.CompilerAccess.$anonfun$withInterruptableCompiler$1(CompilerAccess.scala:81)
	at scala.meta.internal.pc.CompilerAccess.$anonfun$onCompilerJobQueue$1(CompilerAccess.scala:185)
	at scala.meta.internal.pc.CompilerJobQueue$Job.run(CompilerJobQueue.scala:101)
	at java.util.concurrent.ThreadPoolExecutor.runWorker(ThreadPoolExecutor.java:1149)
	at java.util.concurrent.ThreadPoolExecutor$Worker.run(ThreadPoolExecutor.java:624)
	at java.lang.Thread.run(Thread.java:748)

May 12, 2020 2:07:56 PM scala.meta.internal.pc.completions.Completions completionPosition
SEVERE: null
java.lang.NullPointerException
	at scala.meta.internal.pc.completions.OverrideCompletions$OverrideCompletion.<init>(OverrideCompletions.scala:44)
	at scala.meta.internal.pc.completions.Completions.completionPositionUnsafe(Completions.scala:471)
	at scala.meta.internal.pc.completions.Completions.completionPositionUnsafe$(Completions.scala:402)
	at scala.meta.internal.pc.MetalsGlobal.completionPositionUnsafe(MetalsGlobal.scala:25)
	at scala.meta.internal.pc.completions.Completions.completionPosition(Completions.scala:394)
	at scala.meta.internal.pc.completions.Completions.completionPosition$(Completions.scala:379)
	at scala.meta.internal.pc.MetalsGlobal.completionPosition(MetalsGlobal.scala:25)
	at scala.meta.internal.pc.CompletionProvider.safeCompletionsAt(CompletionProvider.scala:416)
	at scala.meta.internal.pc.CompletionProvider.completions(CompletionProvider.scala:53)
	at scala.meta.internal.pc.ScalaPresentationCompiler.$anonfun$complete$1(ScalaPresentationCompiler.scala:170)
	at scala.meta.internal.pc.CompilerAccess.withSharedCompiler(CompilerAccess.scala:127)
	at scala.meta.internal.pc.CompilerAccess.$anonfun$withInterruptableCompiler$1(CompilerAccess.scala:81)
	at scala.meta.internal.pc.CompilerAccess.$anonfun$onCompilerJobQueue$1(CompilerAccess.scala:185)
	at scala.meta.internal.pc.CompilerJobQueue$Job.run(CompilerJobQueue.scala:101)
	at java.util.concurrent.ThreadPoolExecutor.runWorker(ThreadPoolExecutor.java:1149)
	at java.util.concurrent.ThreadPoolExecutor$Worker.run(ThreadPoolExecutor.java:624)
	at java.lang.Thread.run(Thread.java:748)

May 12, 2020 2:07:56 PM scala.meta.internal.pc.completions.Completions completionPosition
SEVERE: null
java.lang.NullPointerException
	at scala.meta.internal.pc.completions.OverrideCompletions$OverrideCompletion.<init>(OverrideCompletions.scala:44)
	at scala.meta.internal.pc.completions.Completions.completionPositionUnsafe(Completions.scala:471)
	at scala.meta.internal.pc.completions.Completions.completionPositionUnsafe$(Completions.scala:402)
	at scala.meta.internal.pc.MetalsGlobal.completionPositionUnsafe(MetalsGlobal.scala:25)
	at scala.meta.internal.pc.completions.Completions.completionPosition(Completions.scala:394)
	at scala.meta.internal.pc.completions.Completions.completionPosition$(Completions.scala:379)
	at scala.meta.internal.pc.MetalsGlobal.completionPosition(MetalsGlobal.scala:25)
	at scala.meta.internal.pc.CompletionProvider.safeCompletionsAt(CompletionProvider.scala:416)
	at scala.meta.internal.pc.CompletionProvider.completions(CompletionProvider.scala:53)
	at scala.meta.internal.pc.ScalaPresentationCompiler.$anonfun$complete$1(ScalaPresentationCompiler.scala:170)
	at scala.meta.internal.pc.CompilerAccess.withSharedCompiler(CompilerAccess.scala:127)
	at scala.meta.internal.pc.CompilerAccess.$anonfun$withInterruptableCompiler$1(CompilerAccess.scala:81)
	at scala.meta.internal.pc.CompilerAccess.$anonfun$onCompilerJobQueue$1(CompilerAccess.scala:185)
	at scala.meta.internal.pc.CompilerJobQueue$Job.run(CompilerJobQueue.scala:101)
	at java.util.concurrent.ThreadPoolExecutor.runWorker(ThreadPoolExecutor.java:1149)
	at java.util.concurrent.ThreadPoolExecutor$Worker.run(ThreadPoolExecutor.java:624)
	at java.lang.Thread.run(Thread.java:748)

2020.05.12 14:09:45 WARN  no build tool detected in workspace '/Users/x1Dman/Desktop/Study/6_sem/functionalProgramming/lab_4/src/main/scala'. The most common cause for this problem is that the editor was opened in the wrong working directory, for example if you use sbt then the workspace directory should contain build.sbt. 
2020.05.12 14:09:45 WARN  no build target for: /Users/x1Dman/Desktop/Study/6_sem/functionalProgramming/lab_4/src/main/scala/Khusnutdinov_lab_4.scala
May 12, 2020 2:09:56 PM scala.meta.internal.pc.completions.Completions completionPosition
SEVERE: null
java.lang.NullPointerException
	at scala.meta.internal.pc.completions.OverrideCompletions$OverrideCompletion.<init>(OverrideCompletions.scala:44)
	at scala.meta.internal.pc.completions.Completions.completionPositionUnsafe(Completions.scala:471)
	at scala.meta.internal.pc.completions.Completions.completionPositionUnsafe$(Completions.scala:402)
	at scala.meta.internal.pc.MetalsGlobal.completionPositionUnsafe(MetalsGlobal.scala:25)
	at scala.meta.internal.pc.completions.Completions.completionPosition(Completions.scala:394)
	at scala.meta.internal.pc.completions.Completions.completionPosition$(Completions.scala:379)
	at scala.meta.internal.pc.MetalsGlobal.completionPosition(MetalsGlobal.scala:25)
	at scala.meta.internal.pc.CompletionProvider.safeCompletionsAt(CompletionProvider.scala:416)
	at scala.meta.internal.pc.CompletionProvider.completions(CompletionProvider.scala:53)
	at scala.meta.internal.pc.ScalaPresentationCompiler.$anonfun$complete$1(ScalaPresentationCompiler.scala:170)
	at scala.meta.internal.pc.CompilerAccess.withSharedCompiler(CompilerAccess.scala:127)
	at scala.meta.internal.pc.CompilerAccess.$anonfun$withInterruptableCompiler$1(CompilerAccess.scala:81)
	at scala.meta.internal.pc.CompilerAccess.$anonfun$onCompilerJobQueue$1(CompilerAccess.scala:185)
	at scala.meta.internal.pc.CompilerJobQueue$Job.run(CompilerJobQueue.scala:101)
	at java.util.concurrent.ThreadPoolExecutor.runWorker(ThreadPoolExecutor.java:1149)
	at java.util.concurrent.ThreadPoolExecutor$Worker.run(ThreadPoolExecutor.java:624)
	at java.lang.Thread.run(Thread.java:748)

2020.05.12 14:10:10 WARN  no build target for: /Users/x1Dman/Desktop/Study/6_sem/functionalProgramming/lab_4/src/main/scala/Khusnutdinov_lab_4.scala
2020.05.12 14:10:19 WARN  no build target for: /Users/x1Dman/Desktop/Study/6_sem/functionalProgramming/lab_4/src/main/scala/Khusnutdinov_lab_4.scala
2020.05.12 14:10:27 WARN  no build target for: /Users/x1Dman/Desktop/Study/6_sem/functionalProgramming/lab_4/src/main/scala/Khusnutdinov_lab_4.scala
2020.05.12 14:11:52 WARN  no build target for: /Users/x1Dman/Desktop/Study/6_sem/functionalProgramming/lab_4/src/main/scala/Khusnutdinov_lab_4.scala
2020.05.12 14:11:55 WARN  no build tool detected in workspace '/Users/x1Dman/Desktop/Study/6_sem/functionalProgramming/lab_4/src/main/scala'. The most common cause for this problem is that the editor was opened in the wrong working directory, for example if you use sbt then the workspace directory should contain build.sbt. 
May 12, 2020 2:11:55 PM scala.meta.internal.pc.CompilerAccess retryWithCleanCompiler
INFO: compiler crashed due to an error in the Scala compiler, retrying with new compiler instance.
May 12, 2020 2:11:55 PM scala.meta.internal.pc.CompilerAccess handleError
SEVERE: 
  unexpected tree: class scala.reflect.internal.Trees$Template
T {
  <synthetic> val <<error: <none>>: error>: <error> = m.cm((list: Array))
}
     while compiling: file:///Users/x1Dman/Desktop/Study/6_sem/functionalProgramming/lab_4/src/main/scala/Khusnutdinov_lab_4.scala
        during phase: globalPhase=<no phase>, enteringPhase=parser
     library version: version 2.12.11
    compiler version: version 2.12.11
  reconstructed args: -classpath /Users/x1Dman/Library/Caches/Coursier/v1/https/repo1.maven.org/maven2/org/scala-lang/scala-library/2.12.11/scala-library-2.12.11.jar -Ymacro-expand:discard -Ycache-plugin-class-loader:last-modified -Ypresentation-any-thread

  last tree to typer: Template
       tree position: line 48 of file:///Users/x1Dman/Desktop/Study/6_sem/functionalProgramming/lab_4/src/main/scala/Khusnutdinov_lab_4.scala
              symbol: <none>
   symbol definition: <none> (a NoSymbol)
      symbol package: <none>
       symbol owners: 
           call site: <none> in <none>

== Source file context for tree position ==

    45         return 0.5 * Math.abs((p2.x - p1.x) * (p3.y - p1.y) - (p3.x - p1.x) * (p2.y - p1.y))
    46     }
    47 
    48     def countMassCenter(implicit m: Summator[T]) : T {
    49         val value = m.cm(list: Array(p1, p2, p3), w: Array(w1, w2, w3))
    50         return value
    51     }
scala.reflect.internal.FatalError: 
  unexpected tree: class scala.reflect.internal.Trees$Template
T {
  <synthetic> val <<error: <none>>: error>: <error> = m.cm((list: Array))
}
     while compiling: file:///Users/x1Dman/Desktop/Study/6_sem/functionalProgramming/lab_4/src/main/scala/Khusnutdinov_lab_4.scala
        during phase: globalPhase=<no phase>, enteringPhase=parser
     library version: version 2.12.11
    compiler version: version 2.12.11
  reconstructed args: -classpath /Users/x1Dman/Library/Caches/Coursier/v1/https/repo1.maven.org/maven2/org/scala-lang/scala-library/2.12.11/scala-library-2.12.11.jar -Ymacro-expand:discard -Ycache-plugin-class-loader:last-modified -Ypresentation-any-thread

  last tree to typer: Template
       tree position: line 48 of file:///Users/x1Dman/Desktop/Study/6_sem/functionalProgramming/lab_4/src/main/scala/Khusnutdinov_lab_4.scala
              symbol: <none>
   symbol definition: <none> (a NoSymbol)
      symbol package: <none>
       symbol owners: 
           call site: <none> in <none>

== Source file context for tree position ==

    45         return 0.5 * Math.abs((p2.x - p1.x) * (p3.y - p1.y) - (p3.x - p1.x) * (p2.y - p1.y))
    46     }
    47 
    48     def countMassCenter(implicit m: Summator[T]) : T {
    49         val value = m.cm(list: Array(p1, p2, p3), w: Array(w1, w2, w3))
    50         return value
    51     }
	at scala.reflect.internal.Reporting.abort(Reporting.scala:68)
	at scala.reflect.internal.Reporting.abort$(Reporting.scala:64)
	at scala.reflect.internal.SymbolTable.abort(SymbolTable.scala:28)
	at scala.tools.nsc.typechecker.Typers$Typer.typedOutsidePatternMode$1(Typers.scala:5680)
	at scala.tools.nsc.typechecker.Typers$Typer.typed1(Typers.scala:5697)
	at scala.tools.nsc.typechecker.Typers$Typer.typed(Typers.scala:5733)
	at scala.tools.nsc.typechecker.Typers$Typer.typedQualifier(Typers.scala:5817)
	at scala.meta.internal.pc.PcDefinitionProvider.definitionTypedTreeAt(PcDefinitionProvider.scala:107)
	at scala.meta.internal.pc.PcDefinitionProvider.definition(PcDefinitionProvider.scala:22)

2020.05.12 14:11:55 WARN  no build target for: /Users/x1Dman/Desktop/Study/6_sem/functionalProgramming/lab_4/src/main/scala/Khusnutdinov_lab_4.scala
2020.05.12 14:12:02 WARN  no build target for: /Users/x1Dman/Desktop/Study/6_sem/functionalProgramming/lab_4/src/main/scala/Khusnutdinov_lab_4.scala
something's wrong: no file:///Users/x1Dman/Desktop/Study/6_sem/functionalProgramming/lab_4/src/main/scala/Khusnutdinov_lab_4.scala in Summator[T]RangePosition(file:///Users/x1Dman/Desktop/Study/6_sem/functionalProgramming/lab_4/src/main/scala/Khusnutdinov_lab_4.scala, 1391, 1391, 1402)
2020.05.12 14:12:20 WARN  no build target for: /Users/x1Dman/Desktop/Study/6_sem/functionalProgramming/lab_4/src/main/scala/Khusnutdinov_lab_4.scala
2020.05.12 14:12:21 WARN  no build target for: /Users/x1Dman/Desktop/Study/6_sem/functionalProgramming/lab_4/src/main/scala/Khusnutdinov_lab_4.scala
2020.05.12 14:12:24 WARN  no build target for: /Users/x1Dman/Desktop/Study/6_sem/functionalProgramming/lab_4/src/main/scala/Khusnutdinov_lab_4.scala
2020.05.12 14:13:12 WARN  no build target for: /Users/x1Dman/Desktop/Study/6_sem/functionalProgramming/lab_4/src/main/scala/Khusnutdinov_lab_4.scala
2020.05.12 14:13:36 WARN  no build target for: /Users/x1Dman/Desktop/Study/6_sem/functionalProgramming/lab_4/src/main/scala/Khusnutdinov_lab_4.scala
2020.05.12 14:13:37 WARN  no build target for: /Users/x1Dman/Desktop/Study/6_sem/functionalProgramming/lab_4/src/main/scala/Khusnutdinov_lab_4.scala
2020.05.12 14:13:38 WARN  no build target for: /Users/x1Dman/Desktop/Study/6_sem/functionalProgramming/lab_4/src/main/scala/Khusnutdinov_lab_4.scala
2020.05.12 14:13:40 WARN  no build target for: /Users/x1Dman/Desktop/Study/6_sem/functionalProgramming/lab_4/src/main/scala/Khusnutdinov_lab_4.scala
2020.05.12 14:13:40 WARN  no build target for: /Users/x1Dman/Desktop/Study/6_sem/functionalProgramming/lab_4/src/main/scala/Khusnutdinov_lab_4.scala
2020.05.12 14:13:40 WARN  no build target for: /Users/x1Dman/Desktop/Study/6_sem/functionalProgramming/lab_4/src/main/scala/Khusnutdinov_lab_4.scala
2020.05.12 14:13:40 WARN  no build target for: /Users/x1Dman/Desktop/Study/6_sem/functionalProgramming/lab_4/src/main/scala/Khusnutdinov_lab_4.scala
2020.05.12 14:13:40 WARN  no build target for: /Users/x1Dman/Desktop/Study/6_sem/functionalProgramming/lab_4/src/main/scala/Khusnutdinov_lab_4.scala
2020.05.12 14:13:41 WARN  no build target for: /Users/x1Dman/Desktop/Study/6_sem/functionalProgramming/lab_4/src/main/scala/Khusnutdinov_lab_4.scala
2020.05.12 14:14:10 WARN  no build target for: /Users/x1Dman/Desktop/Study/6_sem/functionalProgramming/lab_4/src/main/scala/Khusnutdinov_lab_4.scala
2020.05.12 14:14:52 WARN  no build target for: /Users/x1Dman/Desktop/Study/6_sem/functionalProgramming/lab_4/src/main/scala/Khusnutdinov_lab_4.scala
2020.05.12 14:15:26 WARN  no build tool detected in workspace '/Users/x1Dman/Desktop/Study/6_sem/functionalProgramming/lab_4/src/main/scala'. The most common cause for this problem is that the editor was opened in the wrong working directory, for example if you use sbt then the workspace directory should contain build.sbt. 
something's wrong: no file:///Users/x1Dman/Desktop/Study/6_sem/functionalProgramming/lab_4/src/main/scala/Khusnutdinov_lab_4.scala in Array[Double]RangePosition(file:///Users/x1Dman/Desktop/Study/6_sem/functionalProgramming/lab_4/src/main/scala/Khusnutdinov_lab_4.scala, 330, 330, 343)
2020.05.12 14:15:58 WARN  no build tool detected in workspace '/Users/x1Dman/Desktop/Study/6_sem/functionalProgramming/lab_4/src/main/scala'. The most common cause for this problem is that the editor was opened in the wrong working directory, for example if you use sbt then the workspace directory should contain build.sbt. 
2020.05.12 14:15:58 WARN  no build target for: /Users/x1Dman/Desktop/Study/6_sem/functionalProgramming/lab_4/src/main/scala/Khusnutdinov_lab_4.scala
2020.05.12 14:15:59 WARN  no build target for: /Users/x1Dman/Desktop/Study/6_sem/functionalProgramming/lab_4/src/main/scala/Khusnutdinov_lab_4.scala
2020.05.12 14:15:59 WARN  no build target for: /Users/x1Dman/Desktop/Study/6_sem/functionalProgramming/lab_4/src/main/scala/Khusnutdinov_lab_4.scala
something's wrong: no file:///Users/x1Dman/Desktop/Study/6_sem/functionalProgramming/lab_4/src/main/scala/Khusnutdinov_lab_4.scala in Summator[Double]RangePosition(file:///Users/x1Dman/Desktop/Study/6_sem/functionalProgramming/lab_4/src/main/scala/Khusnutdinov_lab_4.scala, 241, 241, 257)
2020.05.12 14:16:07 WARN  no build target for: /Users/x1Dman/Desktop/Study/6_sem/functionalProgramming/lab_4/src/main/scala/Khusnutdinov_lab_4.scala
2020.05.12 14:16:49 WARN  no build target for: /Users/x1Dman/Desktop/Study/6_sem/functionalProgramming/lab_4/src/main/scala/Khusnutdinov_lab_4.scala
2020.05.12 14:17:01 WARN  no build target for: /Users/x1Dman/Desktop/Study/6_sem/functionalProgramming/lab_4/src/main/scala/Khusnutdinov_lab_4.scala
2020.05.12 14:17:34 WARN  no build target for: /Users/x1Dman/Desktop/Study/6_sem/functionalProgramming/lab_4/src/main/scala/Khusnutdinov_lab_4.scala
2020.05.12 14:17:46 WARN  no build target for: /Users/x1Dman/Desktop/Study/6_sem/functionalProgramming/lab_4/src/main/scala/Khusnutdinov_lab_4.scala
2020.05.12 14:17:46 WARN  no build tool detected in workspace '/Users/x1Dman/Desktop/Study/6_sem/functionalProgramming/lab_4/src/main/scala'. The most common cause for this problem is that the editor was opened in the wrong working directory, for example if you use sbt then the workspace directory should contain build.sbt. 
2020.05.12 14:17:59 WARN  no build target for: /Users/x1Dman/Desktop/Study/6_sem/functionalProgramming/lab_4/src/main/scala/Khusnutdinov_lab_4.scala
May 12, 2020 2:18:00 PM org.eclipse.lsp4j.jsonrpc.RemoteEndpoint handleCancellation
WARNING: Unmatched cancel notification for request id 13787
2020.05.12 14:18:02 WARN  no build target for: /Users/x1Dman/Desktop/Study/6_sem/functionalProgramming/lab_4/src/main/scala/Khusnutdinov_lab_4.scala
2020.05.12 14:18:50 WARN  no build target for: /Users/x1Dman/Desktop/Study/6_sem/functionalProgramming/lab_4/src/main/scala/Khusnutdinov_lab_4.scala
2020.05.12 14:19:46 WARN  no build target for: /Users/x1Dman/Desktop/Study/6_sem/functionalProgramming/lab_4/src/main/scala/Khusnutdinov_lab_4.scala
2020.05.12 14:20:32 WARN  no build target for: /Users/x1Dman/Desktop/Study/6_sem/functionalProgramming/lab_4/src/main/scala/Khusnutdinov_lab_4.scala
2020.05.12 14:20:32 WARN  no build tool detected in workspace '/Users/x1Dman/Desktop/Study/6_sem/functionalProgramming/lab_4/src/main/scala'. The most common cause for this problem is that the editor was opened in the wrong working directory, for example if you use sbt then the workspace directory should contain build.sbt. 
2020.05.12 14:20:32 WARN  no build target for: /Users/x1Dman/Desktop/Study/6_sem/functionalProgramming/lab_4/src/main/scala/Khusnutdinov_lab_4.scala
something's wrong: no file:///Users/x1Dman/Desktop/Study/6_sem/functionalProgramming/lab_4/src/main/scala/Khusnutdinov_lab_4.scala in Array[T]RangePosition(file:///Users/x1Dman/Desktop/Study/6_sem/functionalProgramming/lab_4/src/main/scala/Khusnutdinov_lab_4.scala, 151, 151, 159)
something's wrong: no file:///Users/x1Dman/Desktop/Study/6_sem/functionalProgramming/lab_4/src/main/scala/Khusnutdinov_lab_4.scala in Array[<error>]RangePosition(file:///Users/x1Dman/Desktop/Study/6_sem/functionalProgramming/lab_4/src/main/scala/Khusnutdinov_lab_4.scala, 341, 341, 349)
2020.05.12 14:21:02 WARN  no build target for: /Users/x1Dman/Desktop/Study/6_sem/functionalProgramming/lab_4/src/main/scala/Khusnutdinov_lab_4.scala
2020.05.12 14:21:18 WARN  no build target for: /Users/x1Dman/Desktop/Study/6_sem/functionalProgramming/lab_4/src/main/scala/Khusnutdinov_lab_4.scala
2020.05.12 14:21:28 WARN  no build target for: /Users/x1Dman/Desktop/Study/6_sem/functionalProgramming/lab_4/src/main/scala/Khusnutdinov_lab_4.scala
2020.05.12 14:21:36 WARN  no build target for: /Users/x1Dman/Desktop/Study/6_sem/functionalProgramming/lab_4/src/main/scala/Khusnutdinov_lab_4.scala
2020.05.12 14:22:31 WARN  no build target for: /Users/x1Dman/Desktop/Study/6_sem/functionalProgramming/lab_4/src/main/scala/Khusnutdinov_lab_4.scala
2020.05.12 14:22:31 WARN  no build target for: /Users/x1Dman/Desktop/Study/6_sem/functionalProgramming/lab_4/src/main/scala/Khusnutdinov_lab_4.scala
2020.05.12 14:22:31 WARN  no build target for: /Users/x1Dman/Desktop/Study/6_sem/functionalProgramming/lab_4/src/main/scala/Khusnutdinov_lab_4.scala
2020.05.12 14:22:31 WARN  no build target for: /Users/x1Dman/Desktop/Study/6_sem/functionalProgramming/lab_4/src/main/scala/Khusnutdinov_lab_4.scala
2020.05.12 14:22:31 WARN  no build target for: /Users/x1Dman/Desktop/Study/6_sem/functionalProgramming/lab_4/src/main/scala/Khusnutdinov_lab_4.scala
2020.05.12 14:22:34 WARN  no build target for: /Users/x1Dman/Desktop/Study/6_sem/functionalProgramming/lab_4/src/main/scala/Khusnutdinov_lab_4.scala
2020.05.12 14:22:38 WARN  no build target for: /Users/x1Dman/Desktop/Study/6_sem/functionalProgramming/lab_4/src/main/scala/Khusnutdinov_lab_4.scala
2020.05.12 14:22:55 WARN  no build target for: /Users/x1Dman/Desktop/Study/6_sem/functionalProgramming/lab_4/src/main/scala/Khusnutdinov_lab_4.scala
2020.05.12 14:22:55 WARN  no build target for: /Users/x1Dman/Desktop/Study/6_sem/functionalProgramming/lab_4/src/main/scala/Khusnutdinov_lab_4.scala
something's wrong: no file:///Users/x1Dman/Desktop/Study/6_sem/functionalProgramming/lab_4/src/main/scala/Khusnutdinov_lab_4.scala in Summator[Float]RangePosition(file:///Users/x1Dman/Desktop/Study/6_sem/functionalProgramming/lab_4/src/main/scala/Khusnutdinov_lab_4.scala, 264, 264, 279)
2020.05.12 14:23:20 WARN  no build tool detected in workspace '/Users/x1Dman/Desktop/Study/6_sem/functionalProgramming/lab_4/src/main/scala'. The most common cause for this problem is that the editor was opened in the wrong working directory, for example if you use sbt then the workspace directory should contain build.sbt. 
something's wrong: no file:///Users/x1Dman/Desktop/Study/6_sem/functionalProgramming/lab_4/src/main/scala/Khusnutdinov_lab_4.scala in Array[Double]RangePosition(file:///Users/x1Dman/Desktop/Study/6_sem/functionalProgramming/lab_4/src/main/scala/Khusnutdinov_lab_4.scala, 329, 329, 342)
something's wrong: no file:///Users/x1Dman/Desktop/Study/6_sem/functionalProgramming/lab_4/src/main/scala/Khusnutdinov_lab_4.scala in Array[Double]RangePosition(file:///Users/x1Dman/Desktop/Study/6_sem/functionalProgramming/lab_4/src/main/scala/Khusnutdinov_lab_4.scala, 311, 311, 324)
something's wrong: no file:///Users/x1Dman/Desktop/Study/6_sem/functionalProgramming/lab_4/src/main/scala/Khusnutdinov_lab_4.scala in Array[Double]RangePosition(file:///Users/x1Dman/Desktop/Study/6_sem/functionalProgramming/lab_4/src/main/scala/Khusnutdinov_lab_4.scala, 311, 311, 324)
something's wrong: no file:///Users/x1Dman/Desktop/Study/6_sem/functionalProgramming/lab_4/src/main/scala/Khusnutdinov_lab_4.scala in Summator[Float]RangePosition(file:///Users/x1Dman/Desktop/Study/6_sem/functionalProgramming/lab_4/src/main/scala/Khusnutdinov_lab_4.scala, 242, 242, 257)
2020.05.12 14:23:30 WARN  no build tool detected in workspace '/Users/x1Dman/Desktop/Study/6_sem/functionalProgramming/lab_4/src/main/scala'. The most common cause for this problem is that the editor was opened in the wrong working directory, for example if you use sbt then the workspace directory should contain build.sbt. 
2020.05.12 14:23:30 WARN  no build target for: /Users/x1Dman/Desktop/Study/6_sem/functionalProgramming/lab_4/src/main/scala/Khusnutdinov_lab_4.scala
2020.05.12 14:23:30 WARN  no build tool detected in workspace '/Users/x1Dman/Desktop/Study/6_sem/functionalProgramming/lab_4/src/main/scala'. The most common cause for this problem is that the editor was opened in the wrong working directory, for example if you use sbt then the workspace directory should contain build.sbt. 
2020.05.12 14:23:31 WARN  no build target for: /Users/x1Dman/Desktop/Study/6_sem/functionalProgramming/lab_4/src/main/scala/Khusnutdinov_lab_4.scala
something's wrong: no file:///Users/x1Dman/Desktop/Study/6_sem/functionalProgramming/lab_4/src/main/scala/Khusnutdinov_lab_4.scala in Summator[Double]RangePosition(file:///Users/x1Dman/Desktop/Study/6_sem/functionalProgramming/lab_4/src/main/scala/Khusnutdinov_lab_4.scala, 242, 242, 258)
2020.05.12 14:23:43 WARN  no build target for: /Users/x1Dman/Desktop/Study/6_sem/functionalProgramming/lab_4/src/main/scala/Khusnutdinov_lab_4.scala
2020.05.12 14:23:57 WARN  no build tool detected in workspace '/Users/x1Dman/Desktop/Study/6_sem/functionalProgramming/lab_4/src/main/scala'. The most common cause for this problem is that the editor was opened in the wrong working directory, for example if you use sbt then the workspace directory should contain build.sbt. 
2020.05.12 14:24:02 WARN  no build target for: /Users/x1Dman/Desktop/Study/6_sem/functionalProgramming/lab_4/src/main/scala/Khusnutdinov_lab_4.scala
2020.05.12 14:24:02 WARN  no build target for: /Users/x1Dman/Desktop/Study/6_sem/functionalProgramming/lab_4/src/main/scala/Khusnutdinov_lab_4.scala
something's wrong: no file:///Users/x1Dman/Desktop/Study/6_sem/functionalProgramming/lab_4/src/main/scala/Khusnutdinov_lab_4.scala in Array[T]RangePosition(file:///Users/x1Dman/Desktop/Study/6_sem/functionalProgramming/lab_4/src/main/scala/Khusnutdinov_lab_4.scala, 64, 64, 72)
something's wrong: no file:///Users/x1Dman/Desktop/Study/6_sem/functionalProgramming/lab_4/src/main/scala/Khusnutdinov_lab_4.scala in Array[Double]RangePosition(file:///Users/x1Dman/Desktop/Study/6_sem/functionalProgramming/lab_4/src/main/scala/Khusnutdinov_lab_4.scala, 114, 114, 127)
something's wrong: no file:///Users/x1Dman/Desktop/Study/6_sem/functionalProgramming/lab_4/src/main/scala/Khusnutdinov_lab_4.scala in Summator[T]RangePosition(file:///Users/x1Dman/Desktop/Study/6_sem/functionalProgramming/lab_4/src/main/scala/Khusnutdinov_lab_4.scala, 96, 96, 106)
2020.05.12 14:30:38 WARN  no build tool detected in workspace '/Users/x1Dman/Desktop/Study/6_sem/functionalProgramming/lab_4/src/main/scala'. The most common cause for this problem is that the editor was opened in the wrong working directory, for example if you use sbt then the workspace directory should contain build.sbt. 
2020.05.13 07:48:16 WARN  no build target for: /Users/x1Dman/Desktop/Study/6_sem/functionalProgramming/lab_4/src/main/scala/Khusnutdinov_lab_4.scala
2020.05.13 09:40:29 WARN  no build target for: /Users/x1Dman/Desktop/Study/6_sem/functionalProgramming/lab_4/src/main/scala/Khusnutdinov_lab_4.scala
2020.05.13 09:40:30 WARN  no build target for: /Users/x1Dman/Desktop/Study/6_sem/functionalProgramming/lab_4/src/main/scala/Khusnutdinov_lab_4.scala
something's wrong: no file:///Users/x1Dman/Desktop/Study/6_sem/functionalProgramming/lab_4/src/main/scala/Khusnutdinov_lab_4.scala in Array[Point]RangePosition(file:///Users/x1Dman/Desktop/Study/6_sem/functionalProgramming/lab_4/src/main/scala/Khusnutdinov_lab_4.scala, 43, 43, 55)
something's wrong: no file:///Users/x1Dman/Desktop/Study/6_sem/functionalProgramming/lab_4/src/main/scala/Khusnutdinov_lab_4.scala in Array[T]RangePosition(file:///Users/x1Dman/Desktop/Study/6_sem/functionalProgramming/lab_4/src/main/scala/Khusnutdinov_lab_4.scala, 60, 60, 67)
something's wrong: no file:///Users/x1Dman/Desktop/Study/6_sem/functionalProgramming/lab_4/src/main/scala/Khusnutdinov_lab_4.scala in Array[T]RangePosition(file:///Users/x1Dman/Desktop/Study/6_sem/functionalProgramming/lab_4/src/main/scala/Khusnutdinov_lab_4.scala, 60, 60, 67)
something's wrong: no file:///Users/x1Dman/Desktop/Study/6_sem/functionalProgramming/lab_4/src/main/scala/Khusnutdinov_lab_4.scala in Array[T]RangePosition(file:///Users/x1Dman/Desktop/Study/6_sem/functionalProgramming/lab_4/src/main/scala/Khusnutdinov_lab_4.scala, 60, 60, 68)
something's wrong: no file:///Users/x1Dman/Desktop/Study/6_sem/functionalProgramming/lab_4/src/main/scala/Khusnutdinov_lab_4.scala in Array[T]RangePosition(file:///Users/x1Dman/Desktop/Study/6_sem/functionalProgramming/lab_4/src/main/scala/Khusnutdinov_lab_4.scala, 60, 60, 68)
something's wrong: no file:///Users/x1Dman/Desktop/Study/6_sem/functionalProgramming/lab_4/src/main/scala/Khusnutdinov_lab_4.scala in Summator[T]RangePosition(file:///Users/x1Dman/Desktop/Study/6_sem/functionalProgramming/lab_4/src/main/scala/Khusnutdinov_lab_4.scala, 110, 110, 120)
something's wrong: no file:///Users/x1Dman/Desktop/Study/6_sem/functionalProgramming/lab_4/src/main/scala/Khusnutdinov_lab_4.scala in Summator[T]RangePosition(file:///Users/x1Dman/Desktop/Study/6_sem/functionalProgramming/lab_4/src/main/scala/Khusnutdinov_lab_4.scala, 110, 110, 120)
May 13, 2020 9:49:36 AM org.eclipse.lsp4j.jsonrpc.RemoteEndpoint handleCancellation
WARNING: Unmatched cancel notification for request id 15191
2020.05.13 09:50:01 WARN  no build target for: /Users/x1Dman/Desktop/Study/6_sem/functionalProgramming/lab_4/src/main/scala/Khusnutdinov_lab_4.scala
2020.05.13 09:50:01 WARN  no build target for: /Users/x1Dman/Desktop/Study/6_sem/functionalProgramming/lab_4/src/main/scala/Khusnutdinov_lab_4.scala
2020.05.13 09:50:02 WARN  no build tool detected in workspace '/Users/x1Dman/Desktop/Study/6_sem/functionalProgramming/lab_4/src/main/scala'. The most common cause for this problem is that the editor was opened in the wrong working directory, for example if you use sbt then the workspace directory should contain build.sbt. 
2020.05.13 09:50:02 WARN  no build target for: /Users/x1Dman/Desktop/Study/6_sem/functionalProgramming/lab_4/src/main/scala/Khusnutdinov_lab_4.scala
2020.05.13 09:50:42 WARN  no build target for: /Users/x1Dman/Desktop/Study/6_sem/functionalProgramming/lab_4/src/main/scala/Khusnutdinov_lab_4.scala
2020.05.13 09:50:44 WARN  no build target for: /Users/x1Dman/Desktop/Study/6_sem/functionalProgramming/lab_4/src/main/scala/Khusnutdinov_lab_4.scala
2020.05.13 09:50:51 WARN  no build target for: /Users/x1Dman/Desktop/Study/6_sem/functionalProgramming/lab_4/src/main/scala/Khusnutdinov_lab_4.scala
2020.05.13 09:50:53 WARN  no build target for: /Users/x1Dman/Desktop/Study/6_sem/functionalProgramming/lab_4/src/main/scala/Khusnutdinov_lab_4.scala
2020.05.13 09:50:53 WARN  no build target for: /Users/x1Dman/Desktop/Study/6_sem/functionalProgramming/lab_4/src/main/scala/Khusnutdinov_lab_4.scala
something's wrong: no file:///Users/x1Dman/Desktop/Study/6_sem/functionalProgramming/lab_4/src/main/scala/Khusnutdinov_lab_4.scala in Summator[T]RangePosition(file:///Users/x1Dman/Desktop/Study/6_sem/functionalProgramming/lab_4/src/main/scala/Khusnutdinov_lab_4.scala, 1453, 1453, 1464)
2020.05.13 09:51:19 WARN  no build target for: /Users/x1Dman/Desktop/Study/6_sem/functionalProgramming/lab_4/src/main/scala/Khusnutdinov_lab_4.scala
2020.05.13 09:51:41 WARN  no build target for: /Users/x1Dman/Desktop/Study/6_sem/functionalProgramming/lab_4/src/main/scala/Khusnutdinov_lab_4.scala
2020.05.13 09:51:53 WARN  no build target for: /Users/x1Dman/Desktop/Study/6_sem/functionalProgramming/lab_4/src/main/scala/Khusnutdinov_lab_4.scala
2020.05.13 09:52:02 WARN  no build target for: /Users/x1Dman/Desktop/Study/6_sem/functionalProgramming/lab_4/src/main/scala/Khusnutdinov_lab_4.scala
something's wrong: no file:///Users/x1Dman/Desktop/Study/6_sem/functionalProgramming/lab_4/src/main/scala/Khusnutdinov_lab_4.scala in Array[Double]RangePosition(file:///Users/x1Dman/Desktop/Study/6_sem/functionalProgramming/lab_4/src/main/scala/Khusnutdinov_lab_4.scala, 324, 324, 337)
something's wrong: no file:///Users/x1Dman/Desktop/Study/6_sem/functionalProgramming/lab_4/src/main/scala/Khusnutdinov_lab_4.scala in Array[Double]RangePosition(file:///Users/x1Dman/Desktop/Study/6_sem/functionalProgramming/lab_4/src/main/scala/Khusnutdinov_lab_4.scala, 324, 324, 337)
something's wrong: no file:///Users/x1Dman/Desktop/Study/6_sem/functionalProgramming/lab_4/src/main/scala/Khusnutdinov_lab_4.scala in Array[Double]RangePosition(file:///Users/x1Dman/Desktop/Study/6_sem/functionalProgramming/lab_4/src/main/scala/Khusnutdinov_lab_4.scala, 324, 324, 337)
2020.05.13 09:52:26 WARN  no build target for: /Users/x1Dman/Desktop/Study/6_sem/functionalProgramming/lab_4/src/main/scala/Khusnutdinov_lab_4.scala
2020.05.13 09:53:15 WARN  no build target for: /Users/x1Dman/Desktop/Study/6_sem/functionalProgramming/lab_4/src/main/scala/Khusnutdinov_lab_4.scala
2020.05.13 09:53:27 WARN  no build target for: /Users/x1Dman/Desktop/Study/6_sem/functionalProgramming/lab_4/src/main/scala/Khusnutdinov_lab_4.scala
something's wrong: no file:///Users/x1Dman/Desktop/Study/6_sem/functionalProgramming/lab_4/src/main/scala/Khusnutdinov_lab_4.scala in Array[T]RangePosition(file:///Users/x1Dman/Desktop/Study/6_sem/functionalProgramming/lab_4/src/main/scala/Khusnutdinov_lab_4.scala, 60, 60, 68)
2020.05.15 12:34:58 WARN  no build target for: /Users/x1Dman/Desktop/Study/6_sem/functionalProgramming/lab_4/src/main/scala/Khusnutdinov_lab_4.scala
2020.05.15 12:34:58 WARN  no build tool detected in workspace '/Users/x1Dman/Desktop/Study/6_sem/functionalProgramming/lab_4/src/main/scala'. The most common cause for this problem is that the editor was opened in the wrong working directory, for example if you use sbt then the workspace directory should contain build.sbt. 
2020.05.15 12:35:32 WARN  no build target for: /Users/x1Dman/Desktop/Study/6_sem/functionalProgramming/lab_4/src/main/scala/Khusnutdinov_lab_4.scala
something's wrong: no file:///Users/x1Dman/Desktop/Study/6_sem/functionalProgramming/lab_4/src/main/scala/Khusnutdinov_lab_4.scala in Summator[Double]RangePosition(file:///Users/x1Dman/Desktop/Study/6_sem/functionalProgramming/lab_4/src/main/scala/Khusnutdinov_lab_4.scala, 239, 239, 255)
something's wrong: no file:///Users/x1Dman/Desktop/Study/6_sem/functionalProgramming/lab_4/src/main/scala/Khusnutdinov_lab_4.scala in Array[Point]RangePosition(file:///Users/x1Dman/Desktop/Study/6_sem/functionalProgramming/lab_4/src/main/scala/Khusnutdinov_lab_4.scala, 43, 43, 55)
something's wrong: no file:///Users/x1Dman/Desktop/Study/6_sem/functionalProgramming/lab_4/src/main/scala/Khusnutdinov_lab_4.scala in Array[Point]RangePosition(file:///Users/x1Dman/Desktop/Study/6_sem/functionalProgramming/lab_4/src/main/scala/Khusnutdinov_lab_4.scala, 43, 43, 55)
something's wrong: no file:///Users/x1Dman/Desktop/Study/6_sem/functionalProgramming/lab_4/src/main/scala/Khusnutdinov_lab_4.scala in Array[Point]RangePosition(file:///Users/x1Dman/Desktop/Study/6_sem/functionalProgramming/lab_4/src/main/scala/Khusnutdinov_lab_4.scala, 123, 123, 135)
something's wrong: no file:///Users/x1Dman/Desktop/Study/6_sem/functionalProgramming/lab_4/src/main/scala/Khusnutdinov_lab_4.scala in Array[T]RangePosition(file:///Users/x1Dman/Desktop/Study/6_sem/functionalProgramming/lab_4/src/main/scala/Khusnutdinov_lab_4.scala, 139, 139, 147)
something's wrong: no file:///Users/x1Dman/Desktop/Study/6_sem/functionalProgramming/lab_4/src/main/scala/Khusnutdinov_lab_4.scala in Array[T]RangePosition(file:///Users/x1Dman/Desktop/Study/6_sem/functionalProgramming/lab_4/src/main/scala/Khusnutdinov_lab_4.scala, 139, 139, 147)
something's wrong: no file:///Users/x1Dman/Desktop/Study/6_sem/functionalProgramming/lab_4/src/main/scala/Khusnutdinov_lab_4.scala in Array[Point]RangePosition(file:///Users/x1Dman/Desktop/Study/6_sem/functionalProgramming/lab_4/src/main/scala/Khusnutdinov_lab_4.scala, 303, 303, 315)
something's wrong: no file:///Users/x1Dman/Desktop/Study/6_sem/functionalProgramming/lab_4/src/main/scala/Khusnutdinov_lab_4.scala in Summator[Double]RangePosition(file:///Users/x1Dman/Desktop/Study/6_sem/functionalProgramming/lab_4/src/main/scala/Khusnutdinov_lab_4.scala, 235, 235, 251)
something's wrong: no file:///Users/x1Dman/Desktop/Study/6_sem/functionalProgramming/lab_4/src/main/scala/Khusnutdinov_lab_4.scala in Summator[Double]RangePosition(file:///Users/x1Dman/Desktop/Study/6_sem/functionalProgramming/lab_4/src/main/scala/Khusnutdinov_lab_4.scala, 235, 235, 251)
something's wrong: no file:///Users/x1Dman/Desktop/Study/6_sem/functionalProgramming/lab_4/src/main/scala/Khusnutdinov_lab_4.scala in Summator[Double]RangePosition(file:///Users/x1Dman/Desktop/Study/6_sem/functionalProgramming/lab_4/src/main/scala/Khusnutdinov_lab_4.scala, 258, 258, 274)
something's wrong: no file:///Users/x1Dman/Desktop/Study/6_sem/functionalProgramming/lab_4/src/main/scala/Khusnutdinov_lab_4.scala in Array[Point]RangePosition(file:///Users/x1Dman/Desktop/Study/6_sem/functionalProgramming/lab_4/src/main/scala/Khusnutdinov_lab_4.scala, 303, 303, 315)
something's wrong: no file:///Users/x1Dman/Desktop/Study/6_sem/functionalProgramming/lab_4/src/main/scala/Khusnutdinov_lab_4.scala in Array[Double]RangePosition(file:///Users/x1Dman/Desktop/Study/6_sem/functionalProgramming/lab_4/src/main/scala/Khusnutdinov_lab_4.scala, 319, 319, 332)
2020.05.15 12:36:01 WARN  no build target for: /Users/x1Dman/Desktop/Study/6_sem/functionalProgramming/lab_4/src/main/scala/Khusnutdinov_lab_4.scala
2020.05.15 12:36:23 WARN  no build target for: /Users/x1Dman/Desktop/Study/6_sem/functionalProgramming/lab_4/src/main/scala/Khusnutdinov_lab_4.scala
2020.05.15 12:37:30 WARN  no build target for: /Users/x1Dman/Desktop/Study/6_sem/functionalProgramming/lab_4/src/main/scala/Khusnutdinov_lab_4.scala
2020.05.15 12:37:55 WARN  no build target for: /Users/x1Dman/Desktop/Study/6_sem/functionalProgramming/lab_4/src/main/scala/Khusnutdinov_lab_4.scala
2020.05.15 12:37:55 WARN  no build tool detected in workspace '/Users/x1Dman/Desktop/Study/6_sem/functionalProgramming/lab_4/src/main/scala'. The most common cause for this problem is that the editor was opened in the wrong working directory, for example if you use sbt then the workspace directory should contain build.sbt. 
2020.05.15 12:37:55 WARN  no build target for: /Users/x1Dman/Desktop/Study/6_sem/functionalProgramming/lab_4/src/main/scala/Khusnutdinov_lab_4.scala
2020.05.15 12:39:08 WARN  no build target for: /Users/x1Dman/Desktop/Study/6_sem/functionalProgramming/lab_4/src/main/scala/Khusnutdinov_lab_4.scala
2020.05.15 12:39:08 WARN  no build tool detected in workspace '/Users/x1Dman/Desktop/Study/6_sem/functionalProgramming/lab_4/src/main/scala'. The most common cause for this problem is that the editor was opened in the wrong working directory, for example if you use sbt then the workspace directory should contain build.sbt. 
2020.05.15 12:39:08 WARN  no build target for: /Users/x1Dman/Desktop/Study/6_sem/functionalProgramming/lab_4/src/main/scala/Khusnutdinov_lab_4.scala
2020.05.15 12:39:29 WARN  no build target for: /Users/x1Dman/Desktop/Study/6_sem/functionalProgramming/lab_4/src/main/scala/Khusnutdinov_lab_4.scala
2020.05.15 12:39:46 WARN  no build target for: /Users/x1Dman/Desktop/Study/6_sem/functionalProgramming/lab_4/src/main/scala/Khusnutdinov_lab_4.scala
2020.05.15 12:40:08 WARN  no build target for: /Users/x1Dman/Desktop/Study/6_sem/functionalProgramming/lab_4/src/main/scala/Khusnutdinov_lab_4.scala
May 15, 2020 12:40:33 PM org.eclipse.lsp4j.jsonrpc.RemoteEndpoint handleCancellation
WARNING: Unmatched cancel notification for request id 16339
2020.05.15 12:40:34 WARN  no build target for: /Users/x1Dman/Desktop/Study/6_sem/functionalProgramming/lab_4/src/main/scala/Khusnutdinov_lab_4.scala
2020.05.15 12:40:47 WARN  no build target for: /Users/x1Dman/Desktop/Study/6_sem/functionalProgramming/lab_4/src/main/scala/Khusnutdinov_lab_4.scala
2020.05.15 12:41:01 WARN  no build target for: /Users/x1Dman/Desktop/Study/6_sem/functionalProgramming/lab_4/src/main/scala/Khusnutdinov_lab_4.scala
2020.05.15 12:41:01 WARN  no build target for: /Users/x1Dman/Desktop/Study/6_sem/functionalProgramming/lab_4/src/main/scala/Khusnutdinov_lab_4.scala
2020.05.18 17:39:54 WARN  no build target for: /Users/x1Dman/Desktop/Study/6_sem/functionalProgramming/lab_4_kochanova/lab_4/src/main/scala/Khusnutdinov_lab_4.scala
2020.05.18 17:41:08 WARN  no build target for: /Users/x1Dman/Desktop/Study/6_sem/functionalProgramming/lab_4_kochanova/lab_4/src/main/scala/Khusnutdinov_lab_4.scala
2020.05.18 17:41:31 WARN  no build target for: /Users/x1Dman/Desktop/Study/6_sem/functionalProgramming/lab_4_kochanova/lab_4/src/main/scala/main.scala
2020.05.18 17:41:43 WARN  no build target for: /Users/x1Dman/Desktop/Study/6_sem/functionalProgramming/lab_4_kochanova/lab_4/src/main/scala/main.scala
2020.05.18 17:41:52 WARN  no build target for: /Users/x1Dman/Desktop/Study/6_sem/functionalProgramming/lab_4/src/main/scala/Khusnutdinov_lab_4.scala
2020.05.18 17:43:04 WARN  no build target for: /Users/x1Dman/Desktop/Study/6_sem/functionalProgramming/lab_4/src/main/scala/Khusnutdinov_lab_4.scala
2020.05.18 17:44:34 WARN  no build target for: /Users/x1Dman/Desktop/Study/6_sem/functionalProgramming/lab_4/src/main/scala/Khusnutdinov_lab_4.scala
2020.05.18 17:51:45 WARN  no build target for: /Users/x1Dman/Desktop/Study/6_sem/functionalProgramming/lab_4/src/main/scala/Khusnutdinov_lab_4.scala
something's wrong: no file:///Users/x1Dman/Desktop/Study/6_sem/functionalProgramming/lab_4/src/main/scala/Khusnutdinov_lab_4.scala in List[Point]RangePosition(file:///Users/x1Dman/Desktop/Study/6_sem/functionalProgramming/lab_4/src/main/scala/Khusnutdinov_lab_4.scala, 44, 44, 55)
something's wrong: no file:///Users/x1Dman/Desktop/Study/6_sem/functionalProgramming/lab_4/src/main/scala/Khusnutdinov_lab_4.scala in List[Point]RangePosition(file:///Users/x1Dman/Desktop/Study/6_sem/functionalProgramming/lab_4/src/main/scala/Khusnutdinov_lab_4.scala, 44, 44, 55)
something's wrong: no file:///Users/x1Dman/Desktop/Study/6_sem/functionalProgramming/lab_4/src/main/scala/Khusnutdinov_lab_4.scala in Summator[T]RangePosition(file:///Users/x1Dman/Desktop/Study/6_sem/functionalProgramming/lab_4/src/main/scala/Khusnutdinov_lab_4.scala, 93, 93, 103)
something's wrong: no file:///Users/x1Dman/Desktop/Study/6_sem/functionalProgramming/lab_4/src/main/scala/Khusnutdinov_lab_4.scala in List[Point]RangePosition(file:///Users/x1Dman/Desktop/Study/6_sem/functionalProgramming/lab_4/src/main/scala/Khusnutdinov_lab_4.scala, 108, 108, 119)
May 18, 2020 6:04:26 PM scala.meta.internal.pc.CompilerAccess retryWithCleanCompiler
INFO: compiler crashed due to an error in the Scala compiler, retrying with new compiler instance.
May 18, 2020 6:04:26 PM scala.meta.internal.pc.CompilerAccess handleError
SEVERE: null
java.lang.NullPointerException
	at scala.reflect.internal.Definitions$DefinitionsClass.isByNameParamType(Definitions.scala:417)
	at scala.reflect.internal.TreeInfo.isStableIdent(TreeInfo.scala:138)
	at scala.reflect.internal.TreeInfo.isStableIdentifier(TreeInfo.scala:113)
	at scala.reflect.internal.TreeInfo.isPath(TreeInfo.scala:102)
	at scala.reflect.internal.TreeInfo.admitsTypeSelection(TreeInfo.scala:156)
	at scala.tools.nsc.interactive.Global.stabilizedType(Global.scala:959)
	at scala.tools.nsc.interactive.Global.typedTreeAt(Global.scala:807)
	at scala.meta.internal.pc.HoverProvider.typedHoverTreeAt(HoverProvider.scala:233)
	at scala.meta.internal.pc.HoverProvider.hover(HoverProvider.scala:24)

2020.05.18 18:04:26 WARN  no build tool detected in workspace '/Users/x1Dman/Desktop/Study/6_sem/functionalProgramming/lab_4/src/main/scala'. The most common cause for this problem is that the editor was opened in the wrong working directory, for example if you use sbt then the workspace directory should contain build.sbt. 
May 18, 2020 6:04:26 PM scala.meta.internal.pc.CompilerAccess retryWithCleanCompiler
INFO: compiler crashed due to an error in the Scala compiler, retrying with new compiler instance.
May 18, 2020 6:04:26 PM scala.meta.internal.pc.CompilerAccess handleError
SEVERE: null
java.lang.NullPointerException
	at scala.reflect.internal.Definitions$DefinitionsClass.isByNameParamType(Definitions.scala:417)
	at scala.reflect.internal.TreeInfo.isStableIdent(TreeInfo.scala:138)
	at scala.reflect.internal.TreeInfo.isStableIdentifier(TreeInfo.scala:113)
	at scala.reflect.internal.TreeInfo.isPath(TreeInfo.scala:102)
	at scala.reflect.internal.TreeInfo.admitsTypeSelection(TreeInfo.scala:156)
	at scala.tools.nsc.interactive.Global.stabilizedType(Global.scala:959)
	at scala.tools.nsc.interactive.Global.typedTreeAt(Global.scala:807)
	at scala.meta.internal.pc.HoverProvider.typedHoverTreeAt(HoverProvider.scala:233)
	at scala.meta.internal.pc.HoverProvider.hover(HoverProvider.scala:24)

something's wrong: no file:///Users/x1Dman/Desktop/Study/6_sem/functionalProgramming/lab_4/src/main/scala/Khusnutdinov_lab_4.scala in Summator[Double]RangePosition(file:///Users/x1Dman/Desktop/Study/6_sem/functionalProgramming/lab_4/src/main/scala/Khusnutdinov_lab_4.scala, 196, 196, 212)
something's wrong: no file:///Users/x1Dman/Desktop/Study/6_sem/functionalProgramming/lab_4/src/main/scala/Khusnutdinov_lab_4.scala in Summator[Double]RangePosition(file:///Users/x1Dman/Desktop/Study/6_sem/functionalProgramming/lab_4/src/main/scala/Khusnutdinov_lab_4.scala, 196, 196, 212)
something's wrong: no file:///Users/x1Dman/Desktop/Study/6_sem/functionalProgramming/lab_4/src/main/scala/Khusnutdinov_lab_4.scala in List[Double]RangePosition(file:///Users/x1Dman/Desktop/Study/6_sem/functionalProgramming/lab_4/src/main/scala/Khusnutdinov_lab_4.scala, 280, 280, 292)
something's wrong: no file:///Users/x1Dman/Desktop/Study/6_sem/functionalProgramming/lab_4/src/main/scala/Khusnutdinov_lab_4.scala in Summator[Int]RangePosition(file:///Users/x1Dman/Desktop/Study/6_sem/functionalProgramming/lab_4/src/main/scala/Khusnutdinov_lab_4.scala, 382, 382, 395)
something's wrong: no file:///Users/x1Dman/Desktop/Study/6_sem/functionalProgramming/lab_4/src/main/scala/Khusnutdinov_lab_4.scala in Summator[Int]RangePosition(file:///Users/x1Dman/Desktop/Study/6_sem/functionalProgramming/lab_4/src/main/scala/Khusnutdinov_lab_4.scala, 385, 385, 398)
2020.05.18 18:06:24 WARN  no build target for: /Users/x1Dman/Desktop/Study/6_sem/functionalProgramming/lab_4/src/main/scala/Khusnutdinov_lab_4.scala
2020.05.18 18:06:54 WARN  no build target for: /Users/x1Dman/Desktop/Study/6_sem/functionalProgramming/lab_4/src/main/scala/Khusnutdinov_lab_4.scala
May 18, 2020 6:07:18 PM scala.meta.internal.pc.completions.Completions completionPosition
SEVERE: null
java.lang.NullPointerException
	at scala.meta.internal.pc.completions.OverrideCompletions$OverrideCompletion.<init>(OverrideCompletions.scala:44)
	at scala.meta.internal.pc.completions.Completions.completionPositionUnsafe(Completions.scala:490)
	at scala.meta.internal.pc.completions.Completions.completionPositionUnsafe$(Completions.scala:402)
	at scala.meta.internal.pc.MetalsGlobal.completionPositionUnsafe(MetalsGlobal.scala:25)
	at scala.meta.internal.pc.completions.Completions.completionPosition(Completions.scala:394)
	at scala.meta.internal.pc.completions.Completions.completionPosition$(Completions.scala:379)
	at scala.meta.internal.pc.MetalsGlobal.completionPosition(MetalsGlobal.scala:25)
	at scala.meta.internal.pc.CompletionProvider.safeCompletionsAt(CompletionProvider.scala:416)
	at scala.meta.internal.pc.CompletionProvider.completions(CompletionProvider.scala:53)
	at scala.meta.internal.pc.ScalaPresentationCompiler.$anonfun$complete$1(ScalaPresentationCompiler.scala:170)
	at scala.meta.internal.pc.CompilerAccess.withSharedCompiler(CompilerAccess.scala:127)
	at scala.meta.internal.pc.CompilerAccess.$anonfun$withInterruptableCompiler$1(CompilerAccess.scala:81)
	at scala.meta.internal.pc.CompilerAccess.$anonfun$onCompilerJobQueue$1(CompilerAccess.scala:185)
	at scala.meta.internal.pc.CompilerJobQueue$Job.run(CompilerJobQueue.scala:101)
	at java.util.concurrent.ThreadPoolExecutor.runWorker(ThreadPoolExecutor.java:1149)
	at java.util.concurrent.ThreadPoolExecutor$Worker.run(ThreadPoolExecutor.java:624)
	at java.lang.Thread.run(Thread.java:748)

May 18, 2020 6:07:19 PM scala.meta.internal.pc.completions.Completions completionPosition
SEVERE: null
java.lang.NullPointerException
	at scala.meta.internal.pc.completions.OverrideCompletions$OverrideCompletion.<init>(OverrideCompletions.scala:44)
	at scala.meta.internal.pc.completions.Completions.completionPositionUnsafe(Completions.scala:490)
	at scala.meta.internal.pc.completions.Completions.completionPositionUnsafe$(Completions.scala:402)
	at scala.meta.internal.pc.MetalsGlobal.completionPositionUnsafe(MetalsGlobal.scala:25)
	at scala.meta.internal.pc.completions.Completions.completionPosition(Completions.scala:394)
	at scala.meta.internal.pc.completions.Completions.completionPosition$(Completions.scala:379)
	at scala.meta.internal.pc.MetalsGlobal.completionPosition(MetalsGlobal.scala:25)
	at scala.meta.internal.pc.CompletionProvider.safeCompletionsAt(CompletionProvider.scala:416)
	at scala.meta.internal.pc.CompletionProvider.completions(CompletionProvider.scala:53)
	at scala.meta.internal.pc.ScalaPresentationCompiler.$anonfun$complete$1(ScalaPresentationCompiler.scala:170)
	at scala.meta.internal.pc.CompilerAccess.withSharedCompiler(CompilerAccess.scala:127)
	at scala.meta.internal.pc.CompilerAccess.$anonfun$withInterruptableCompiler$1(CompilerAccess.scala:81)
	at scala.meta.internal.pc.CompilerAccess.$anonfun$onCompilerJobQueue$1(CompilerAccess.scala:185)
	at scala.meta.internal.pc.CompilerJobQueue$Job.run(CompilerJobQueue.scala:101)
	at java.util.concurrent.ThreadPoolExecutor.runWorker(ThreadPoolExecutor.java:1149)
	at java.util.concurrent.ThreadPoolExecutor$Worker.run(ThreadPoolExecutor.java:624)
	at java.lang.Thread.run(Thread.java:748)

May 18, 2020 6:07:22 PM scala.meta.internal.pc.completions.Completions completionPosition
SEVERE: null
java.lang.NullPointerException
	at scala.meta.internal.pc.completions.OverrideCompletions$OverrideCompletion.<init>(OverrideCompletions.scala:44)
	at scala.meta.internal.pc.completions.Completions.completionPositionUnsafe(Completions.scala:490)
	at scala.meta.internal.pc.completions.Completions.completionPositionUnsafe$(Completions.scala:402)
	at scala.meta.internal.pc.MetalsGlobal.completionPositionUnsafe(MetalsGlobal.scala:25)
	at scala.meta.internal.pc.completions.Completions.completionPosition(Completions.scala:394)
	at scala.meta.internal.pc.completions.Completions.completionPosition$(Completions.scala:379)
	at scala.meta.internal.pc.MetalsGlobal.completionPosition(MetalsGlobal.scala:25)
	at scala.meta.internal.pc.CompletionProvider.safeCompletionsAt(CompletionProvider.scala:416)
	at scala.meta.internal.pc.CompletionProvider.completions(CompletionProvider.scala:53)
	at scala.meta.internal.pc.ScalaPresentationCompiler.$anonfun$complete$1(ScalaPresentationCompiler.scala:170)
	at scala.meta.internal.pc.CompilerAccess.withSharedCompiler(CompilerAccess.scala:127)
	at scala.meta.internal.pc.CompilerAccess.$anonfun$withInterruptableCompiler$1(CompilerAccess.scala:81)
	at scala.meta.internal.pc.CompilerAccess.$anonfun$onCompilerJobQueue$1(CompilerAccess.scala:185)
	at scala.meta.internal.pc.CompilerJobQueue$Job.run(CompilerJobQueue.scala:101)
	at java.util.concurrent.ThreadPoolExecutor.runWorker(ThreadPoolExecutor.java:1149)
	at java.util.concurrent.ThreadPoolExecutor$Worker.run(ThreadPoolExecutor.java:624)
	at java.lang.Thread.run(Thread.java:748)

May 18, 2020 6:07:23 PM scala.meta.internal.pc.completions.Completions completionPosition
SEVERE: null
java.lang.NullPointerException
	at scala.meta.internal.pc.completions.OverrideCompletions$OverrideCompletion.<init>(OverrideCompletions.scala:44)
	at scala.meta.internal.pc.completions.Completions.completionPositionUnsafe(Completions.scala:490)
	at scala.meta.internal.pc.completions.Completions.completionPositionUnsafe$(Completions.scala:402)
	at scala.meta.internal.pc.MetalsGlobal.completionPositionUnsafe(MetalsGlobal.scala:25)
	at scala.meta.internal.pc.completions.Completions.completionPosition(Completions.scala:394)
	at scala.meta.internal.pc.completions.Completions.completionPosition$(Completions.scala:379)
	at scala.meta.internal.pc.MetalsGlobal.completionPosition(MetalsGlobal.scala:25)
	at scala.meta.internal.pc.CompletionProvider.safeCompletionsAt(CompletionProvider.scala:416)
	at scala.meta.internal.pc.CompletionProvider.completions(CompletionProvider.scala:53)
	at scala.meta.internal.pc.ScalaPresentationCompiler.$anonfun$complete$1(ScalaPresentationCompiler.scala:170)
	at scala.meta.internal.pc.CompilerAccess.withSharedCompiler(CompilerAccess.scala:127)
	at scala.meta.internal.pc.CompilerAccess.$anonfun$withInterruptableCompiler$1(CompilerAccess.scala:81)
	at scala.meta.internal.pc.CompilerAccess.$anonfun$onCompilerJobQueue$1(CompilerAccess.scala:185)
	at scala.meta.internal.pc.CompilerJobQueue$Job.run(CompilerJobQueue.scala:101)
	at java.util.concurrent.ThreadPoolExecutor.runWorker(ThreadPoolExecutor.java:1149)
	at java.util.concurrent.ThreadPoolExecutor$Worker.run(ThreadPoolExecutor.java:624)
	at java.lang.Thread.run(Thread.java:748)

something's wrong: no file:///Users/x1Dman/Desktop/Study/6_sem/functionalProgramming/lab_4/src/main/scala/Khusnutdinov_lab_4.scala in Summator[<error>]RangePosition(file:///Users/x1Dman/Desktop/Study/6_sem/functionalProgramming/lab_4/src/main/scala/Khusnutdinov_lab_4.scala, 598, 598, 664)
something's wrong: no file:///Users/x1Dman/Desktop/Study/6_sem/functionalProgramming/lab_4/src/main/scala/Khusnutdinov_lab_4.scala in Summator[<error>]RangePosition(file:///Users/x1Dman/Desktop/Study/6_sem/functionalProgramming/lab_4/src/main/scala/Khusnutdinov_lab_4.scala, 598, 598, 657)
something's wrong: no file:///Users/x1Dman/Desktop/Study/6_sem/functionalProgramming/lab_4/src/main/scala/Khusnutdinov_lab_4.scala in Summator[<error>]RangePosition(file:///Users/x1Dman/Desktop/Study/6_sem/functionalProgramming/lab_4/src/main/scala/Khusnutdinov_lab_4.scala, 598, 598, 664)
something's wrong: no file:///Users/x1Dman/Desktop/Study/6_sem/functionalProgramming/lab_4/src/main/scala/Khusnutdinov_lab_4.scala in Summator[<error>]RangePosition(file:///Users/x1Dman/Desktop/Study/6_sem/functionalProgramming/lab_4/src/main/scala/Khusnutdinov_lab_4.scala, 598, 598, 616)
something's wrong: no file:///Users/x1Dman/Desktop/Study/6_sem/functionalProgramming/lab_4/src/main/scala/Khusnutdinov_lab_4.scala in Summator[T]RangePosition(file:///Users/x1Dman/Desktop/Study/6_sem/functionalProgramming/lab_4/src/main/scala/Khusnutdinov_lab_4.scala, 598, 598, 609)
something's wrong: no file:///Users/x1Dman/Desktop/Study/6_sem/functionalProgramming/lab_4/src/main/scala/Khusnutdinov_lab_4.scala in Summator[T]RangePosition(file:///Users/x1Dman/Desktop/Study/6_sem/functionalProgramming/lab_4/src/main/scala/Khusnutdinov_lab_4.scala, 598, 598, 609)
something's wrong: no file:///Users/x1Dman/Desktop/Study/6_sem/functionalProgramming/lab_4/src/main/scala/Khusnutdinov_lab_4.scala in Summator[T]RangePosition(file:///Users/x1Dman/Desktop/Study/6_sem/functionalProgramming/lab_4/src/main/scala/Khusnutdinov_lab_4.scala, 598, 598, 609)
May 18, 2020 6:07:44 PM scala.meta.internal.pc.completions.Completions completionPosition
SEVERE: null
java.lang.NullPointerException
	at scala.meta.internal.pc.completions.OverrideCompletions$OverrideCompletion.<init>(OverrideCompletions.scala:44)
	at scala.meta.internal.pc.completions.Completions.completionPositionUnsafe(Completions.scala:471)
	at scala.meta.internal.pc.completions.Completions.completionPositionUnsafe$(Completions.scala:402)
	at scala.meta.internal.pc.MetalsGlobal.completionPositionUnsafe(MetalsGlobal.scala:25)
	at scala.meta.internal.pc.completions.Completions.completionPosition(Completions.scala:394)
	at scala.meta.internal.pc.completions.Completions.completionPosition$(Completions.scala:379)
	at scala.meta.internal.pc.MetalsGlobal.completionPosition(MetalsGlobal.scala:25)
	at scala.meta.internal.pc.CompletionProvider.safeCompletionsAt(CompletionProvider.scala:416)
	at scala.meta.internal.pc.CompletionProvider.completions(CompletionProvider.scala:53)
	at scala.meta.internal.pc.ScalaPresentationCompiler.$anonfun$complete$1(ScalaPresentationCompiler.scala:170)
	at scala.meta.internal.pc.CompilerAccess.withSharedCompiler(CompilerAccess.scala:127)
	at scala.meta.internal.pc.CompilerAccess.$anonfun$withInterruptableCompiler$1(CompilerAccess.scala:81)
	at scala.meta.internal.pc.CompilerAccess.$anonfun$onCompilerJobQueue$1(CompilerAccess.scala:185)
	at scala.meta.internal.pc.CompilerJobQueue$Job.run(CompilerJobQueue.scala:101)
	at java.util.concurrent.ThreadPoolExecutor.runWorker(ThreadPoolExecutor.java:1149)
	at java.util.concurrent.ThreadPoolExecutor$Worker.run(ThreadPoolExecutor.java:624)
	at java.lang.Thread.run(Thread.java:748)

2020.05.18 18:08:27 WARN  no build target for: /Users/x1Dman/Desktop/Study/6_sem/functionalProgramming/lab_4/src/main/scala/Khusnutdinov_lab_4.scala
2020.05.18 18:08:35 WARN  no build target for: /Users/x1Dman/Desktop/Study/6_sem/functionalProgramming/lab_4/src/main/scala/Khusnutdinov_lab_4.scala
2020.05.18 18:08:46 WARN  no build target for: /Users/x1Dman/Desktop/Study/6_sem/functionalProgramming/lab_4/src/main/scala/Khusnutdinov_lab_4.scala
2020.05.18 18:08:52 WARN  no build target for: /Users/x1Dman/Desktop/Study/6_sem/functionalProgramming/lab_4/src/main/scala/Khusnutdinov_lab_4.scala
2020.05.18 18:08:58 WARN  no build tool detected in workspace '/Users/x1Dman/Desktop/Study/6_sem/functionalProgramming/lab_4/src/main/scala'. The most common cause for this problem is that the editor was opened in the wrong working directory, for example if you use sbt then the workspace directory should contain build.sbt. 
2020.05.18 18:08:58 WARN  no build target for: /Users/x1Dman/Desktop/Study/6_sem/functionalProgramming/lab_4/src/main/scala/Khusnutdinov_lab_4.scala
2020.05.18 18:09:49 WARN  no build target for: /Users/x1Dman/Desktop/Study/6_sem/functionalProgramming/lab_4/src/main/scala/Khusnutdinov_lab_4.scala
2020.05.18 18:10:29 WARN  no build target for: /Users/x1Dman/Desktop/Study/6_sem/functionalProgramming/lab_4/src/main/scala/Khusnutdinov_lab_4.scala
2020.05.18 18:10:34 WARN  no build tool detected in workspace '/Users/x1Dman/Desktop/Study/6_sem/functionalProgramming/lab_4/src/main/scala'. The most common cause for this problem is that the editor was opened in the wrong working directory, for example if you use sbt then the workspace directory should contain build.sbt. 
2020.05.18 18:10:57 WARN  no build target for: /Users/x1Dman/Desktop/Study/6_sem/functionalProgramming/lab_4/src/main/scala/Khusnutdinov_lab_4.scala
May 18, 2020 6:11:05 PM org.eclipse.lsp4j.jsonrpc.RemoteEndpoint handleNotification
WARNING: Notification threw an exception: {
  "jsonrpc": "2.0",
  "method": "metals/didFocusTextDocument",
  "params": "untitled:/Users/x1Dman/Desktop/Study/6_sem/functionalProgramming/lab_4/src/main/scala/main.scala"
}
java.lang.RuntimeException: java.lang.reflect.InvocationTargetException
	at org.eclipse.lsp4j.jsonrpc.services.GenericEndpoint.lambda$null$0(GenericEndpoint.java:67)
	at org.eclipse.lsp4j.jsonrpc.services.GenericEndpoint.notify(GenericEndpoint.java:152)
	at org.eclipse.lsp4j.jsonrpc.RemoteEndpoint.handleNotification(RemoteEndpoint.java:220)
	at org.eclipse.lsp4j.jsonrpc.RemoteEndpoint.consume(RemoteEndpoint.java:187)
	at org.eclipse.lsp4j.jsonrpc.json.StreamMessageProducer.handleMessage(StreamMessageProducer.java:194)
	at org.eclipse.lsp4j.jsonrpc.json.StreamMessageProducer.listen(StreamMessageProducer.java:94)
	at org.eclipse.lsp4j.jsonrpc.json.ConcurrentMessageProcessor.run(ConcurrentMessageProcessor.java:113)
	at java.util.concurrent.Executors$RunnableAdapter.call(Executors.java:511)
	at java.util.concurrent.FutureTask.run(FutureTask.java:266)
	at java.util.concurrent.ThreadPoolExecutor.runWorker(ThreadPoolExecutor.java:1149)
	at java.util.concurrent.ThreadPoolExecutor$Worker.run(ThreadPoolExecutor.java:624)
	at java.lang.Thread.run(Thread.java:748)
Caused by: java.lang.reflect.InvocationTargetException
	at sun.reflect.GeneratedMethodAccessor16.invoke(Unknown Source)
	at sun.reflect.DelegatingMethodAccessorImpl.invoke(DelegatingMethodAccessorImpl.java:43)
	at java.lang.reflect.Method.invoke(Method.java:498)
	at org.eclipse.lsp4j.jsonrpc.services.GenericEndpoint.lambda$null$0(GenericEndpoint.java:65)
	... 11 more
Caused by: java.nio.file.FileSystemNotFoundException: Provider "untitled" not installed
	at java.nio.file.Paths.get(Paths.java:147)
	at scala.meta.internal.metals.MetalsEnrichments$XtensionString.toAbsolutePath(MetalsEnrichments.scala:402)
	at scala.meta.internal.metals.MetalsLanguageServer.didFocus(MetalsLanguageServer.scala:747)
	... 15 more

2020.05.18 18:11:09 WARN  no build target for: /Users/x1Dman/Desktop/Study/6_sem/functionalProgramming/lab_4/src/main/scala/main.scala
2020.05.18 18:11:09 WARN  no build target for: /Users/x1Dman/Desktop/Study/6_sem/functionalProgramming/lab_4/src/main/scala/main.scala
May 18, 2020 6:11:26 PM org.eclipse.lsp4j.jsonrpc.RemoteEndpoint handleCancellation
WARNING: Unmatched cancel notification for request id 18119
2020.05.18 18:11:31 WARN  no build tool detected in workspace '/Users/x1Dman/Desktop/Study/6_sem/functionalProgramming/lab_4/src/main/scala'. The most common cause for this problem is that the editor was opened in the wrong working directory, for example if you use sbt then the workspace directory should contain build.sbt. 
2020.05.18 18:11:31 WARN  no build target for: /Users/x1Dman/Desktop/Study/6_sem/functionalProgramming/lab_4_kochanova/lab_4/src/main/scala/main.scala
something's wrong: no file:///Users/x1Dman/Desktop/Study/6_sem/functionalProgramming/lab_4_kochanova/lab_4/src/main/scala/main.scala in Summator[Int]RangePosition(file:///Users/x1Dman/Desktop/Study/6_sem/functionalProgramming/lab_4_kochanova/lab_4/src/main/scala/main.scala, 196, 196, 209)
2020.05.18 18:11:47 WARN  no build target for: /Users/x1Dman/Desktop/Study/6_sem/functionalProgramming/lab_4_kochanova/lab_4/src/main/scala/main.scala
2020.05.18 18:11:48 WARN  no build tool detected in workspace '/Users/x1Dman/Desktop/Study/6_sem/functionalProgramming/lab_4/src/main/scala'. The most common cause for this problem is that the editor was opened in the wrong working directory, for example if you use sbt then the workspace directory should contain build.sbt. 
2020.05.18 18:11:48 WARN  no build target for: /Users/x1Dman/Desktop/Study/6_sem/functionalProgramming/lab_4/src/main/scala/main.scala
2020.05.18 18:11:50 WARN  no build target for: /Users/x1Dman/Desktop/Study/6_sem/functionalProgramming/lab_4/src/main/scala/main.scala
2020.05.18 18:13:56 WARN  no build target for: /Users/x1Dman/Desktop/Study/6_sem/functionalProgramming/lab_4_kochanova/lab_4/src/main/scala/main.scala
2020.05.18 18:14:07 WARN  no build target for: /Users/x1Dman/Desktop/Study/6_sem/functionalProgramming/lab_4_kochanova/lab_4/src/main/scala/main.scala
2020.05.18 18:14:15 WARN  no build tool detected in workspace '/Users/x1Dman/Desktop/Study/6_sem/functionalProgramming/lab_4/src/main/scala'. The most common cause for this problem is that the editor was opened in the wrong working directory, for example if you use sbt then the workspace directory should contain build.sbt. 
2020.05.18 18:14:15 WARN  no build target for: /Users/x1Dman/Desktop/Study/6_sem/functionalProgramming/lab_4_kochanova/lab_4/src/main/scala/main.scala
2020.05.18 18:14:15 WARN  no build target for: /Users/x1Dman/Desktop/Study/6_sem/functionalProgramming/lab_4_kochanova/lab_4/src/main/scala/main.scala
2020.05.18 18:14:17 WARN  no build target for: /Users/x1Dman/Desktop/Study/6_sem/functionalProgramming/lab_4_kochanova/lab_4/src/main/scala/main.scala
2020.05.18 18:15:05 WARN  no build target for: /Users/x1Dman/Desktop/Study/6_sem/functionalProgramming/lab_4_kochanova/lab_4/src/main/scala/main.scala
2020.05.18 18:15:16 WARN  no build target for: /Users/x1Dman/Desktop/Study/6_sem/functionalProgramming/lab_4_kochanova/lab_4/src/main/scala/main.scala
2020.05.18 18:15:21 WARN  no build target for: /Users/x1Dman/Desktop/Study/6_sem/functionalProgramming/lab_4_kochanova/lab_4/src/main/scala/main.scala
2020.05.18 18:15:23 WARN  no build target for: /Users/x1Dman/Desktop/Study/6_sem/functionalProgramming/lab_4_kochanova/lab_4/src/main/scala/main.scala
2020.05.18 18:15:30 WARN  no build target for: /Users/x1Dman/Desktop/Study/6_sem/functionalProgramming/lab_4_kochanova/lab_4/src/main/scala/main.scala
2020.05.18 18:15:30 WARN  no build tool detected in workspace '/Users/x1Dman/Desktop/Study/6_sem/functionalProgramming/lab_4/src/main/scala'. The most common cause for this problem is that the editor was opened in the wrong working directory, for example if you use sbt then the workspace directory should contain build.sbt. 
2020.05.18 18:16:07 WARN  no build target for: /Users/x1Dman/Desktop/Study/6_sem/functionalProgramming/lab_4_kochanova/lab_4/src/main/scala/main.scala
2020.05.18 18:16:08 WARN  no build target for: /Users/x1Dman/Desktop/Study/6_sem/functionalProgramming/lab_4_kochanova/lab_4/src/main/scala/main.scala
2020.05.18 18:16:28 WARN  no build target for: /Users/x1Dman/Desktop/Study/6_sem/functionalProgramming/lab_4_kochanova/lab_4/src/main/scala/main.scala
2020.05.18 18:16:58 WARN  no build target for: /Users/x1Dman/Desktop/Study/6_sem/functionalProgramming/lab_4_kochanova/lab_4/src/main/scala/main.scala
2020.05.18 18:17:03 WARN  no build target for: /Users/x1Dman/Desktop/Study/6_sem/functionalProgramming/lab_4_kochanova/lab_4/src/main/scala/main.scala
2020.05.18 18:17:16 WARN  no build target for: /Users/x1Dman/Desktop/Study/6_sem/functionalProgramming/lab_4_kochanova/lab_4/src/main/scala/main.scala
2020.05.18 18:17:55 WARN  no build target for: /Users/x1Dman/Desktop/Study/6_sem/functionalProgramming/lab_4_kochanova/lab_4/src/main/scala/main.scala
2020.05.18 18:17:55 WARN  no build tool detected in workspace '/Users/x1Dman/Desktop/Study/6_sem/functionalProgramming/lab_4/src/main/scala'. The most common cause for this problem is that the editor was opened in the wrong working directory, for example if you use sbt then the workspace directory should contain build.sbt. 
2020.05.18 18:18:37 WARN  no build target for: /Users/x1Dman/Desktop/Study/6_sem/functionalProgramming/lab_4_kochanova/lab_4/src/main/scala/main.scala
2020.05.18 18:18:40 WARN  no build target for: /Users/x1Dman/Desktop/Study/6_sem/functionalProgramming/lab_4_kochanova/lab_4/src/main/scala/main.scala
something's wrong: no file:///Users/x1Dman/Desktop/Study/6_sem/functionalProgramming/lab_4_kochanova/lab_4/src/main/scala/main.scala in SuperNumber[T]RangePosition(file:///Users/x1Dman/Desktop/Study/6_sem/functionalProgramming/lab_4_kochanova/lab_4/src/main/scala/main.scala, 596, 596, 609)
something's wrong: no file:///Users/x1Dman/Desktop/Study/6_sem/functionalProgramming/lab_4_kochanova/lab_4/src/main/scala/main.scala in SuperNumber[T]RangePosition(file:///Users/x1Dman/Desktop/Study/6_sem/functionalProgramming/lab_4_kochanova/lab_4/src/main/scala/main.scala, 596, 596, 609)
something's wrong: no file:///Users/x1Dman/Desktop/Study/6_sem/functionalProgramming/lab_4_kochanova/lab_4/src/main/scala/main.scala in SuperNumber[Boolean]RangePosition(file:///Users/x1Dman/Desktop/Study/6_sem/functionalProgramming/lab_4_kochanova/lab_4/src/main/scala/main.scala, 765, 765, 784)
something's wrong: no file:///Users/x1Dman/Desktop/Study/6_sem/functionalProgramming/lab_4_kochanova/lab_4/src/main/scala/main.scala in SuperNumber[Boolean]RangePosition(file:///Users/x1Dman/Desktop/Study/6_sem/functionalProgramming/lab_4_kochanova/lab_4/src/main/scala/main.scala, 765, 765, 784)
something's wrong: no file:///Users/x1Dman/Desktop/Study/6_sem/functionalProgramming/lab_4_kochanova/lab_4/src/main/scala/main.scala in SuperNumber[Boolean]RangePosition(file:///Users/x1Dman/Desktop/Study/6_sem/functionalProgramming/lab_4_kochanova/lab_4/src/main/scala/main.scala, 765, 765, 784)
something's wrong: no file:///Users/x1Dman/Desktop/Study/6_sem/functionalProgramming/lab_4_kochanova/lab_4/src/main/scala/main.scala in SuperNumber[Boolean]RangePosition(file:///Users/x1Dman/Desktop/Study/6_sem/functionalProgramming/lab_4_kochanova/lab_4/src/main/scala/main.scala, 765, 765, 784)
something's wrong: no file:///Users/x1Dman/Desktop/Study/6_sem/functionalProgramming/lab_4_kochanova/lab_4/src/main/scala/main.scala in SuperNumber[Boolean]RangePosition(file:///Users/x1Dman/Desktop/Study/6_sem/functionalProgramming/lab_4_kochanova/lab_4/src/main/scala/main.scala, 765, 765, 784)
something's wrong: no file:///Users/x1Dman/Desktop/Study/6_sem/functionalProgramming/lab_4_kochanova/lab_4/src/main/scala/main.scala in SuperNumber[Boolean]RangePosition(file:///Users/x1Dman/Desktop/Study/6_sem/functionalProgramming/lab_4_kochanova/lab_4/src/main/scala/main.scala, 765, 765, 784)
something's wrong: no file:///Users/x1Dman/Desktop/Study/6_sem/functionalProgramming/lab_4_kochanova/lab_4/src/main/scala/main.scala in SuperNumber[Boolean]RangePosition(file:///Users/x1Dman/Desktop/Study/6_sem/functionalProgramming/lab_4_kochanova/lab_4/src/main/scala/main.scala, 765, 765, 784)
something's wrong: no file:///Users/x1Dman/Desktop/Study/6_sem/functionalProgramming/lab_4_kochanova/lab_4/src/main/scala/main.scala in SuperNumber[Boolean]RangePosition(file:///Users/x1Dman/Desktop/Study/6_sem/functionalProgramming/lab_4_kochanova/lab_4/src/main/scala/main.scala, 765, 765, 784)
something's wrong: no file:///Users/x1Dman/Desktop/Study/6_sem/functionalProgramming/lab_4_kochanova/lab_4/src/main/scala/main.scala in SuperNumber[Boolean]RangePosition(file:///Users/x1Dman/Desktop/Study/6_sem/functionalProgramming/lab_4_kochanova/lab_4/src/main/scala/main.scala, 765, 765, 784)
something's wrong: no file:///Users/x1Dman/Desktop/Study/6_sem/functionalProgramming/lab_4_kochanova/lab_4/src/main/scala/main.scala in SuperNumber[Boolean]RangePosition(file:///Users/x1Dman/Desktop/Study/6_sem/functionalProgramming/lab_4_kochanova/lab_4/src/main/scala/main.scala, 765, 765, 784)
something's wrong: no file:///Users/x1Dman/Desktop/Study/6_sem/functionalProgramming/lab_4_kochanova/lab_4/src/main/scala/main.scala in SuperNumber[Boolean]RangePosition(file:///Users/x1Dman/Desktop/Study/6_sem/functionalProgramming/lab_4_kochanova/lab_4/src/main/scala/main.scala, 765, 765, 784)
something's wrong: no file:///Users/x1Dman/Desktop/Study/6_sem/functionalProgramming/lab_4_kochanova/lab_4/src/main/scala/main.scala in SuperNumber[Boolean]RangePosition(file:///Users/x1Dman/Desktop/Study/6_sem/functionalProgramming/lab_4_kochanova/lab_4/src/main/scala/main.scala, 765, 765, 784)
something's wrong: no file:///Users/x1Dman/Desktop/Study/6_sem/functionalProgramming/lab_4_kochanova/lab_4/src/main/scala/main.scala in SuperNumber[<error>]RangePosition(file:///Users/x1Dman/Desktop/Study/6_sem/functionalProgramming/lab_4_kochanova/lab_4/src/main/scala/main.scala, 765, 765, 778)
something's wrong: no file:///Users/x1Dman/Desktop/Study/6_sem/functionalProgramming/lab_4_kochanova/lab_4/src/main/scala/main.scala in SuperNumber[<error>]RangePosition(file:///Users/x1Dman/Desktop/Study/6_sem/functionalProgramming/lab_4_kochanova/lab_4/src/main/scala/main.scala, 765, 765, 785)
something's wrong: no file:///Users/x1Dman/Desktop/Study/6_sem/functionalProgramming/lab_4_kochanova/lab_4/src/main/scala/main.scala in SuperNumber[T]RangePosition(file:///Users/x1Dman/Desktop/Study/6_sem/functionalProgramming/lab_4_kochanova/lab_4/src/main/scala/main.scala, 765, 765, 778)
something's wrong: no file:///Users/x1Dman/Desktop/Study/6_sem/functionalProgramming/lab_4_kochanova/lab_4/src/main/scala/main.scala in SuperNumber[T]RangePosition(file:///Users/x1Dman/Desktop/Study/6_sem/functionalProgramming/lab_4_kochanova/lab_4/src/main/scala/main.scala, 765, 765, 779)
something's wrong: no file:///Users/x1Dman/Desktop/Study/6_sem/functionalProgramming/lab_4_kochanova/lab_4/src/main/scala/main.scala in SuperNumber[T]RangePosition(file:///Users/x1Dman/Desktop/Study/6_sem/functionalProgramming/lab_4_kochanova/lab_4/src/main/scala/main.scala, 765, 765, 779)
2020.05.18 18:21:15 WARN  no build target for: /Users/x1Dman/Desktop/Study/6_sem/functionalProgramming/lab_4_kochanova/lab_4/src/main/scala/main.scala
something's wrong: no file:///Users/x1Dman/Desktop/Study/6_sem/functionalProgramming/lab_4_kochanova/lab_4/src/main/scala/main.scala in Summator[Boolean]RangePosition(file:///Users/x1Dman/Desktop/Study/6_sem/functionalProgramming/lab_4_kochanova/lab_4/src/main/scala/main.scala, 727, 727, 744)
something's wrong: no file:///Users/x1Dman/Desktop/Study/6_sem/functionalProgramming/lab_4_kochanova/lab_4/src/main/scala/main.scala in Summator[Boolean]RangePosition(file:///Users/x1Dman/Desktop/Study/6_sem/functionalProgramming/lab_4_kochanova/lab_4/src/main/scala/main.scala, 746, 746, 763)
2020.05.18 18:22:52 WARN  no build target for: /Users/x1Dman/Desktop/Study/6_sem/functionalProgramming/lab_4_kochanova/lab_4/src/main/scala/main.scala
2020.05.18 18:22:54 WARN  no build target for: /Users/x1Dman/Desktop/Study/6_sem/functionalProgramming/lab_4_kochanova/lab_4/src/main/scala/main.scala
2020.05.18 18:22:55 WARN  no build target for: /Users/x1Dman/Desktop/Study/6_sem/functionalProgramming/lab_4_kochanova/lab_4/src/main/scala/main.scala
2020.05.18 18:23:12 WARN  no build tool detected in workspace '/Users/x1Dman/Desktop/Study/6_sem/functionalProgramming/lab_4/src/main/scala'. The most common cause for this problem is that the editor was opened in the wrong working directory, for example if you use sbt then the workspace directory should contain build.sbt. 
2020.05.18 18:23:12 WARN  no build target for: /Users/x1Dman/Desktop/Study/6_sem/functionalProgramming/lab_4_kochanova/lab_4/src/main/scala/main.scala
2020.05.18 18:23:12 WARN  no build tool detected in workspace '/Users/x1Dman/Desktop/Study/6_sem/functionalProgramming/lab_4/src/main/scala'. The most common cause for this problem is that the editor was opened in the wrong working directory, for example if you use sbt then the workspace directory should contain build.sbt. 
2020.05.18 18:23:20 WARN  no build target for: /Users/x1Dman/Desktop/Study/6_sem/functionalProgramming/lab_4_kochanova/lab_4/src/main/scala/main.scala
something's wrong: no file:///Users/x1Dman/Desktop/Study/6_sem/functionalProgramming/lab_4_kochanova/lab_4/src/main/scala/main.scala in SuperNumber[Boolean]RangePosition(file:///Users/x1Dman/Desktop/Study/6_sem/functionalProgramming/lab_4_kochanova/lab_4/src/main/scala/main.scala, 1440, 1440, 1460)
something's wrong: no file:///Users/x1Dman/Desktop/Study/6_sem/functionalProgramming/lab_4_kochanova/lab_4/src/main/scala/main.scala in Or[<error>]RangePosition(file:///Users/x1Dman/Desktop/Study/6_sem/functionalProgramming/lab_4_kochanova/lab_4/src/main/scala/main.scala, 1475, 1475, 1487)
something's wrong: no file:///Users/x1Dman/Desktop/Study/6_sem/functionalProgramming/lab_4_kochanova/lab_4/src/main/scala/main.scala in Or[T]RangePosition(file:///Users/x1Dman/Desktop/Study/6_sem/functionalProgramming/lab_4_kochanova/lab_4/src/main/scala/main.scala, 1475, 1475, 1480)
something's wrong: no file:///Users/x1Dman/Desktop/Study/6_sem/functionalProgramming/lab_4_kochanova/lab_4/src/main/scala/main.scala in Or[T]RangePosition(file:///Users/x1Dman/Desktop/Study/6_sem/functionalProgramming/lab_4_kochanova/lab_4/src/main/scala/main.scala, 1475, 1475, 1480)
something's wrong: no file:///Users/x1Dman/Desktop/Study/6_sem/functionalProgramming/lab_4_kochanova/lab_4/src/main/scala/main.scala in Or[T]RangePosition(file:///Users/x1Dman/Desktop/Study/6_sem/functionalProgramming/lab_4_kochanova/lab_4/src/main/scala/main.scala, 1475, 1475, 1480)
2020.05.18 18:24:10 WARN  no build target for: /Users/x1Dman/Desktop/Study/6_sem/functionalProgramming/lab_4_kochanova/lab_4/src/main/scala/main.scala
2020.05.18 18:24:12 WARN  no build tool detected in workspace '/Users/x1Dman/Desktop/Study/6_sem/functionalProgramming/lab_4/src/main/scala'. The most common cause for this problem is that the editor was opened in the wrong working directory, for example if you use sbt then the workspace directory should contain build.sbt. 
something's wrong: no file:///Users/x1Dman/Desktop/Study/6_sem/functionalProgramming/lab_4_kochanova/lab_4/src/main/scala/main.scala in SuperNumber[Boolean]RangePosition(file:///Users/x1Dman/Desktop/Study/6_sem/functionalProgramming/lab_4_kochanova/lab_4/src/main/scala/main.scala, 1595, 1595, 1615)
2020.05.18 18:24:18 WARN  no build tool detected in workspace '/Users/x1Dman/Desktop/Study/6_sem/functionalProgramming/lab_4/src/main/scala'. The most common cause for this problem is that the editor was opened in the wrong working directory, for example if you use sbt then the workspace directory should contain build.sbt. 
2020.05.18 18:24:18 WARN  no build target for: /Users/x1Dman/Desktop/Study/6_sem/functionalProgramming/lab_4_kochanova/lab_4/src/main/scala/main.scala
something's wrong: no file:///Users/x1Dman/Desktop/Study/6_sem/functionalProgramming/lab_4_kochanova/lab_4/src/main/scala/main.scala in And[T]RangePosition(file:///Users/x1Dman/Desktop/Study/6_sem/functionalProgramming/lab_4_kochanova/lab_4/src/main/scala/main.scala, 1629, 1629, 1635)
2020.05.18 18:24:33 WARN  no build target for: /Users/x1Dman/Desktop/Study/6_sem/functionalProgramming/lab_4_kochanova/lab_4/src/main/scala/main.scala
2020.05.18 18:24:36 WARN  no build target for: /Users/x1Dman/Desktop/Study/6_sem/functionalProgramming/lab_4_kochanova/lab_4/src/main/scala/main.scala
2020.05.18 18:25:04 WARN  no build target for: /Users/x1Dman/Desktop/Study/6_sem/functionalProgramming/lab_4_kochanova/lab_4/src/main/scala/main.scala
2020.05.18 18:25:04 WARN  no build target for: /Users/x1Dman/Desktop/Study/6_sem/functionalProgramming/lab_4_kochanova/lab_4/src/main/scala/main.scala
2020.05.18 18:25:06 WARN  no build target for: /Users/x1Dman/Desktop/Study/6_sem/functionalProgramming/lab_4_kochanova/lab_4/src/main/scala/main.scala
2020.05.18 18:27:10 WARN  no build target for: /Users/x1Dman/Desktop/Study/6_sem/functionalProgramming/lab_4_kochanova/lab_4/src/main/scala/main.scala
something's wrong: no file:///Users/x1Dman/Desktop/Study/6_sem/functionalProgramming/lab_4_kochanova/lab_4/src/main/scala/main.scala in Or[Boolean]RangePosition(file:///Users/x1Dman/Desktop/Study/6_sem/functionalProgramming/lab_4_kochanova/lab_4/src/main/scala/main.scala, 1062, 1062, 1073)
2020.05.18 18:27:40 WARN  no build target for: /Users/x1Dman/Desktop/Study/6_sem/functionalProgramming/lab_4_kochanova/lab_4/src/main/scala/main.scala
2020.05.18 18:28:03 WARN  no build target for: /Users/x1Dman/Desktop/Study/6_sem/functionalProgramming/lab_4_kochanova/lab_4/src/main/scala/main.scala
2020.05.18 18:28:37 WARN  no build target for: /Users/x1Dman/Desktop/Study/6_sem/functionalProgramming/lab_4_kochanova/lab_4/src/main/scala/main.scala
2020.05.18 18:28:59 WARN  no build target for: /Users/x1Dman/Desktop/Study/6_sem/functionalProgramming/lab_4_kochanova/lab_4/src/main/scala/main.scala
2020.05.18 18:29:31 WARN  no build target for: /Users/x1Dman/Desktop/Study/6_sem/functionalProgramming/lab_4_kochanova/lab_4/src/main/scala/main.scala
2020.05.18 18:29:48 WARN  no build target for: /Users/x1Dman/Desktop/Study/6_sem/functionalProgramming/lab_4_kochanova/lab_4/src/main/scala/main.scala
2020.05.18 18:30:03 WARN  no build target for: /Users/x1Dman/Desktop/Study/6_sem/functionalProgramming/lab_4_kochanova/lab_4/src/main/scala/main.scala
2020.05.18 18:30:28 WARN  no build target for: /Users/x1Dman/Desktop/Study/6_sem/functionalProgramming/lab_4_kochanova/lab_4/src/main/scala/main.scala
2020.05.18 18:30:57 WARN  no build target for: /Users/x1Dman/Desktop/Study/6_sem/functionalProgramming/lab_4_kochanova/lab_4/src/main/scala/main.scala
2020.05.18 18:31:29 WARN  no build target for: /Users/x1Dman/Desktop/Study/6_sem/functionalProgramming/lab_4_kochanova/lab_4/src/main/scala/main.scala
2020.05.18 18:31:41 WARN  no build target for: /Users/x1Dman/Desktop/Study/6_sem/functionalProgramming/lab_4_kochanova/lab_4/src/main/scala/main.scala
2020.05.18 18:32:02 WARN  no build target for: /Users/x1Dman/Desktop/Study/6_sem/functionalProgramming/lab_4_kochanova/lab_4/src/main/scala/main.scala
2020.05.18 18:32:06 WARN  no build target for: /Users/x1Dman/Desktop/Study/6_sem/functionalProgramming/lab_4_kochanova/lab_4/src/main/scala/main.scala
2020.05.21 17:42:11 WARN  no build target for: /Users/x1Dman/Desktop/Study/6_sem/functionalProgramming/lab_4_kochanova/lab_4/src/main/scala/main.scala
2020.05.21 17:54:49 INFO  shutting down Metals
